<?xml version="1.0" encoding="UTF-8"?>
<robot generator="Robot 4.1 (Python 3.9.6 on win32)" generated="20210903 19:56:11.832" rpa="false" schemaversion="2">
<suite id="s1" name="Search Verify List Suggest" source="C:\Users\DCG\Documents\Smart\linhtt1_qa_automation\Tests\UI\Search\search_verify_list_suggest.robot">
<test id="s1-t1" name="Test case 2: Verify product suggestion">
<kw name="Open Browser To Page" library="Common_Keywords" type="SETUP">
<arg>${page_url}</arg>
<kw name="Evaluate" library="BuiltIn">
<var>${options}</var>
<arg>sys.modules['selenium.webdriver'].ChromeOptions()</arg>
<arg>sys</arg>
<doc>Evaluates the given expression in Python and returns the result.</doc>
<msg timestamp="20210903 19:56:13.661" level="INFO">${options} = &lt;selenium.webdriver.chrome.options.Options object at 0x0000021850500A00&gt;</msg>
<status status="PASS" starttime="20210903 19:56:13.661" endtime="20210903 19:56:13.661"/>
</kw>
<kw name="Create Dictionary" library="BuiltIn">
<var>${exclude}</var>
<arg>"fasp"=True</arg>
<doc>Creates and returns a dictionary based on the given ``items``.</doc>
<msg timestamp="20210903 19:56:13.661" level="INFO">${exclude} = {'"fasp"': 'True'}</msg>
<status status="PASS" starttime="20210903 19:56:13.661" endtime="20210903 19:56:13.661"/>
</kw>
<kw name="Create Dictionary" library="BuiltIn">
<var>${prefs}</var>
<arg>protocol_handler.excluded_schemes=${exclude}</arg>
<doc>Creates and returns a dictionary based on the given ``items``.</doc>
<msg timestamp="20210903 19:56:13.661" level="INFO">${prefs} = {'protocol_handler.excluded_schemes': {'"fasp"': 'True'}}</msg>
<status status="PASS" starttime="20210903 19:56:13.661" endtime="20210903 19:56:13.661"/>
</kw>
<kw name="Call Method" library="BuiltIn">
<arg>${options}</arg>
<arg>add_argument</arg>
<arg>--disable-infobars</arg>
<doc>Calls the named method of the given object with the provided arguments.</doc>
<status status="PASS" starttime="20210903 19:56:13.661" endtime="20210903 19:56:13.661"/>
</kw>
<kw name="Call Method" library="BuiltIn">
<arg>${options}</arg>
<arg>add_argument</arg>
<arg>--disable-notifications</arg>
<doc>Calls the named method of the given object with the provided arguments.</doc>
<status status="PASS" starttime="20210903 19:56:13.661" endtime="20210903 19:56:13.661"/>
</kw>
<kw name="Call Method" library="BuiltIn">
<arg>${options}</arg>
<arg>add_experimental_option</arg>
<arg>prefs</arg>
<arg>${prefs}</arg>
<doc>Calls the named method of the given object with the provided arguments.</doc>
<status status="PASS" starttime="20210903 19:56:13.661" endtime="20210903 19:56:13.661"/>
</kw>
<kw name="Create Webdriver" library="SeleniumLibrary">
<arg>Chrome</arg>
<arg>chrome_options=${options}</arg>
<doc>Creates an instance of Selenium WebDriver.</doc>
<msg timestamp="20210903 19:56:13.661" level="INFO">Creating an instance of the Chrome WebDriver.</msg>
<status status="PASS" starttime="20210903 19:56:13.661" endtime="20210903 19:56:15.366"/>
</kw>
<kw name="Maximize Browser Window" library="SeleniumLibrary">
<doc>Maximizes current browser window.</doc>
<status status="PASS" starttime="20210903 19:56:15.366" endtime="20210903 19:56:15.582"/>
</kw>
<kw name="Set Selenium Speed" library="SeleniumLibrary">
<arg>${speed}</arg>
<doc>Sets the delay that is waited after each Selenium command.</doc>
<status status="PASS" starttime="20210903 19:56:15.583" endtime="20210903 19:56:15.587"/>
</kw>
<kw name="Go To" library="SeleniumLibrary">
<arg>${url}</arg>
<doc>Navigates the current browser window to the provided ``url``.</doc>
<msg timestamp="20210903 19:56:15.590" level="INFO">Opening url 'https://www.officemate.co.th/en'</msg>
<status status="PASS" starttime="20210903 19:56:15.589" endtime="20210903 19:56:46.940"/>
</kw>
<status status="PASS" starttime="20210903 19:56:13.661" endtime="20210903 19:56:46.941"/>
</kw>
<kw name="Verify list suggestion">
<arg>Samsung</arg>
<kw name="Input value" library="Home">
<arg>${valueExisted}</arg>
<kw name="Close popup if it appeared" library="Home">
<kw name="Run Keyword And Ignore Error" library="BuiltIn">
<arg>SeleniumLibrary.Element Should Be Visible</arg>
<arg>${home.frame}</arg>
<doc>Runs the given keyword with the given arguments and ignores possible error.</doc>
<kw name="Element Should Be Visible" library="SeleniumLibrary">
<arg>${home.frame}</arg>
<doc>Verifies that the element identified by ``locator`` is visible.</doc>
<msg timestamp="20210903 19:56:47.281" level="INFO">Element 'xpath=//iframe[contains(@classname,'sp-fancybox-iframe')]' is displayed.</msg>
<status status="PASS" starttime="20210903 19:56:46.947" endtime="20210903 19:56:47.281"/>
</kw>
<status status="PASS" starttime="20210903 19:56:46.946" endtime="20210903 19:56:47.282"/>
</kw>
<kw name="Run Keyword And Ignore Error" library="BuiltIn">
<arg>SeleniumLibrary.Select Frame</arg>
<arg>${home.frame}</arg>
<doc>Runs the given keyword with the given arguments and ignores possible error.</doc>
<kw name="Select Frame" library="SeleniumLibrary">
<arg>${home.frame}</arg>
<doc>Sets frame identified by ``locator`` as the current frame.</doc>
<msg timestamp="20210903 19:56:47.290" level="INFO">Selecting frame 'xpath=//iframe[contains(@classname,'sp-fancybox-iframe')]'.</msg>
<status status="PASS" starttime="20210903 19:56:47.287" endtime="20210903 19:56:48.246"/>
</kw>
<status status="PASS" starttime="20210903 19:56:47.283" endtime="20210903 19:56:48.246"/>
</kw>
<kw name="Run Keyword And Ignore Error" library="BuiltIn">
<arg>Click Element</arg>
<arg>${home.x_button}</arg>
<doc>Runs the given keyword with the given arguments and ignores possible error.</doc>
<kw name="Click Element" library="Common_Keywords">
<arg>${home.x_button}</arg>
<kw name="Wait Until Element Is Visible" library="SeleniumLibrary">
<arg>${locator}</arg>
<arg>timeout=${timeout}</arg>
<doc>Waits until the element ``locator`` is visible.</doc>
<status status="PASS" starttime="20210903 19:56:48.252" endtime="20210903 19:56:48.779"/>
</kw>
<kw name="Click Element" library="SeleniumLibrary">
<arg>${locator}</arg>
<doc>Click the element identified by ``locator``.</doc>
<msg timestamp="20210903 19:56:48.780" level="INFO">Clicking element 'xpath=//i[@id='icon-close-button-1454703945249']'.</msg>
<status status="PASS" starttime="20210903 19:56:48.779" endtime="20210903 19:56:49.189"/>
</kw>
<status status="PASS" starttime="20210903 19:56:48.249" endtime="20210903 19:56:49.189"/>
</kw>
<status status="PASS" starttime="20210903 19:56:48.248" endtime="20210903 19:56:49.189"/>
</kw>
<kw name="Run Keyword And Ignore Error" library="BuiltIn">
<arg>SeleniumLibrary.Unselect Frame</arg>
<doc>Runs the given keyword with the given arguments and ignores possible error.</doc>
<kw name="Unselect Frame" library="SeleniumLibrary">
<doc>Sets the main frame as the current frame.</doc>
<status status="PASS" starttime="20210903 19:56:49.190" endtime="20210903 19:56:49.296"/>
</kw>
<status status="PASS" starttime="20210903 19:56:49.189" endtime="20210903 19:56:49.296"/>
</kw>
<status status="PASS" starttime="20210903 19:56:46.945" endtime="20210903 19:56:49.296"/>
</kw>
<kw name="Input data" library="Common_Keywords">
<arg>${home.search_textbox}</arg>
<arg>${value}</arg>
<kw name="Input Text" library="SeleniumLibrary">
<arg>${locator}</arg>
<arg>${value}</arg>
<doc>Types the given ``text`` into the text field identified by ``locator``.</doc>
<msg timestamp="20210903 19:56:49.297" level="INFO">Typing text 'Samsung' into text field 'xpath=//input[@data-testid='txt-SearchBar']'.</msg>
<status status="PASS" starttime="20210903 19:56:49.297" endtime="20210903 19:56:49.904"/>
</kw>
<status status="PASS" starttime="20210903 19:56:49.296" endtime="20210903 19:56:49.905"/>
</kw>
<status status="PASS" starttime="20210903 19:56:46.944" endtime="20210903 19:56:49.905"/>
</kw>
<kw name="Verify products suggestion" library="Home">
<arg>${valueExisted}</arg>
<kw name="Wait To Element Visible" library="Common_Keywords">
<arg>${home.suggestion_in_search}</arg>
<kw name="Wait Until Page Contains Element" library="SeleniumLibrary">
<arg>${locator}</arg>
<arg>timeout=${GLOBALTIMEOUT}</arg>
<doc>Waits until the element ``locator`` appears on the current page.</doc>
<status status="PASS" starttime="20210903 19:56:49.913" endtime="20210903 19:56:50.463"/>
</kw>
<kw name="Wait Until Element Is Visible" library="SeleniumLibrary">
<arg>${locator}</arg>
<arg>timeout=${GLOBALTIMEOUT}</arg>
<doc>Waits until the element ``locator`` is visible.</doc>
<status status="PASS" starttime="20210903 19:56:50.467" endtime="20210903 19:56:50.753"/>
</kw>
<status status="PASS" starttime="20210903 19:56:49.905" endtime="20210903 19:56:50.753"/>
</kw>
<kw name="Convert To Upper Case" library="String">
<var>${product_suggestion}</var>
<arg>${value}</arg>
<doc>Converts string to upper case.</doc>
<msg timestamp="20210903 19:56:50.754" level="INFO">${product_suggestion} = SAMSUNG</msg>
<status status="PASS" starttime="20210903 19:56:50.754" endtime="20210903 19:56:50.754"/>
</kw>
<kw name="Verify contains text in list" library="Common_Keywords">
<arg>${home.data_suggestion_product}</arg>
<arg>${product_suggestion}</arg>
<kw name="Get WebElements" library="SeleniumLibrary">
<var>${listElement}</var>
<arg>${element}</arg>
<doc>Returns a list of WebElement objects matching the ``locator``.</doc>
<msg timestamp="20210903 19:56:50.915" level="INFO">${listElement} = [&lt;selenium.webdriver.remote.webelement.WebElement (session="861b1ed3ef7e6ed5147c3e3f946b387e", element="66e53caf-6470-4ada-a225-a805d84c73a4")&gt;, &lt;selenium.webdriver.remote.webelement.WebElement (sessi...</msg>
<status status="PASS" starttime="20210903 19:56:50.754" endtime="20210903 19:56:50.915"/>
</kw>
<for flavor="IN">
<var>${item}</var>
<value>@{listElement}</value>
<iter>
<var name="${item}">&lt;selenium.webdriver.remote.webelement.WebElement (session="861b1ed3ef7e6ed5147c3e3f946b387e", element="66e53caf-6470-4ada-a225-a805d84c73a4")&gt;</var>
<kw name="Get Text" library="SeleniumLibrary">
<var>${text}</var>
<arg>${item}</arg>
<doc>Returns the text value of the element identified by ``locator``.</doc>
<msg timestamp="20210903 19:56:51.039" level="INFO">${text} = SAMSUNG SAMSUNG เครื่องดูดฝุ่นแบบถุง รุ่น VCC4180V36/XST</msg>
<status status="PASS" starttime="20210903 19:56:50.916" endtime="20210903 19:56:51.039"/>
</kw>
<kw name="Convert To Upper Case" library="String">
<var>${product_name}</var>
<arg>${text}</arg>
<doc>Converts string to upper case.</doc>
<msg timestamp="20210903 19:56:51.040" level="INFO">${product_name} = SAMSUNG SAMSUNG เครื่องดูดฝุ่นแบบถุง รุ่น VCC4180V36/XST</msg>
<status status="PASS" starttime="20210903 19:56:51.039" endtime="20210903 19:56:51.040"/>
</kw>
<kw name="Log To Console" library="BuiltIn">
<arg>${product_name}</arg>
<doc>Logs the given message to the console.</doc>
<status status="PASS" starttime="20210903 19:56:51.040" endtime="20210903 19:56:51.041"/>
</kw>
<kw name="Should Contain" library="BuiltIn">
<arg>${product_name}</arg>
<arg>${value}</arg>
<doc>Fails if ``container`` does not contain ``item`` one or more times.</doc>
<status status="PASS" starttime="20210903 19:56:51.041" endtime="20210903 19:56:51.042"/>
</kw>
<status status="PASS" starttime="20210903 19:56:50.916" endtime="20210903 19:56:51.042"/>
</iter>
<iter>
<var name="${item}">&lt;selenium.webdriver.remote.webelement.WebElement (session="861b1ed3ef7e6ed5147c3e3f946b387e", element="eaeb82d6-61da-4800-8ecc-17ef517aac16")&gt;</var>
<kw name="Get Text" library="SeleniumLibrary">
<var>${text}</var>
<arg>${item}</arg>
<doc>Returns the text value of the element identified by ``locator``.</doc>
<msg timestamp="20210903 19:56:51.169" level="INFO">${text} = Samsung T5 External SSD</msg>
<status status="PASS" starttime="20210903 19:56:51.042" endtime="20210903 19:56:51.169"/>
</kw>
<kw name="Convert To Upper Case" library="String">
<var>${product_name}</var>
<arg>${text}</arg>
<doc>Converts string to upper case.</doc>
<msg timestamp="20210903 19:56:51.169" level="INFO">${product_name} = SAMSUNG T5 EXTERNAL SSD</msg>
<status status="PASS" starttime="20210903 19:56:51.169" endtime="20210903 19:56:51.169"/>
</kw>
<kw name="Log To Console" library="BuiltIn">
<arg>${product_name}</arg>
<doc>Logs the given message to the console.</doc>
<status status="PASS" starttime="20210903 19:56:51.169" endtime="20210903 19:56:51.171"/>
</kw>
<kw name="Should Contain" library="BuiltIn">
<arg>${product_name}</arg>
<arg>${value}</arg>
<doc>Fails if ``container`` does not contain ``item`` one or more times.</doc>
<status status="PASS" starttime="20210903 19:56:51.171" endtime="20210903 19:56:51.172"/>
</kw>
<status status="PASS" starttime="20210903 19:56:51.042" endtime="20210903 19:56:51.172"/>
</iter>
<iter>
<var name="${item}">&lt;selenium.webdriver.remote.webelement.WebElement (session="861b1ed3ef7e6ed5147c3e3f946b387e", element="91aaaa31-3f25-43cd-b377-37e013e0c574")&gt;</var>
<kw name="Get Text" library="SeleniumLibrary">
<var>${text}</var>
<arg>${item}</arg>
<doc>Returns the text value of the element identified by ``locator``.</doc>
<msg timestamp="20210903 19:56:51.300" level="INFO">${text} = Samsung Micro SD Memory Card</msg>
<status status="PASS" starttime="20210903 19:56:51.172" endtime="20210903 19:56:51.300"/>
</kw>
<kw name="Convert To Upper Case" library="String">
<var>${product_name}</var>
<arg>${text}</arg>
<doc>Converts string to upper case.</doc>
<msg timestamp="20210903 19:56:51.300" level="INFO">${product_name} = SAMSUNG MICRO SD MEMORY CARD</msg>
<status status="PASS" starttime="20210903 19:56:51.300" endtime="20210903 19:56:51.300"/>
</kw>
<kw name="Log To Console" library="BuiltIn">
<arg>${product_name}</arg>
<doc>Logs the given message to the console.</doc>
<status status="PASS" starttime="20210903 19:56:51.300" endtime="20210903 19:56:51.302"/>
</kw>
<kw name="Should Contain" library="BuiltIn">
<arg>${product_name}</arg>
<arg>${value}</arg>
<doc>Fails if ``container`` does not contain ``item`` one or more times.</doc>
<status status="PASS" starttime="20210903 19:56:51.302" endtime="20210903 19:56:51.303"/>
</kw>
<status status="PASS" starttime="20210903 19:56:51.172" endtime="20210903 19:56:51.303"/>
</iter>
<iter>
<var name="${item}">&lt;selenium.webdriver.remote.webelement.WebElement (session="861b1ed3ef7e6ed5147c3e3f946b387e", element="c83f6cf7-7f84-4f48-9ef9-dbefda4b86c0")&gt;</var>
<kw name="Get Text" library="SeleniumLibrary">
<var>${text}</var>
<arg>${item}</arg>
<doc>Returns the text value of the element identified by ``locator``.</doc>
<msg timestamp="20210903 19:56:51.443" level="INFO">${text} = SAMSUNG Case for Samsung Galaxy Note 10 Plus SILICONE NOTE10 Silver</msg>
<status status="PASS" starttime="20210903 19:56:51.303" endtime="20210903 19:56:51.443"/>
</kw>
<kw name="Convert To Upper Case" library="String">
<var>${product_name}</var>
<arg>${text}</arg>
<doc>Converts string to upper case.</doc>
<msg timestamp="20210903 19:56:51.443" level="INFO">${product_name} = SAMSUNG CASE FOR SAMSUNG GALAXY NOTE 10 PLUS SILICONE NOTE10 SILVER</msg>
<status status="PASS" starttime="20210903 19:56:51.443" endtime="20210903 19:56:51.443"/>
</kw>
<kw name="Log To Console" library="BuiltIn">
<arg>${product_name}</arg>
<doc>Logs the given message to the console.</doc>
<status status="PASS" starttime="20210903 19:56:51.443" endtime="20210903 19:56:51.447"/>
</kw>
<kw name="Should Contain" library="BuiltIn">
<arg>${product_name}</arg>
<arg>${value}</arg>
<doc>Fails if ``container`` does not contain ``item`` one or more times.</doc>
<status status="PASS" starttime="20210903 19:56:51.449" endtime="20210903 19:56:51.451"/>
</kw>
<status status="PASS" starttime="20210903 19:56:51.303" endtime="20210903 19:56:51.452"/>
</iter>
<iter>
<var name="${item}">&lt;selenium.webdriver.remote.webelement.WebElement (session="861b1ed3ef7e6ed5147c3e3f946b387e", element="82ccb9fd-ce0d-49ad-b25d-6de597595b23")&gt;</var>
<kw name="Get Text" library="SeleniumLibrary">
<var>${text}</var>
<arg>${item}</arg>
<doc>Returns the text value of the element identified by ``locator``.</doc>
<msg timestamp="20210903 19:56:51.599" level="INFO">${text} = SAMSUNG Case for Samsung Galaxy Note 10 Plus LEATHER NOTE10+ Grey Color</msg>
<status status="PASS" starttime="20210903 19:56:51.452" endtime="20210903 19:56:51.599"/>
</kw>
<kw name="Convert To Upper Case" library="String">
<var>${product_name}</var>
<arg>${text}</arg>
<doc>Converts string to upper case.</doc>
<msg timestamp="20210903 19:56:51.600" level="INFO">${product_name} = SAMSUNG CASE FOR SAMSUNG GALAXY NOTE 10 PLUS LEATHER NOTE10+ GREY COLOR</msg>
<status status="PASS" starttime="20210903 19:56:51.600" endtime="20210903 19:56:51.600"/>
</kw>
<kw name="Log To Console" library="BuiltIn">
<arg>${product_name}</arg>
<doc>Logs the given message to the console.</doc>
<status status="PASS" starttime="20210903 19:56:51.600" endtime="20210903 19:56:51.603"/>
</kw>
<kw name="Should Contain" library="BuiltIn">
<arg>${product_name}</arg>
<arg>${value}</arg>
<doc>Fails if ``container`` does not contain ``item`` one or more times.</doc>
<status status="PASS" starttime="20210903 19:56:51.604" endtime="20210903 19:56:51.606"/>
</kw>
<status status="PASS" starttime="20210903 19:56:51.452" endtime="20210903 19:56:51.606"/>
</iter>
<iter>
<var name="${item}">&lt;selenium.webdriver.remote.webelement.WebElement (session="861b1ed3ef7e6ed5147c3e3f946b387e", element="dd0fa016-c86d-421d-9a4e-5ea09b69f0a6")&gt;</var>
<kw name="Get Text" library="SeleniumLibrary">
<var>${text}</var>
<arg>${item}</arg>
<doc>Returns the text value of the element identified by ``locator``.</doc>
<msg timestamp="20210903 19:56:51.764" level="INFO">${text} = Toner Cartride Black Compute Samsung CLT-K404</msg>
<status status="PASS" starttime="20210903 19:56:51.607" endtime="20210903 19:56:51.764"/>
</kw>
<kw name="Convert To Upper Case" library="String">
<var>${product_name}</var>
<arg>${text}</arg>
<doc>Converts string to upper case.</doc>
<msg timestamp="20210903 19:56:51.764" level="INFO">${product_name} = TONER CARTRIDE BLACK COMPUTE SAMSUNG CLT-K404</msg>
<status status="PASS" starttime="20210903 19:56:51.764" endtime="20210903 19:56:51.764"/>
</kw>
<kw name="Log To Console" library="BuiltIn">
<arg>${product_name}</arg>
<doc>Logs the given message to the console.</doc>
<status status="PASS" starttime="20210903 19:56:51.764" endtime="20210903 19:56:51.769"/>
</kw>
<kw name="Should Contain" library="BuiltIn">
<arg>${product_name}</arg>
<arg>${value}</arg>
<doc>Fails if ``container`` does not contain ``item`` one or more times.</doc>
<status status="PASS" starttime="20210903 19:56:51.769" endtime="20210903 19:56:51.771"/>
</kw>
<status status="PASS" starttime="20210903 19:56:51.607" endtime="20210903 19:56:51.771"/>
</iter>
<status status="PASS" starttime="20210903 19:56:50.915" endtime="20210903 19:56:51.772"/>
</for>
<status status="PASS" starttime="20210903 19:56:50.754" endtime="20210903 19:56:51.772"/>
</kw>
<status status="PASS" starttime="20210903 19:56:49.905" endtime="20210903 19:56:51.773"/>
</kw>
<status status="PASS" starttime="20210903 19:56:46.941" endtime="20210903 19:56:51.773"/>
</kw>
<kw name="Close Browser" library="SeleniumLibrary" type="TEARDOWN">
<doc>Closes the current browser.</doc>
<status status="PASS" starttime="20210903 19:56:51.776" endtime="20210903 19:56:54.043"/>
</kw>
<tag>search</tag>
<status status="PASS" starttime="20210903 19:56:13.656" endtime="20210903 19:56:54.044"/>
</test>
<test id="s1-t2" name="Test case 2: Verify product suggestion">
<kw name="Open Browser To Page" library="Common_Keywords" type="SETUP">
<arg>${page_url}</arg>
<kw name="Evaluate" library="BuiltIn">
<var>${options}</var>
<arg>sys.modules['selenium.webdriver'].ChromeOptions()</arg>
<arg>sys</arg>
<doc>Evaluates the given expression in Python and returns the result.</doc>
<msg timestamp="20210903 19:56:54.056" level="INFO">${options} = &lt;selenium.webdriver.chrome.options.Options object at 0x0000021850531CD0&gt;</msg>
<status status="PASS" starttime="20210903 19:56:54.056" endtime="20210903 19:56:54.056"/>
</kw>
<kw name="Create Dictionary" library="BuiltIn">
<var>${exclude}</var>
<arg>"fasp"=True</arg>
<doc>Creates and returns a dictionary based on the given ``items``.</doc>
<msg timestamp="20210903 19:56:54.065" level="INFO">${exclude} = {'"fasp"': 'True'}</msg>
<status status="PASS" starttime="20210903 19:56:54.056" endtime="20210903 19:56:54.065"/>
</kw>
<kw name="Create Dictionary" library="BuiltIn">
<var>${prefs}</var>
<arg>protocol_handler.excluded_schemes=${exclude}</arg>
<doc>Creates and returns a dictionary based on the given ``items``.</doc>
<msg timestamp="20210903 19:56:54.068" level="INFO">${prefs} = {'protocol_handler.excluded_schemes': {'"fasp"': 'True'}}</msg>
<status status="PASS" starttime="20210903 19:56:54.066" endtime="20210903 19:56:54.068"/>
</kw>
<kw name="Call Method" library="BuiltIn">
<arg>${options}</arg>
<arg>add_argument</arg>
<arg>--disable-infobars</arg>
<doc>Calls the named method of the given object with the provided arguments.</doc>
<status status="PASS" starttime="20210903 19:56:54.068" endtime="20210903 19:56:54.068"/>
</kw>
<kw name="Call Method" library="BuiltIn">
<arg>${options}</arg>
<arg>add_argument</arg>
<arg>--disable-notifications</arg>
<doc>Calls the named method of the given object with the provided arguments.</doc>
<status status="PASS" starttime="20210903 19:56:54.068" endtime="20210903 19:56:54.068"/>
</kw>
<kw name="Call Method" library="BuiltIn">
<arg>${options}</arg>
<arg>add_experimental_option</arg>
<arg>prefs</arg>
<arg>${prefs}</arg>
<doc>Calls the named method of the given object with the provided arguments.</doc>
<status status="PASS" starttime="20210903 19:56:54.068" endtime="20210903 19:56:54.068"/>
</kw>
<kw name="Create Webdriver" library="SeleniumLibrary">
<arg>Chrome</arg>
<arg>chrome_options=${options}</arg>
<doc>Creates an instance of Selenium WebDriver.</doc>
<msg timestamp="20210903 19:56:54.068" level="INFO">Creating an instance of the Chrome WebDriver.</msg>
<status status="PASS" starttime="20210903 19:56:54.068" endtime="20210903 19:56:55.953"/>
</kw>
<kw name="Maximize Browser Window" library="SeleniumLibrary">
<doc>Maximizes current browser window.</doc>
<status status="PASS" starttime="20210903 19:56:55.953" endtime="20210903 19:56:56.117"/>
</kw>
<kw name="Set Selenium Speed" library="SeleniumLibrary">
<arg>${speed}</arg>
<doc>Sets the delay that is waited after each Selenium command.</doc>
<status status="PASS" starttime="20210903 19:56:56.118" endtime="20210903 19:56:56.119"/>
</kw>
<kw name="Go To" library="SeleniumLibrary">
<arg>${url}</arg>
<doc>Navigates the current browser window to the provided ``url``.</doc>
<msg timestamp="20210903 19:56:56.122" level="INFO">Opening url 'https://www.officemate.co.th/en'</msg>
<status status="PASS" starttime="20210903 19:56:56.120" endtime="20210903 19:57:33.091"/>
</kw>
<status status="PASS" starttime="20210903 19:56:54.056" endtime="20210903 19:57:33.092"/>
</kw>
<kw name="Verify list suggestion">
<arg>โทรทัศน์</arg>
<kw name="Input value" library="Home">
<arg>${valueExisted}</arg>
<kw name="Close popup if it appeared" library="Home">
<kw name="Run Keyword And Ignore Error" library="BuiltIn">
<arg>SeleniumLibrary.Element Should Be Visible</arg>
<arg>${home.frame}</arg>
<doc>Runs the given keyword with the given arguments and ignores possible error.</doc>
<kw name="Element Should Be Visible" library="SeleniumLibrary">
<arg>${home.frame}</arg>
<doc>Verifies that the element identified by ``locator`` is visible.</doc>
<msg timestamp="20210903 19:57:33.439" level="INFO">Element 'xpath=//iframe[contains(@classname,'sp-fancybox-iframe')]' is displayed.</msg>
<status status="PASS" starttime="20210903 19:57:33.097" endtime="20210903 19:57:33.439"/>
</kw>
<status status="PASS" starttime="20210903 19:57:33.097" endtime="20210903 19:57:33.439"/>
</kw>
<kw name="Run Keyword And Ignore Error" library="BuiltIn">
<arg>SeleniumLibrary.Select Frame</arg>
<arg>${home.frame}</arg>
<doc>Runs the given keyword with the given arguments and ignores possible error.</doc>
<kw name="Select Frame" library="SeleniumLibrary">
<arg>${home.frame}</arg>
<doc>Sets frame identified by ``locator`` as the current frame.</doc>
<msg timestamp="20210903 19:57:33.441" level="INFO">Selecting frame 'xpath=//iframe[contains(@classname,'sp-fancybox-iframe')]'.</msg>
<status status="PASS" starttime="20210903 19:57:33.440" endtime="20210903 19:57:33.856"/>
</kw>
<status status="PASS" starttime="20210903 19:57:33.439" endtime="20210903 19:57:33.856"/>
</kw>
<kw name="Run Keyword And Ignore Error" library="BuiltIn">
<arg>Click Element</arg>
<arg>${home.x_button}</arg>
<doc>Runs the given keyword with the given arguments and ignores possible error.</doc>
<kw name="Click Element" library="Common_Keywords">
<arg>${home.x_button}</arg>
<kw name="Wait Until Element Is Visible" library="SeleniumLibrary">
<arg>${locator}</arg>
<arg>timeout=${timeout}</arg>
<doc>Waits until the element ``locator`` is visible.</doc>
<status status="PASS" starttime="20210903 19:57:33.856" endtime="20210903 19:57:34.132"/>
</kw>
<kw name="Click Element" library="SeleniumLibrary">
<arg>${locator}</arg>
<doc>Click the element identified by ``locator``.</doc>
<msg timestamp="20210903 19:57:34.134" level="INFO">Clicking element 'xpath=//i[@id='icon-close-button-1454703945249']'.</msg>
<status status="PASS" starttime="20210903 19:57:34.133" endtime="20210903 19:57:34.544"/>
</kw>
<status status="PASS" starttime="20210903 19:57:33.856" endtime="20210903 19:57:34.544"/>
</kw>
<status status="PASS" starttime="20210903 19:57:33.856" endtime="20210903 19:57:34.545"/>
</kw>
<kw name="Run Keyword And Ignore Error" library="BuiltIn">
<arg>SeleniumLibrary.Unselect Frame</arg>
<doc>Runs the given keyword with the given arguments and ignores possible error.</doc>
<kw name="Unselect Frame" library="SeleniumLibrary">
<doc>Sets the main frame as the current frame.</doc>
<status status="PASS" starttime="20210903 19:57:34.546" endtime="20210903 19:57:34.658"/>
</kw>
<status status="PASS" starttime="20210903 19:57:34.546" endtime="20210903 19:57:34.658"/>
</kw>
<status status="PASS" starttime="20210903 19:57:33.097" endtime="20210903 19:57:34.658"/>
</kw>
<kw name="Input data" library="Common_Keywords">
<arg>${home.search_textbox}</arg>
<arg>${value}</arg>
<kw name="Input Text" library="SeleniumLibrary">
<arg>${locator}</arg>
<arg>${value}</arg>
<doc>Types the given ``text`` into the text field identified by ``locator``.</doc>
<msg timestamp="20210903 19:57:34.664" level="INFO">Typing text 'โทรทัศน์' into text field 'xpath=//input[@data-testid='txt-SearchBar']'.</msg>
<status status="PASS" starttime="20210903 19:57:34.663" endtime="20210903 19:57:35.523"/>
</kw>
<status status="PASS" starttime="20210903 19:57:34.658" endtime="20210903 19:57:35.524"/>
</kw>
<status status="PASS" starttime="20210903 19:57:33.092" endtime="20210903 19:57:35.525"/>
</kw>
<kw name="Verify products suggestion" library="Home">
<arg>${valueExisted}</arg>
<kw name="Wait To Element Visible" library="Common_Keywords">
<arg>${home.suggestion_in_search}</arg>
<kw name="Wait Until Page Contains Element" library="SeleniumLibrary">
<arg>${locator}</arg>
<arg>timeout=${GLOBALTIMEOUT}</arg>
<doc>Waits until the element ``locator`` appears on the current page.</doc>
<status status="PASS" starttime="20210903 19:57:35.525" endtime="20210903 19:57:36.109"/>
</kw>
<kw name="Wait Until Element Is Visible" library="SeleniumLibrary">
<arg>${locator}</arg>
<arg>timeout=${GLOBALTIMEOUT}</arg>
<doc>Waits until the element ``locator`` is visible.</doc>
<status status="PASS" starttime="20210903 19:57:36.109" endtime="20210903 19:57:36.460"/>
</kw>
<status status="PASS" starttime="20210903 19:57:35.525" endtime="20210903 19:57:36.460"/>
</kw>
<kw name="Convert To Upper Case" library="String">
<var>${product_suggestion}</var>
<arg>${value}</arg>
<doc>Converts string to upper case.</doc>
<msg timestamp="20210903 19:57:36.460" level="INFO">${product_suggestion} = โทรทัศน์</msg>
<status status="PASS" starttime="20210903 19:57:36.460" endtime="20210903 19:57:36.460"/>
</kw>
<kw name="Verify contains text in list" library="Common_Keywords">
<arg>${home.data_suggestion_product}</arg>
<arg>${product_suggestion}</arg>
<kw name="Get WebElements" library="SeleniumLibrary">
<var>${listElement}</var>
<arg>${element}</arg>
<doc>Returns a list of WebElement objects matching the ``locator``.</doc>
<msg timestamp="20210903 19:57:36.633" level="INFO">${listElement} = [&lt;selenium.webdriver.remote.webelement.WebElement (session="eb47dfc9f433adde4a7edb96af6e4d09", element="42667c53-3989-4389-a9cc-30019ae6a6d5")&gt;, &lt;selenium.webdriver.remote.webelement.WebElement (sessi...</msg>
<status status="PASS" starttime="20210903 19:57:36.467" endtime="20210903 19:57:36.634"/>
</kw>
<for flavor="IN">
<var>${item}</var>
<value>@{listElement}</value>
<iter>
<var name="${item}">&lt;selenium.webdriver.remote.webelement.WebElement (session="eb47dfc9f433adde4a7edb96af6e4d09", element="42667c53-3989-4389-a9cc-30019ae6a6d5")&gt;</var>
<kw name="Get Text" library="SeleniumLibrary">
<var>${text}</var>
<arg>${item}</arg>
<doc>Returns the text value of the element identified by ``locator``.</doc>
<msg timestamp="20210903 19:57:36.785" level="INFO">${text} = โจ้โจ้ติดโทรทัศน์ นิทานชุด กว่าหนูจะโตเป็นคนดี</msg>
<status status="PASS" starttime="20210903 19:57:36.635" endtime="20210903 19:57:36.785"/>
</kw>
<kw name="Convert To Upper Case" library="String">
<var>${product_name}</var>
<arg>${text}</arg>
<doc>Converts string to upper case.</doc>
<msg timestamp="20210903 19:57:36.786" level="INFO">${product_name} = โจ้โจ้ติดโทรทัศน์ นิทานชุด กว่าหนูจะโตเป็นคนดี</msg>
<status status="PASS" starttime="20210903 19:57:36.786" endtime="20210903 19:57:36.786"/>
</kw>
<kw name="Log To Console" library="BuiltIn">
<arg>${product_name}</arg>
<doc>Logs the given message to the console.</doc>
<status status="PASS" starttime="20210903 19:57:36.786" endtime="20210903 19:57:36.789"/>
</kw>
<kw name="Should Contain" library="BuiltIn">
<arg>${product_name}</arg>
<arg>${value}</arg>
<doc>Fails if ``container`` does not contain ``item`` one or more times.</doc>
<status status="PASS" starttime="20210903 19:57:36.791" endtime="20210903 19:57:36.793"/>
</kw>
<status status="PASS" starttime="20210903 19:57:36.635" endtime="20210903 19:57:36.793"/>
</iter>
<iter>
<var name="${item}">&lt;selenium.webdriver.remote.webelement.WebElement (session="eb47dfc9f433adde4a7edb96af6e4d09", element="3b3d093c-0755-4afb-92de-40d6f8519a49")&gt;</var>
<kw name="Get Text" library="SeleniumLibrary">
<var>${text}</var>
<arg>${item}</arg>
<doc>Returns the text value of the element identified by ``locator``.</doc>
<msg timestamp="20210903 19:57:36.936" level="INFO">${text} = BTICINO TV Socket BTICINO SM9152D White</msg>
<status status="PASS" starttime="20210903 19:57:36.794" endtime="20210903 19:57:36.937"/>
</kw>
<kw name="Convert To Upper Case" library="String">
<var>${product_name}</var>
<arg>${text}</arg>
<doc>Converts string to upper case.</doc>
<msg timestamp="20210903 19:57:36.938" level="INFO">${product_name} = BTICINO TV SOCKET BTICINO SM9152D WHITE</msg>
<status status="PASS" starttime="20210903 19:57:36.937" endtime="20210903 19:57:36.938"/>
</kw>
<kw name="Log To Console" library="BuiltIn">
<arg>${product_name}</arg>
<doc>Logs the given message to the console.</doc>
<status status="PASS" starttime="20210903 19:57:36.938" endtime="20210903 19:57:36.938"/>
</kw>
<kw name="Should Contain" library="BuiltIn">
<arg>${product_name}</arg>
<arg>${value}</arg>
<doc>Fails if ``container`` does not contain ``item`` one or more times.</doc>
<msg timestamp="20210903 19:57:36.946" level="FAIL">'BTICINO TV SOCKET BTICINO SM9152D WHITE' does not contain 'โทรทัศน์'</msg>
<status status="FAIL" starttime="20210903 19:57:36.938" endtime="20210903 19:57:36.950"/>
</kw>
<status status="FAIL" starttime="20210903 19:57:36.793" endtime="20210903 19:57:36.953"/>
</iter>
<status status="FAIL" starttime="20210903 19:57:36.634" endtime="20210903 19:57:36.957"/>
</for>
<status status="FAIL" starttime="20210903 19:57:36.460" endtime="20210903 19:57:36.958"/>
</kw>
<status status="FAIL" starttime="20210903 19:57:35.525" endtime="20210903 19:57:36.958"/>
</kw>
<status status="FAIL" starttime="20210903 19:57:33.092" endtime="20210903 19:57:36.968"/>
</kw>
<kw name="Close Browser" library="SeleniumLibrary" type="TEARDOWN">
<doc>Closes the current browser.</doc>
<status status="PASS" starttime="20210903 19:57:36.970" endtime="20210903 19:57:39.672"/>
</kw>
<tag>search</tag>
<status status="FAIL" starttime="20210903 19:56:54.053" endtime="20210903 19:57:39.674">'BTICINO TV SOCKET BTICINO SM9152D WHITE' does not contain 'โทรทัศน์'</status>
</test>
<test id="s1-t3" name="Test case 2: Verify product suggestion">
<kw name="Open Browser To Page" library="Common_Keywords" type="SETUP">
<arg>${page_url}</arg>
<kw name="Evaluate" library="BuiltIn">
<var>${options}</var>
<arg>sys.modules['selenium.webdriver'].ChromeOptions()</arg>
<arg>sys</arg>
<doc>Evaluates the given expression in Python and returns the result.</doc>
<msg timestamp="20210903 19:57:39.695" level="INFO">${options} = &lt;selenium.webdriver.chrome.options.Options object at 0x0000021859171FD0&gt;</msg>
<status status="PASS" starttime="20210903 19:57:39.695" endtime="20210903 19:57:39.699"/>
</kw>
<kw name="Create Dictionary" library="BuiltIn">
<var>${exclude}</var>
<arg>"fasp"=True</arg>
<doc>Creates and returns a dictionary based on the given ``items``.</doc>
<msg timestamp="20210903 19:57:39.703" level="INFO">${exclude} = {'"fasp"': 'True'}</msg>
<status status="PASS" starttime="20210903 19:57:39.699" endtime="20210903 19:57:39.703"/>
</kw>
<kw name="Create Dictionary" library="BuiltIn">
<var>${prefs}</var>
<arg>protocol_handler.excluded_schemes=${exclude}</arg>
<doc>Creates and returns a dictionary based on the given ``items``.</doc>
<msg timestamp="20210903 19:57:39.706" level="INFO">${prefs} = {'protocol_handler.excluded_schemes': {'"fasp"': 'True'}}</msg>
<status status="PASS" starttime="20210903 19:57:39.704" endtime="20210903 19:57:39.706"/>
</kw>
<kw name="Call Method" library="BuiltIn">
<arg>${options}</arg>
<arg>add_argument</arg>
<arg>--disable-infobars</arg>
<doc>Calls the named method of the given object with the provided arguments.</doc>
<status status="PASS" starttime="20210903 19:57:39.706" endtime="20210903 19:57:39.706"/>
</kw>
<kw name="Call Method" library="BuiltIn">
<arg>${options}</arg>
<arg>add_argument</arg>
<arg>--disable-notifications</arg>
<doc>Calls the named method of the given object with the provided arguments.</doc>
<status status="PASS" starttime="20210903 19:57:39.706" endtime="20210903 19:57:39.706"/>
</kw>
<kw name="Call Method" library="BuiltIn">
<arg>${options}</arg>
<arg>add_experimental_option</arg>
<arg>prefs</arg>
<arg>${prefs}</arg>
<doc>Calls the named method of the given object with the provided arguments.</doc>
<status status="PASS" starttime="20210903 19:57:39.706" endtime="20210903 19:57:39.706"/>
</kw>
<kw name="Create Webdriver" library="SeleniumLibrary">
<arg>Chrome</arg>
<arg>chrome_options=${options}</arg>
<doc>Creates an instance of Selenium WebDriver.</doc>
<msg timestamp="20210903 19:57:39.706" level="INFO">Creating an instance of the Chrome WebDriver.</msg>
<status status="PASS" starttime="20210903 19:57:39.706" endtime="20210903 19:57:41.130"/>
</kw>
<kw name="Maximize Browser Window" library="SeleniumLibrary">
<doc>Maximizes current browser window.</doc>
<status status="PASS" starttime="20210903 19:57:41.130" endtime="20210903 19:57:41.274"/>
</kw>
<kw name="Set Selenium Speed" library="SeleniumLibrary">
<arg>${speed}</arg>
<doc>Sets the delay that is waited after each Selenium command.</doc>
<status status="PASS" starttime="20210903 19:57:41.275" endtime="20210903 19:57:41.276"/>
</kw>
<kw name="Go To" library="SeleniumLibrary">
<arg>${url}</arg>
<doc>Navigates the current browser window to the provided ``url``.</doc>
<msg timestamp="20210903 19:57:41.277" level="INFO">Opening url 'https://www.officemate.co.th/en'</msg>
<status status="PASS" starttime="20210903 19:57:41.276" endtime="20210903 19:58:21.613"/>
</kw>
<status status="PASS" starttime="20210903 19:57:39.687" endtime="20210903 19:58:21.613"/>
</kw>
<kw name="Verify list suggestion">
<arg>LG</arg>
<kw name="Input value" library="Home">
<arg>${valueExisted}</arg>
<kw name="Close popup if it appeared" library="Home">
<kw name="Run Keyword And Ignore Error" library="BuiltIn">
<arg>SeleniumLibrary.Element Should Be Visible</arg>
<arg>${home.frame}</arg>
<doc>Runs the given keyword with the given arguments and ignores possible error.</doc>
<kw name="Element Should Be Visible" library="SeleniumLibrary">
<arg>${home.frame}</arg>
<doc>Verifies that the element identified by ``locator`` is visible.</doc>
<msg timestamp="20210903 19:58:22.038" level="INFO">Element 'xpath=//iframe[contains(@classname,'sp-fancybox-iframe')]' is displayed.</msg>
<status status="PASS" starttime="20210903 19:58:21.618" endtime="20210903 19:58:22.038"/>
</kw>
<status status="PASS" starttime="20210903 19:58:21.618" endtime="20210903 19:58:22.038"/>
</kw>
<kw name="Run Keyword And Ignore Error" library="BuiltIn">
<arg>SeleniumLibrary.Select Frame</arg>
<arg>${home.frame}</arg>
<doc>Runs the given keyword with the given arguments and ignores possible error.</doc>
<kw name="Select Frame" library="SeleniumLibrary">
<arg>${home.frame}</arg>
<doc>Sets frame identified by ``locator`` as the current frame.</doc>
<msg timestamp="20210903 19:58:22.051" level="INFO">Selecting frame 'xpath=//iframe[contains(@classname,'sp-fancybox-iframe')]'.</msg>
<status status="PASS" starttime="20210903 19:58:22.044" endtime="20210903 19:58:22.583"/>
</kw>
<status status="PASS" starttime="20210903 19:58:22.038" endtime="20210903 19:58:22.583"/>
</kw>
<kw name="Run Keyword And Ignore Error" library="BuiltIn">
<arg>Click Element</arg>
<arg>${home.x_button}</arg>
<doc>Runs the given keyword with the given arguments and ignores possible error.</doc>
<kw name="Click Element" library="Common_Keywords">
<arg>${home.x_button}</arg>
<kw name="Wait Until Element Is Visible" library="SeleniumLibrary">
<arg>${locator}</arg>
<arg>timeout=${timeout}</arg>
<doc>Waits until the element ``locator`` is visible.</doc>
<status status="PASS" starttime="20210903 19:58:22.587" endtime="20210903 19:58:22.892"/>
</kw>
<kw name="Click Element" library="SeleniumLibrary">
<arg>${locator}</arg>
<doc>Click the element identified by ``locator``.</doc>
<msg timestamp="20210903 19:58:22.893" level="INFO">Clicking element 'xpath=//i[@id='icon-close-button-1454703945249']'.</msg>
<status status="PASS" starttime="20210903 19:58:22.893" endtime="20210903 19:58:23.375"/>
</kw>
<status status="PASS" starttime="20210903 19:58:22.583" endtime="20210903 19:58:23.375"/>
</kw>
<status status="PASS" starttime="20210903 19:58:22.583" endtime="20210903 19:58:23.376"/>
</kw>
<kw name="Run Keyword And Ignore Error" library="BuiltIn">
<arg>SeleniumLibrary.Unselect Frame</arg>
<doc>Runs the given keyword with the given arguments and ignores possible error.</doc>
<kw name="Unselect Frame" library="SeleniumLibrary">
<doc>Sets the main frame as the current frame.</doc>
<status status="PASS" starttime="20210903 19:58:23.377" endtime="20210903 19:58:23.570"/>
</kw>
<status status="PASS" starttime="20210903 19:58:23.376" endtime="20210903 19:58:23.570"/>
</kw>
<status status="PASS" starttime="20210903 19:58:21.617" endtime="20210903 19:58:23.570"/>
</kw>
<kw name="Input data" library="Common_Keywords">
<arg>${home.search_textbox}</arg>
<arg>${value}</arg>
<kw name="Input Text" library="SeleniumLibrary">
<arg>${locator}</arg>
<arg>${value}</arg>
<doc>Types the given ``text`` into the text field identified by ``locator``.</doc>
<msg timestamp="20210903 19:58:23.575" level="INFO">Typing text 'LG' into text field 'xpath=//input[@data-testid='txt-SearchBar']'.</msg>
<status status="PASS" starttime="20210903 19:58:23.575" endtime="20210903 19:58:24.231"/>
</kw>
<status status="PASS" starttime="20210903 19:58:23.573" endtime="20210903 19:58:24.232"/>
</kw>
<status status="PASS" starttime="20210903 19:58:21.616" endtime="20210903 19:58:24.232"/>
</kw>
<kw name="Verify products suggestion" library="Home">
<arg>${valueExisted}</arg>
<kw name="Wait To Element Visible" library="Common_Keywords">
<arg>${home.suggestion_in_search}</arg>
<kw name="Wait Until Page Contains Element" library="SeleniumLibrary">
<arg>${locator}</arg>
<arg>timeout=${GLOBALTIMEOUT}</arg>
<doc>Waits until the element ``locator`` appears on the current page.</doc>
<status status="PASS" starttime="20210903 19:58:24.246" endtime="20210903 19:58:24.791"/>
</kw>
<kw name="Wait Until Element Is Visible" library="SeleniumLibrary">
<arg>${locator}</arg>
<arg>timeout=${GLOBALTIMEOUT}</arg>
<doc>Waits until the element ``locator`` is visible.</doc>
<status status="PASS" starttime="20210903 19:58:24.792" endtime="20210903 19:58:25.208"/>
</kw>
<status status="PASS" starttime="20210903 19:58:24.237" endtime="20210903 19:58:25.208"/>
</kw>
<kw name="Convert To Upper Case" library="String">
<var>${product_suggestion}</var>
<arg>${value}</arg>
<doc>Converts string to upper case.</doc>
<msg timestamp="20210903 19:58:25.208" level="INFO">${product_suggestion} = LG</msg>
<status status="PASS" starttime="20210903 19:58:25.208" endtime="20210903 19:58:25.208"/>
</kw>
<kw name="Verify contains text in list" library="Common_Keywords">
<arg>${home.data_suggestion_product}</arg>
<arg>${product_suggestion}</arg>
<kw name="Get WebElements" library="SeleniumLibrary">
<var>${listElement}</var>
<arg>${element}</arg>
<doc>Returns a list of WebElement objects matching the ``locator``.</doc>
<msg timestamp="20210903 19:58:25.410" level="INFO">${listElement} = [&lt;selenium.webdriver.remote.webelement.WebElement (session="9b10d2f897b32556e00bcf3159163050", element="503b9ec9-39ab-4169-b4c2-9b7ea6a858dc")&gt;, &lt;selenium.webdriver.remote.webelement.WebElement (sessi...</msg>
<status status="PASS" starttime="20210903 19:58:25.216" endtime="20210903 19:58:25.410"/>
</kw>
<for flavor="IN">
<var>${item}</var>
<value>@{listElement}</value>
<iter>
<var name="${item}">&lt;selenium.webdriver.remote.webelement.WebElement (session="9b10d2f897b32556e00bcf3159163050", element="503b9ec9-39ab-4169-b4c2-9b7ea6a858dc")&gt;</var>
<kw name="Get Text" library="SeleniumLibrary">
<var>${text}</var>
<arg>${item}</arg>
<doc>Returns the text value of the element identified by ``locator``.</doc>
<msg timestamp="20210903 19:58:25.577" level="INFO">${text} = Anitech- LG04 Alcohol Gel</msg>
<status status="PASS" starttime="20210903 19:58:25.410" endtime="20210903 19:58:25.577"/>
</kw>
<kw name="Convert To Upper Case" library="String">
<var>${product_name}</var>
<arg>${text}</arg>
<doc>Converts string to upper case.</doc>
<msg timestamp="20210903 19:58:25.577" level="INFO">${product_name} = ANITECH- LG04 ALCOHOL GEL</msg>
<status status="PASS" starttime="20210903 19:58:25.577" endtime="20210903 19:58:25.577"/>
</kw>
<kw name="Log To Console" library="BuiltIn">
<arg>${product_name}</arg>
<doc>Logs the given message to the console.</doc>
<status status="PASS" starttime="20210903 19:58:25.577" endtime="20210903 19:58:25.581"/>
</kw>
<kw name="Should Contain" library="BuiltIn">
<arg>${product_name}</arg>
<arg>${value}</arg>
<doc>Fails if ``container`` does not contain ``item`` one or more times.</doc>
<status status="PASS" starttime="20210903 19:58:25.581" endtime="20210903 19:58:25.583"/>
</kw>
<status status="PASS" starttime="20210903 19:58:25.410" endtime="20210903 19:58:25.583"/>
</iter>
<iter>
<var name="${item}">&lt;selenium.webdriver.remote.webelement.WebElement (session="9b10d2f897b32556e00bcf3159163050", element="d22a4b3b-df79-4200-9b60-ae580d12c032")&gt;</var>
<kw name="Get Text" library="SeleniumLibrary">
<var>${text}</var>
<arg>${item}</arg>
<doc>Returns the text value of the element identified by ``locator``.</doc>
<msg timestamp="20210903 19:58:25.758" level="INFO">${text} = Anitech LG04 Alcohol Gel</msg>
<status status="PASS" starttime="20210903 19:58:25.583" endtime="20210903 19:58:25.758"/>
</kw>
<kw name="Convert To Upper Case" library="String">
<var>${product_name}</var>
<arg>${text}</arg>
<doc>Converts string to upper case.</doc>
<msg timestamp="20210903 19:58:25.759" level="INFO">${product_name} = ANITECH LG04 ALCOHOL GEL</msg>
<status status="PASS" starttime="20210903 19:58:25.758" endtime="20210903 19:58:25.759"/>
</kw>
<kw name="Log To Console" library="BuiltIn">
<arg>${product_name}</arg>
<doc>Logs the given message to the console.</doc>
<status status="PASS" starttime="20210903 19:58:25.759" endtime="20210903 19:58:25.763"/>
</kw>
<kw name="Should Contain" library="BuiltIn">
<arg>${product_name}</arg>
<arg>${value}</arg>
<doc>Fails if ``container`` does not contain ``item`` one or more times.</doc>
<status status="PASS" starttime="20210903 19:58:25.763" endtime="20210903 19:58:25.765"/>
</kw>
<status status="PASS" starttime="20210903 19:58:25.583" endtime="20210903 19:58:25.766"/>
</iter>
<iter>
<var name="${item}">&lt;selenium.webdriver.remote.webelement.WebElement (session="9b10d2f897b32556e00bcf3159163050", element="54a9ce61-b26a-4066-9e64-b7e96340d055")&gt;</var>
<kw name="Get Text" library="SeleniumLibrary">
<var>${text}</var>
<arg>${item}</arg>
<doc>Returns the text value of the element identified by ``locator``.</doc>
<msg timestamp="20210903 19:58:25.934" level="INFO">${text} = LG Air Purifier AAFTDT101.ASTD</msg>
<status status="PASS" starttime="20210903 19:58:25.767" endtime="20210903 19:58:25.934"/>
</kw>
<kw name="Convert To Upper Case" library="String">
<var>${product_name}</var>
<arg>${text}</arg>
<doc>Converts string to upper case.</doc>
<msg timestamp="20210903 19:58:25.935" level="INFO">${product_name} = LG AIR PURIFIER AAFTDT101.ASTD</msg>
<status status="PASS" starttime="20210903 19:58:25.935" endtime="20210903 19:58:25.935"/>
</kw>
<kw name="Log To Console" library="BuiltIn">
<arg>${product_name}</arg>
<doc>Logs the given message to the console.</doc>
<status status="PASS" starttime="20210903 19:58:25.935" endtime="20210903 19:58:25.941"/>
</kw>
<kw name="Should Contain" library="BuiltIn">
<arg>${product_name}</arg>
<arg>${value}</arg>
<doc>Fails if ``container`` does not contain ``item`` one or more times.</doc>
<status status="PASS" starttime="20210903 19:58:25.943" endtime="20210903 19:58:25.945"/>
</kw>
<status status="PASS" starttime="20210903 19:58:25.766" endtime="20210903 19:58:25.946"/>
</iter>
<iter>
<var name="${item}">&lt;selenium.webdriver.remote.webelement.WebElement (session="9b10d2f897b32556e00bcf3159163050", element="ecf4e344-812a-4322-b005-1b8d14e19407")&gt;</var>
<kw name="Get Text" library="SeleniumLibrary">
<var>${text}</var>
<arg>${item}</arg>
<doc>Returns the text value of the element identified by ``locator``.</doc>
<msg timestamp="20210903 19:58:26.103" level="INFO">${text} = LG Sound Bar SN6Y.DTHALLK</msg>
<status status="PASS" starttime="20210903 19:58:25.946" endtime="20210903 19:58:26.103"/>
</kw>
<kw name="Convert To Upper Case" library="String">
<var>${product_name}</var>
<arg>${text}</arg>
<doc>Converts string to upper case.</doc>
<msg timestamp="20210903 19:58:26.107" level="INFO">${product_name} = LG SOUND BAR SN6Y.DTHALLK</msg>
<status status="PASS" starttime="20210903 19:58:26.103" endtime="20210903 19:58:26.107"/>
</kw>
<kw name="Log To Console" library="BuiltIn">
<arg>${product_name}</arg>
<doc>Logs the given message to the console.</doc>
<status status="PASS" starttime="20210903 19:58:26.109" endtime="20210903 19:58:26.112"/>
</kw>
<kw name="Should Contain" library="BuiltIn">
<arg>${product_name}</arg>
<arg>${value}</arg>
<doc>Fails if ``container`` does not contain ``item`` one or more times.</doc>
<status status="PASS" starttime="20210903 19:58:26.114" endtime="20210903 19:58:26.115"/>
</kw>
<status status="PASS" starttime="20210903 19:58:25.946" endtime="20210903 19:58:26.115"/>
</iter>
<iter>
<var name="${item}">&lt;selenium.webdriver.remote.webelement.WebElement (session="9b10d2f897b32556e00bcf3159163050", element="7254c76a-7a07-4e85-add8-975a88f5d55e")&gt;</var>
<kw name="Get Text" library="SeleniumLibrary">
<var>${text}</var>
<arg>${item}</arg>
<doc>Returns the text value of the element identified by ``locator``.</doc>
<msg timestamp="20210903 19:58:26.310" level="INFO">${text} = LG PA Speaker ON7.DTHALLK</msg>
<status status="PASS" starttime="20210903 19:58:26.115" endtime="20210903 19:58:26.310"/>
</kw>
<kw name="Convert To Upper Case" library="String">
<var>${product_name}</var>
<arg>${text}</arg>
<doc>Converts string to upper case.</doc>
<msg timestamp="20210903 19:58:26.310" level="INFO">${product_name} = LG PA SPEAKER ON7.DTHALLK</msg>
<status status="PASS" starttime="20210903 19:58:26.310" endtime="20210903 19:58:26.310"/>
</kw>
<kw name="Log To Console" library="BuiltIn">
<arg>${product_name}</arg>
<doc>Logs the given message to the console.</doc>
<status status="PASS" starttime="20210903 19:58:26.310" endtime="20210903 19:58:26.317"/>
</kw>
<kw name="Should Contain" library="BuiltIn">
<arg>${product_name}</arg>
<arg>${value}</arg>
<doc>Fails if ``container`` does not contain ``item`` one or more times.</doc>
<status status="PASS" starttime="20210903 19:58:26.318" endtime="20210903 19:58:26.321"/>
</kw>
<status status="PASS" starttime="20210903 19:58:26.115" endtime="20210903 19:58:26.321"/>
</iter>
<iter>
<var name="${item}">&lt;selenium.webdriver.remote.webelement.WebElement (session="9b10d2f897b32556e00bcf3159163050", element="b9ab7207-f129-47b5-b185-e88e268dc3e0")&gt;</var>
<kw name="Get Text" library="SeleniumLibrary">
<var>${text}</var>
<arg>${item}</arg>
<doc>Returns the text value of the element identified by ``locator``.</doc>
<msg timestamp="20210903 19:58:26.512" level="INFO">${text} = LG PA Speaker ON9.DTHALLK</msg>
<status status="PASS" starttime="20210903 19:58:26.323" endtime="20210903 19:58:26.512"/>
</kw>
<kw name="Convert To Upper Case" library="String">
<var>${product_name}</var>
<arg>${text}</arg>
<doc>Converts string to upper case.</doc>
<msg timestamp="20210903 19:58:26.513" level="INFO">${product_name} = LG PA SPEAKER ON9.DTHALLK</msg>
<status status="PASS" starttime="20210903 19:58:26.512" endtime="20210903 19:58:26.513"/>
</kw>
<kw name="Log To Console" library="BuiltIn">
<arg>${product_name}</arg>
<doc>Logs the given message to the console.</doc>
<status status="PASS" starttime="20210903 19:58:26.513" endtime="20210903 19:58:26.514"/>
</kw>
<kw name="Should Contain" library="BuiltIn">
<arg>${product_name}</arg>
<arg>${value}</arg>
<doc>Fails if ``container`` does not contain ``item`` one or more times.</doc>
<status status="PASS" starttime="20210903 19:58:26.515" endtime="20210903 19:58:26.515"/>
</kw>
<status status="PASS" starttime="20210903 19:58:26.322" endtime="20210903 19:58:26.515"/>
</iter>
<status status="PASS" starttime="20210903 19:58:25.410" endtime="20210903 19:58:26.515"/>
</for>
<status status="PASS" starttime="20210903 19:58:25.208" endtime="20210903 19:58:26.516"/>
</kw>
<status status="PASS" starttime="20210903 19:58:24.236" endtime="20210903 19:58:26.516"/>
</kw>
<status status="PASS" starttime="20210903 19:58:21.615" endtime="20210903 19:58:26.516"/>
</kw>
<kw name="Close Browser" library="SeleniumLibrary" type="TEARDOWN">
<doc>Closes the current browser.</doc>
<status status="PASS" starttime="20210903 19:58:26.518" endtime="20210903 19:58:28.819"/>
</kw>
<tag>search</tag>
<status status="PASS" starttime="20210903 19:57:39.684" endtime="20210903 19:58:28.820"/>
</test>
<status status="FAIL" starttime="20210903 19:56:11.834" endtime="20210903 19:58:28.828"/>
</suite>
<statistics>
<total>
<stat pass="2" fail="1" skip="0">All Tests</stat>
</total>
<tag>
<stat pass="2" fail="1" skip="0">search</stat>
</tag>
<suite>
<stat pass="2" fail="1" skip="0" id="s1" name="Search Verify List Suggest">Search Verify List Suggest</stat>
</suite>
</statistics>
<errors>
<msg timestamp="20210903 19:56:54.050" level="WARN">Multiple test cases with name 'Test case 2: Verify product suggestion' executed in test suite 'Search Verify List Suggest'.</msg>
<msg timestamp="20210903 19:57:39.682" level="WARN">Multiple test cases with name 'Test case 2: Verify product suggestion' executed in test suite 'Search Verify List Suggest'.</msg>
</errors>
</robot>
