<?xml version="1.0" encoding="UTF-8"?>
<robot generator="Robot 4.1 (Python 3.9.6 on win32)" generated="20210903 18:48:19.797" rpa="false" schemaversion="2">
<suite id="s1" name="Search" source="C:\Users\DCG\Documents\Smart\linhtt1_qa_automation\Tests\Api\Search">
<suite id="s1-s1" name="Search Api Get" source="C:\Users\DCG\Documents\Smart\linhtt1_qa_automation\Tests\Api\Search\search_api_get.robot">
<test id="s1-s1-t1" name="Test case: Verify api Search">
<kw name="Get Search api">
<arg>Samsung</arg>
<arg>1</arg>
<arg>1</arg>
<arg>3</arg>
<arg>bDENtRlm1UchRTFGA3SP9MltOvCXnPff</arg>
<arg>200</arg>
<arg>utm_source=; utm_medium=; utm_campaign=; guest=bDENtRlm1UchRTFGA3SP9MltOvCXnPff; _fbp=fb.2.1629955397080.1027180985; _hjid=33c6dd2c-e604-4d7a-8768-72605534e6c3; scarab.visitor=%2270AAAA6936688C1F%22; scarab.profile=%22OFMY007899%7C1629956085%22; _gid=GA1.3.681975644.1630215812; originalLocation=https://www.officemate.co.th/en; lang=en; _ga=GA1.3.1422895306.1629955396; _HistorySearch=[%22samSUNG123%22%2C%22samsung%22%2C%22dsdsdsd%22%2C%22%E0%B9%84%E0%B8%A1%E0%B9%88%E0%B9%84%E0%B8%94%E0%B9%89%E0%B8%AD%E0%B8%A2%E0%B8%B9%E0%B9%88%E0%B9%84%E0%B8%A1%E0%B9%88%E0%B9%84%E0%B8%94%E0%B9%89%E0%B8%AD%E0%B8%A2%E0%B8%B9%E0%B9%88%E0%B9%84%E0%B8%A1%E0%B9%88%E0%B9%84%E0%B8%94%E0%B9%89%E0%B8%AD%E0%B8%A2%E0%B8%B9%E0%B9%88%E0%B9%84%E0%B8%A1%E0%B9%88%E0%B9%84%E0%B8%94%E0%B9%89%E0%B8%AD%E0%B8%A2%E0%B8%B9%E0%B9%88%22%2C%22%E0%B9%84%E0%B8%A1%E0%B9%88%E0%B9%84%E0%B8%94%E0%B9%89%E0%B8%AD%E0%B8%A2%E0%B8%B9%E0%B9%88%22%2C%22%20%20%20%22%2C%22zxcvnm%22%2C%22iphone%22%2C%22%E0%B9%80%E0%B8%84%E0%B9%89%E0%B8%81%22%2C%22%E0%B8%A5%E0%B8%B1%E0%B8%A5%E0%B8%A5%E0%B8%B2%E0%B8%A5%E0%B8%B2%22]; RT="z=1&amp;dm=officemate.co.th&amp;si=35e03737-c8f6-497a-a2b6-196c4212a494&amp;ss=ksy0lmrv&amp;sl=0&amp;tt=0&amp;bcn=%2F%2F684d0d36.akstat.io%2F"; _ga_HZ7YT7QQR1=GS1.1.1630307636.13.0.1630307636.0; _dc_gtm_UA-11520015-17=1; _gat_UA-12345-1=1</arg>
<arg>VQMOUF5SABAHVlRQAAIAVFc=</arg>
<arg>en</arg>
<kw name="Get search product" library="Common_api">
<var>${res}</var>
<arg>${searchQuery}</arg>
<arg>${limit}</arg>
<arg>${page}</arg>
<arg>${store_id}</arg>
<arg>${x_subject_id}</arg>
<arg>${responseBody}</arg>
<arg>${response_code}</arg>
<arg>${cookie}</arg>
<arg>${x-newrelic-id}</arg>
<arg>${x-store-code}</arg>
<kw name="Create Dictionary" library="BuiltIn">
<var>${param}</var>
<arg>searchQuery=${searchQuery}</arg>
<arg>limit=${limit}</arg>
<arg>page=${page}</arg>
<arg>store_id=${store_id}</arg>
<arg>x_subject_id=${x_subject_id}</arg>
<doc>Creates and returns a dictionary based on the given ``items``.</doc>
<msg timestamp="20210903 18:48:21.715" level="INFO">${param} = {'searchQuery': 'Samsung', 'limit': '1', 'page': '1', 'store_id': '3', 'x_subject_id': 'bDENtRlm1UchRTFGA3SP9MltOvCXnPff'}</msg>
<status status="PASS" starttime="20210903 18:48:21.714" endtime="20210903 18:48:21.715"/>
</kw>
<kw name="Create Dictionary" library="BuiltIn">
<var>${header}</var>
<arg>cookie=${cookie}</arg>
<arg>x-newrelic-id=${x-newrelic-id}</arg>
<arg>x-store-code=${x-store-code}</arg>
<doc>Creates and returns a dictionary based on the given ``items``.</doc>
<msg timestamp="20210903 18:48:21.716" level="INFO">${header} = {'cookie': 'utm_source=; utm_medium=; utm_campaign=; guest=bDENtRlm1UchRTFGA3SP9MltOvCXnPff; _fbp=fb.2.1629955397080.1027180985; _hjid=33c6dd2c-e604-4d7a-8768-72605534e6c3; scarab.visitor=%2270AAAA693...</msg>
<status status="PASS" starttime="20210903 18:48:21.715" endtime="20210903 18:48:21.716"/>
</kw>
<kw name="Run Keyword And Ignore Error" library="BuiltIn">
<var>${status}</var>
<var>${value}</var>
<arg>RequestsLibrary.GET</arg>
<arg>${api_url}/search/products</arg>
<arg>${param}</arg>
<arg>headers=${header}</arg>
<doc>Runs the given keyword with the given arguments and ignores possible error.</doc>
<kw name="GET" library="RequestsLibrary">
<arg>${api_url}/search/products</arg>
<arg>${param}</arg>
<arg>headers=${header}</arg>
<doc>Sends a GET request.</doc>
<msg timestamp="20210903 18:48:22.244" level="INFO">GET Request : url=https://www.officemate.co.th/api/search/products?searchQuery=Samsung&amp;limit=1&amp;page=1&amp;store_id=3&amp;x_subject_id=bDENtRlm1UchRTFGA3SP9MltOvCXnPff 
 path_url=/api/search/products?searchQuery=Samsung&amp;limit=1&amp;page=1&amp;store_id=3&amp;x_subject_id=bDENtRlm1UchRTFGA3SP9MltOvCXnPff 
 headers={'User-Agent': 'python-requests/2.26.0', 'Accept-Encoding': 'gzip, deflate', 'Accept': '*/*', 'Connection': 'keep-alive', 'cookie': 'utm_source=; utm_medium=; utm_campaign=; guest=bDENtRlm1UchRTFGA3SP9MltOvCXnPff; _fbp=fb.2.1629955397080.1027180985; _hjid=33c6dd2c-e604-4d7a-8768-72605534e6c3; scarab.visitor=%2270AAAA6936688C1F%22; scarab.profile=%22OFMY007899%7C1629956085%22; _gid=GA1.3.681975644.1630215812; originalLocation=https://www.officemate.co.th/en; lang=en; _ga=GA1.3.1422895306.1629955396; _HistorySearch=[%22samSUNG123%22%2C%22samsung%22%2C%22dsdsdsd%22%2C%22%E0%B9%84%E0%B8%A1%E0%B9%88%E0%B9%84%E0%B8%94%E0%B9%89%E0%B8%AD%E0%B8%A2%E0%B8%B9%E0%B9%88%E0%B9%84%E0%B8%A1%E0%B9%88%E0%B9%84%E0%B8%94%E0%B9%89%E0%B8%AD%E0%B8%A2%E0%B8%B9%E0%B9%88%E0%B9%84%E0%B8%A1%E0%B9%88%E0%B9%84%E0%B8%94%E0%B9%89%E0%B8%AD%E0%B8%A2%E0%B8%B9%E0%B9%88%E0%B9%84%E0%B8%A1%E0%B9%88%E0%B9%84%E0%B8%94%E0%B9%89%E0%B8%AD%E0%B8%A2%E0%B8%B9%E0%B9%88%22%2C%22%E0%B9%84%E0%B8%A1%E0%B9%88%E0%B9%84%E0%B8%94%E0%B9%89%E0%B8%AD%E0%B8%A2%E0%B8%B9%E0%B9%88%22%2C%22%20%20%20%22%2C%22zxcvnm%22%2C%22iphone%22%2C%22%E0%B9%80%E0%B8%84%E0%B9%89%E0%B8%81%22%2C%22%E0%B8%A5%E0%B8%B1%E0%B8%A5%E0%B8%A5%E0%B8%B2%E0%B8%A5%E0%B8%B2%22]; RT="z=1&amp;dm=officemate.co.th&amp;si=35e03737-c8f6-497a-a2b6-196c4212a494&amp;ss=ksy0lmrv&amp;sl=0&amp;tt=0&amp;bcn=%2F%2F684d0d36.akstat.io%2F"; _ga_HZ7YT7QQR1=GS1.1.1630307636.13.0.1630307636.0; _dc_gtm_UA-11520015-17=1; _gat_UA-12345-1=1', 'x-newrelic-id': 'VQMOUF5SABAHVlRQAAIAVFc=', 'x-store-code': 'en'} 
 body=None 
 </msg>
<msg timestamp="20210903 18:48:22.244" level="INFO">GET Response : url=https://www.officemate.co.th/api/search/products?searchQuery=Samsung&amp;limit=1&amp;page=1&amp;store_id=3&amp;x_subject_id=bDENtRlm1UchRTFGA3SP9MltOvCXnPff 
 status=200, reason=OK 
 headers={'Content-Type': 'application/json; charset=utf-8', 'X-Powered-By': 'Express', 'x-frame-options': 'SAMEORIGIN', 'x-xss-protection': '1; mode=block', 'ETag': 'W/"8cab-sq5jyBCNl4hz1318pksu0M5FjOk"', 'Content-Encoding': 'gzip', 'Content-Length': '6983', 'Cache-Control': 'public, max-age=120', 'Expires': 'Fri, 03 Sep 2021 11:50:18 GMT', 'Date': 'Fri, 03 Sep 2021 11:48:18 GMT', 'Connection': 'keep-alive', 'Vary': 'Accept-Encoding', 'Server-Timing': 'cdn-cache; desc=MISS, edge; dur=5, origin; dur=227'} 
 body={"products":{"total_count":348,"products":[{"id":196798,"type_id":"simple","name":"SAMSUNG Case for Samsung Galaxy Note 10 Plus LEATHER NOTE10+ Grey Color ","brand_name":"Samsung","small_image":"/p/w/pwb000251910_1.jpg","image":"/p/w/pwb000251910_1.jpg","thumbnail":"/p/w/pwb000251910_1.jpg","url_key":"ซัมซุง-เคสสำหรับ-samsung-galaxy-note-10-plus-สีเทา-รุ่น-leat-ซัมซุง-leather-note10-ofmy043094","attribute_set_id":662,"visibility":4,"status":1,"is_returnable":"2","category":[{"category_id":2,"level":1,"parent_id":1,"url_key":"default-category"},{"category_id":280,"name":"Electronics &amp; IT","level":2,"parent_id":2,"url_key":"electronics-it","url_path":"electronics-it","is_parent":true},{"category_id":394,"name":"Phone &amp; Tablet Accessories","level":3,"parent_id":280,"url_key":"phone-tablet-accessories","url_path":"electronics-it/phone-tablet-accessories","is_parent":true},{"category_id":395,"name":"Mobile Accessories","level":4,"parent_id":394,"url_key":"mobile-accessories","url_path":"electronics-it/phone-tablet-accessories/mobile-accessories","is_parent":true}],"price":1590,"tier_prices":[{"price":1590,"original_price":1590,"customer_group_id":0,"is_discount":false},{"price":1590,"original_price":1590,"customer_group_id":1,"is_discount":false},{"price":1590,"original_price":1590,"customer_group_id":2,"is_discount":false},{"price":1590,"original_price":1590,"customer_group_id":3,"is_discount":false},{"price":1590,"original_price":1590,"customer_group_id":4,"is_discount":false},{"price":1590,"original_price":1590,"customer_group_id":5,"is_discount":false}],"special_price":1590,"special_from_date":"2021-09-01T00:00:00","stock":{"qty":99999,"is_in_stock":true},"score":36.61762,"custom_attributes_option":[{"attribute_code":"small_image","value":"/p/w/pwb000251910_1.jpg","position":0},{"attribute_code":"special_from_date","value":"2021-09-01 00:00:00","position":0},{"attribute_code":"in_xml_sitemap","value":"Include in XML Sitemap","position":0},{"attribute_code":"swatch_image","value":"/p/w/pwb000251910_1.jpg","position":0},{"attribute_code":"piece_per_unit_txt","value":"1Piece","position":0},{"attribute_code":"visibility","value":4,"position":0},{"attribute_code":"ofm_green_product","value":"General Product","position":0},{"attribute_code":"price_inc_tax","value":1590,"position":0},{"attribute_code":"created_at","value":"2021-07-09 15:40:39","position":0},{"attribute_code":"special_price","value":1590,"position":0},{"attribute_code":"unit","value":"EA","position":0},{"attribute_code":"is_bestdeal","value":"Is Best Deal","position":0},{"attribute_code":"standard_color_dp","value":"Gray","position":0},{"attribute_code":"shipment_group_id","value":"MKP_2822","position":0},{"attribute_code":"ofm_product_type","value":11,"position":0},{"attribute_code":"description","value":"&lt;h2&gt;เคสที่ออกแบบมาเพื่อปกป้องโทรศัพท์ &lt;a title=\"\"&gt;&lt;strong&gt;&lt;em&gt;Samsung&lt;/em&gt;&lt;/strong&gt;&lt;/a&gt; Galaxy Note 10 Plus โดยเฉพาะ ด้วยดีไซน์ที่ได้รับการรังสรรค์ขึ้นอย่างพิเศษ จึงให้คุณมั่นใจได้ทุกครั้งที่สัมผัส มาพร้อมขนาดที่รองรับเข้ากับตัวเครื่องได้อย่างลงตัว ช่วยเพิ่มความคล่องตัวในการใช้งานมากยิ่งขึ้น&lt;/h2&gt;\r\n&lt;p&gt;นอกจากรูปทรงที่สวยงามทันสมัย ยังผลิตจากวัสดุที่มีคุณภาพ แข็งแรงทนทาน สามารถป้องกันอุปกรณ์ของคุณจากการกระแทก ฝุ่นผง และรอยนิ้วมือจากการสัมผัส&lt;/p&gt;\r\n&lt;ul&gt;\r\n&lt;li&gt;ประเภทสินค้า:Case&lt;/li&gt;\r\n&lt;li&gt;สำหรับ:Samsung Galaxy Note 10 Plus&lt;/li&gt;\r\n&lt;li&gt;วัสดุ:Leather&lt;/li&gt;\r\n&lt;li&gt;คุณสมบัติพิเศษ:เคสหนังทำจากยุโรป ปุ่มกดอลูมิเนียมดีไซน์พรีเมี่ยมสัมผัสนุ่ม จับแน่นกระชับ&lt;/li&gt;\r\n&lt;li&gt;การรับประกัน(ปี):ไม่มีการรับประกัน&lt;/li&gt;\r\n&lt;/ul&gt;","position":0},{"attribute_code":"min_lead_time","value":5,"position":0},{"attribute_code":"updated_at","value":"2021-07-21 09:09:36","position":0},{"attribute_code":"has_options","value":false,"position":0},{"attribute_code":"barcode","value":"000000Y043094","position":0},{"attribute_code":"image","value":"/p/w/pwb000251910_1.jpg","position":0},{"attribute_code":"price_discount","value":0,"position":0},{"attribute_code":"shipping_methods","value":["ofm_standard"],"position":0},{"attribute_code":"status","value":"Enabled","position":0},{"attribute_code":"short_description","value":"&lt;h2&gt;เคสที่ออกแบบมาเพื่อปกป้องโทรศัพท์ &lt;a title=\"\"&gt;&lt;strong&gt;&lt;em&gt;Samsung&lt;/em&gt;&lt;/strong&gt;&lt;/a&gt; Galaxy Note 10 Plus โดยเฉพาะ ด้วยดีไซน์ที่ได้รับการรังสรรค์ขึ้นอย่างพิเศษ จึงให้คุณมั่นใจได้ทุกครั้งที่สัมผัส มาพร้อมขนาดที่รองรับเข้ากับตัวเครื่องได้อย่างลงตัว ช่วยเพิ่มความคล่องตัวในการใช้งานมากยิ่งขึ้น&lt;/h2&gt;\r\n&lt;p&gt;นอกจากรูปทรงที่สวยงามทันสมัย ยังผลิตจากวัสดุที่มีคุณภาพ แข็งแรงทนทาน สามารถป้องกันอุปกรณ์ของคุณจากการกระแทก ฝุ่นผง และรอยนิ้วมือจากการสัมผัส&lt;/p&gt;\r\n&lt;ul&gt;\r\n&lt;li&gt;ประเภทสินค้า:Case&lt;/li&gt;\r\n&lt;li&gt;สำหรับ:Samsung Galaxy Note 10 Plus&lt;/li&gt;\r\n&lt;li&gt;วัสดุ:Leather&lt;/li&gt;\r\n&lt;li&gt;คุณสมบัติพิเศษ:เคสหนังทำจากยุโรป ปุ่มกดอลูมิเนียมดีไซน์พรีเมี่ยมสัมผัสนุ่ม จับแน่นกระชับ&lt;/li&gt;\r\n&lt;li&gt;การรับประกัน(ปี):ไม่มีการรับประกัน&lt;/li&gt;\r\n&lt;/ul&gt;","position":0},{"attribute_code":"is_new_product","value":"New Product","position":0},{"attribute_code":"is_returnable","value":"2","position":0},{"attribute_code":"brand_name","value":"Samsung","position":0},{"attribute_code":"search_keywords","value":"SAMSUNG Case for Samsung Galaxy Note 10 Plus LEATHER NOTE10+ Grey Color  เคสสำหรับ Samsung Galaxy Note 10 Plus  ซัมซุง LEATHER NOTE10+ สีเทา ","position":0},{"attribute_code":"max_lead_time","value":7,"position":0},{"attribute_code":"special_price_inc_tax","value":1590,"position":0},{"attribute_code":"url_key","value":"ซัมซุง-เคสสำหรับ-samsung-galaxy-note-10-plus-สีเทา-รุ่น-leat-ซัมซุง-leather-note10-ofmy043094","values":["ซัมซุง-เคสสำหรับ-samsung-galaxy-note-10-plus-สีเทา-รุ่น-leat-ซัมซุง-leather-note10-ofmy043094"],"position":0},{"attribute_code":"product_group","value":"B","position":0},{"attribute_code":"required_options","value":false,"position":0},{"attribute_code":"options_container","value":"Block after Info Column","position":0},{"attribute_code":"tax_class_id","value":"Taxable Goods","position":0},{"attribute_code":"payment_methods","value":["companycredit","payment_service_bank_transfer","payment_service_fullpayment","payment_service_installment"],"position":0},{"attribute_code":"thumbnail","value":"/p/w/pwb000251910_1.jpg","position":0}],"custom_attributes":[{"attribute_code":"name","name":"name","label":"Product Name","value":"SAMSUNG Case for Samsung Galaxy Note 10 Plus LEATHER NOTE10+ Grey Color "},{"attribute_code":"image","name":"image","label":"Base","value":"/p/w/pwb000251910_1.jpg"},{"attribute_code":"small_image","name":"small_image","label":"Small","value":"/p/w/pwb000251910_1.jpg"},{"attribute_code":"thumbnail","name":"thumbnail","label":"Thumbnail","value":"/p/w/pwb000251910_1.jpg"},{"attribute_code":"options_container","name":"options_container","label":"Display Product Options In","value":"container2"},{"attribute_code":"url_key","name":"url_key","label":"URL Key","value":"ซัมซุง-เคสสำหรับ-samsung-galaxy-note-10-plus-สีเทา-รุ่น-leat-ซัมซุง-leather-note10-ofmy043094"},{"attribute_code":"msrp_display_actual_price_type","name":"msrp_display_actual_price_type","label":"Display Actual Price","value":"0"},{"attribute_code":"gift_message_available","name":"gift_message_available","label":"Allow Gift Message","value":"0"},{"attribute_code":"gift_wrapping_available","name":"gift_wrapping_available","label":"Allow Gift Wrapping","value":"0"},{"attribute_code":"is_returnable","name":"is_returnable","label":"Enable RMA","value":"2"},{"attribute_code":"swatch_image","name":"swatch_image","label":"Swatch","value":"/p/w/pwb000251910_1.jpg"},{"attribute_code":"payment_methods","name":"payment_methods","label":"Payment Methods","value":"companycredit,payment_service_bank_transfer,payment_service_fullpayment,payment_service_installment"},{"attribute_code":"unit","name":"unit","label":"Unit","value":"EA"},{"attribute_code":"discount_code","name":"discount_code","label":"DISCOUNT CODE","value":"0"},{"attribute_code":"shipping_methods","name":"shipping_methods","label":"Shipping Methods","value":"ofm_standard"},{"attribute_code":"barcode","name":"barcode","label":"Barcode","value":"000000Y043094"},{"attribute_code":"product_group","name":"product_group","label":"Product Group","value":"b"},{"attribute_code":"piece_per_unit_txt","name":"piece_per_unit_txt","label":"Piece/Unit","value":"1Piece"},{"attribute_code":"search_keywords","name":"search_keywords","label":"ElasticSuite Search Keywords","value":"SAMSUNG Case for Samsung Galaxy Note 10 Plus LEATHER NOTE10+ Grey Color  เคสสำหรับ Samsung Galaxy Note 10 Plus  ซัมซุง LEATHER NOTE10+ สีเทา "},{"attribute_code":"description","name":"description","label":"Description","value":"&lt;h2&gt;เคสที่ออกแบบมาเพื่อปกป้องโทรศัพท์ &lt;a title=\"\"&gt;&lt;strong&gt;&lt;em&gt;Samsung&lt;/em&gt;&lt;/strong&gt;&lt;/a&gt; Galaxy Note 10 Plus โดยเฉพาะ ด้วยดีไซน์ที่ได้รับการรังสรรค์ขึ้นอย่างพิเศษ จึงให้คุณมั่นใจได้ทุกครั้งที่สัมผัส มาพร้อมขนาดที่รองรับเข้ากับตัวเครื่องได้อย่างลงตัว ช่วยเพิ่มความคล่องตัวในการใช้งานมากยิ่งขึ้น&lt;/h2&gt;\r\n&lt;p&gt;นอกจากรูปทรงที่สวยงามทันสมัย ยังผลิตจากวัสดุที่มีคุณภาพ แข็งแรงทนทาน สามารถป้องกันอุปกรณ์ของคุณจากการกระแทก ฝุ่นผง และรอยนิ้วมือจากการสัมผัส&lt;/p&gt;\r\n&lt;ul&gt;\r\n&lt;li&gt;ประเภทสินค้า:Case&lt;/li&gt;\r\n&lt;li&gt;สำหรับ:Samsung Galaxy Note 10 Plus&lt;/li&gt;\r\n&lt;li&gt;วัสดุ:Leather&lt;/li&gt;\r\n&lt;li&gt;คุณสมบัติพิเศษ:เคสหนังทำจากยุโรป ปุ่มกดอลูมิเนียมดีไซน์พรีเมี่ยมสัมผัสนุ่ม จับแน่นกระชับ&lt;/li&gt;\r\n&lt;li&gt;การรับประกัน(ปี):ไม่มีการรับประกัน&lt;/li&gt;\r\n&lt;/ul&gt;"},{"attribute_code":"short_description","name":"short_description","label":"short description","value":"&lt;h2&gt;เคสที่ออกแบบมาเพื่อปกป้องโทรศัพท์ &lt;a title=\"\"&gt;&lt;strong&gt;&lt;em&gt;Samsung&lt;/em&gt;&lt;/strong&gt;&lt;/a&gt; Galaxy Note 10 Plus โดยเฉพาะ ด้วยดีไซน์ที่ได้รับการรังสรรค์ขึ้นอย่างพิเศษ จึงให้คุณมั่นใจได้ทุกครั้งที่สัมผัส มาพร้อมขนาดที่รองรับเข้ากับตัวเครื่องได้อย่างลงตัว ช่วยเพิ่มความคล่องตัวในการใช้งานมากยิ่งขึ้น&lt;/h2&gt;\r\n&lt;p&gt;นอกจากรูปทรงที่สวยงามทันสมัย ยังผลิตจากวัสดุที่มีคุณภาพ แข็งแรงทนทาน สามารถป้องกันอุปกรณ์ของคุณจากการกระแทก ฝุ่นผง และรอยนิ้วมือจากการสัมผัส&lt;/p&gt;\r\n&lt;ul&gt;\r\n&lt;li&gt;ประเภทสินค้า:Case&lt;/li&gt;\r\n&lt;li&gt;สำหรับ:Samsung Galaxy Note 10 Plus&lt;/li&gt;\r\n&lt;li&gt;วัสดุ:Leather&lt;/li&gt;\r\n&lt;li&gt;คุณสมบัติพิเศษ:เคสห... (set the log level to DEBUG or TRACE to see the full content) 
 </msg>
<status status="PASS" starttime="20210903 18:48:21.717" endtime="20210903 18:48:22.244"/>
</kw>
<msg timestamp="20210903 18:48:22.244" level="INFO">${status} = PASS</msg>
<msg timestamp="20210903 18:48:22.244" level="INFO">${value} = &lt;Response [200]&gt;</msg>
<status status="PASS" starttime="20210903 18:48:21.716" endtime="20210903 18:48:22.244"/>
</kw>
<kw name="Evaluate" library="BuiltIn">
<var>${flag}</var>
<arg>type($value)</arg>
<doc>Evaluates the given expression in Python and returns the result.</doc>
<msg timestamp="20210903 18:48:22.244" level="INFO">${flag} = &lt;class 'requests.models.Response'&gt;</msg>
<status status="PASS" starttime="20210903 18:48:22.244" endtime="20210903 18:48:22.244"/>
</kw>
<kw name="Run Keyword If" library="BuiltIn">
<arg>'${status}'=='PASS'</arg>
<arg>Status Should Be</arg>
<arg>${response_code}</arg>
<arg>${value}</arg>
<doc>Runs the given keyword with the given arguments, if ``condition`` is true.</doc>
<kw name="Status Should Be" library="RequestsLibrary">
<arg>${response_code}</arg>
<arg>${value}</arg>
<doc>Fails if response status code is different than the expected.</doc>
<status status="PASS" starttime="20210903 18:48:22.244" endtime="20210903 18:48:22.244"/>
</kw>
<status status="PASS" starttime="20210903 18:48:22.244" endtime="20210903 18:48:22.244"/>
</kw>
<kw name="Run Keyword If" library="BuiltIn">
<arg>'${status}'=='FAIL'</arg>
<arg>Should Contain</arg>
<arg>${value}</arg>
<arg>${response_code}</arg>
<doc>Runs the given keyword with the given arguments, if ``condition`` is true.</doc>
<status status="PASS" starttime="20210903 18:48:22.244" endtime="20210903 18:48:22.244"/>
</kw>
<msg timestamp="20210903 18:48:22.244" level="INFO">${res} = None</msg>
<status status="PASS" starttime="20210903 18:48:21.713" endtime="20210903 18:48:22.244"/>
</kw>
<status status="PASS" starttime="20210903 18:48:21.712" endtime="20210903 18:48:22.244"/>
</kw>
<status status="PASS" starttime="20210903 18:48:21.709" endtime="20210903 18:48:22.244"/>
</test>
<test id="s1-s1-t2" name="Test case: Verify api Search">
<kw name="Get Search api">
<arg>SAMUNG123</arg>
<arg>1</arg>
<arg>200</arg>
<arg>utm_source=; utm_medium=; utm_campaign=; guest=bDENtRlm1UchRTFGA3SP9MltOvCXnPff; _fbp=fb.2.1629955397080.1027180985; _hjid=33c6dd2c-e604-4d7a-8768-72605534e6c3; scarab.visitor=%2270AAAA6936688C1F%22; scarab.profile=%22OFMY007899%7C1629956085%22; _gid=GA1.3.681975644.1630215812; originalLocation=https://www.officemate.co.th/en; lang=en; _ga=GA1.3.1422895306.1629955396; _HistorySearch=[%22samSUNG123%22%2C%22samsung%22%2C%22dsdsdsd%22%2C%22%E0%B9%84%E0%B8%A1%E0%B9%88%E0%B9%84%E0%B8%94%E0%B9%89%E0%B8%AD%E0%B8%A2%E0%B8%B9%E0%B9%88%E0%B9%84%E0%B8%A1%E0%B9%88%E0%B9%84%E0%B8%94%E0%B9%89%E0%B8%AD%E0%B8%A2%E0%B8%B9%E0%B9%88%E0%B9%84%E0%B8%A1%E0%B9%88%E0%B9%84%E0%B8%94%E0%B9%89%E0%B8%AD%E0%B8%A2%E0%B8%B9%E0%B9%88%E0%B9%84%E0%B8%A1%E0%B9%88%E0%B9%84%E0%B8%94%E0%B9%89%E0%B8%AD%E0%B8%A2%E0%B8%B9%E0%B9%88%22%2C%22%E0%B9%84%E0%B8%A1%E0%B9%88%E0%B9%84%E0%B8%94%E0%B9%89%E0%B8%AD%E0%B8%A2%E0%B8%B9%E0%B9%88%22%2C%22%20%20%20%22%2C%22zxcvnm%22%2C%22iphone%22%2C%22%E0%B9%80%E0%B8%84%E0%B9%89%E0%B8%81%22%2C%22%E0%B8%A5%E0%B8%B1%E0%B8%A5%E0%B8%A5%E0%B8%B2%E0%B8%A5%E0%B8%B2%22]; RT="z=1&amp;dm=officemate.co.th&amp;si=35e03737-c8f6-497a-a2b6-196c4212a494&amp;ss=ksy0lmrv&amp;sl=0&amp;tt=0&amp;bcn=%2F%2F684d0d36.akstat.io%2F"; _ga_HZ7YT7QQR1=GS1.1.1630307636.13.0.1630307636.0; _dc_gtm_UA-11520015-17=1; _gat_UA-12345-1=1</arg>
<arg>VQMOUF5SABAHVlRQAAIAVFc=</arg>
<arg>en</arg>
<kw name="Get search product" library="Common_api">
<var>${res}</var>
<arg>${searchQuery}</arg>
<arg>${limit}</arg>
<arg>${page}</arg>
<arg>${store_id}</arg>
<arg>${x_subject_id}</arg>
<arg>${responseBody}</arg>
<arg>${response_code}</arg>
<arg>${cookie}</arg>
<arg>${x-newrelic-id}</arg>
<arg>${x-store-code}</arg>
<kw name="Create Dictionary" library="BuiltIn">
<var>${param}</var>
<arg>searchQuery=${searchQuery}</arg>
<arg>limit=${limit}</arg>
<arg>page=${page}</arg>
<arg>store_id=${store_id}</arg>
<arg>x_subject_id=${x_subject_id}</arg>
<doc>Creates and returns a dictionary based on the given ``items``.</doc>
<msg timestamp="20210903 18:48:22.265" level="INFO">${param} = {'searchQuery': 'SAMUNG123', 'limit': '1', 'page': '', 'store_id': '', 'x_subject_id': ''}</msg>
<status status="PASS" starttime="20210903 18:48:22.264" endtime="20210903 18:48:22.265"/>
</kw>
<kw name="Create Dictionary" library="BuiltIn">
<var>${header}</var>
<arg>cookie=${cookie}</arg>
<arg>x-newrelic-id=${x-newrelic-id}</arg>
<arg>x-store-code=${x-store-code}</arg>
<doc>Creates and returns a dictionary based on the given ``items``.</doc>
<msg timestamp="20210903 18:48:22.266" level="INFO">${header} = {'cookie': 'utm_source=; utm_medium=; utm_campaign=; guest=bDENtRlm1UchRTFGA3SP9MltOvCXnPff; _fbp=fb.2.1629955397080.1027180985; _hjid=33c6dd2c-e604-4d7a-8768-72605534e6c3; scarab.visitor=%2270AAAA693...</msg>
<status status="PASS" starttime="20210903 18:48:22.265" endtime="20210903 18:48:22.266"/>
</kw>
<kw name="Run Keyword And Ignore Error" library="BuiltIn">
<var>${status}</var>
<var>${value}</var>
<arg>RequestsLibrary.GET</arg>
<arg>${api_url}/search/products</arg>
<arg>${param}</arg>
<arg>headers=${header}</arg>
<doc>Runs the given keyword with the given arguments and ignores possible error.</doc>
<kw name="GET" library="RequestsLibrary">
<arg>${api_url}/search/products</arg>
<arg>${param}</arg>
<arg>headers=${header}</arg>
<doc>Sends a GET request.</doc>
<msg timestamp="20210903 18:48:22.678" level="INFO">GET Request : url=https://www.officemate.co.th/api/search/products?searchQuery=SAMUNG123&amp;limit=1&amp;page=&amp;store_id=&amp;x_subject_id= 
 path_url=/api/search/products?searchQuery=SAMUNG123&amp;limit=1&amp;page=&amp;store_id=&amp;x_subject_id= 
 headers={'User-Agent': 'python-requests/2.26.0', 'Accept-Encoding': 'gzip, deflate', 'Accept': '*/*', 'Connection': 'keep-alive', 'cookie': 'utm_source=; utm_medium=; utm_campaign=; guest=bDENtRlm1UchRTFGA3SP9MltOvCXnPff; _fbp=fb.2.1629955397080.1027180985; _hjid=33c6dd2c-e604-4d7a-8768-72605534e6c3; scarab.visitor=%2270AAAA6936688C1F%22; scarab.profile=%22OFMY007899%7C1629956085%22; _gid=GA1.3.681975644.1630215812; originalLocation=https://www.officemate.co.th/en; lang=en; _ga=GA1.3.1422895306.1629955396; _HistorySearch=[%22samSUNG123%22%2C%22samsung%22%2C%22dsdsdsd%22%2C%22%E0%B9%84%E0%B8%A1%E0%B9%88%E0%B9%84%E0%B8%94%E0%B9%89%E0%B8%AD%E0%B8%A2%E0%B8%B9%E0%B9%88%E0%B9%84%E0%B8%A1%E0%B9%88%E0%B9%84%E0%B8%94%E0%B9%89%E0%B8%AD%E0%B8%A2%E0%B8%B9%E0%B9%88%E0%B9%84%E0%B8%A1%E0%B9%88%E0%B9%84%E0%B8%94%E0%B9%89%E0%B8%AD%E0%B8%A2%E0%B8%B9%E0%B9%88%E0%B9%84%E0%B8%A1%E0%B9%88%E0%B9%84%E0%B8%94%E0%B9%89%E0%B8%AD%E0%B8%A2%E0%B8%B9%E0%B9%88%22%2C%22%E0%B9%84%E0%B8%A1%E0%B9%88%E0%B9%84%E0%B8%94%E0%B9%89%E0%B8%AD%E0%B8%A2%E0%B8%B9%E0%B9%88%22%2C%22%20%20%20%22%2C%22zxcvnm%22%2C%22iphone%22%2C%22%E0%B9%80%E0%B8%84%E0%B9%89%E0%B8%81%22%2C%22%E0%B8%A5%E0%B8%B1%E0%B8%A5%E0%B8%A5%E0%B8%B2%E0%B8%A5%E0%B8%B2%22]; RT="z=1&amp;dm=officemate.co.th&amp;si=35e03737-c8f6-497a-a2b6-196c4212a494&amp;ss=ksy0lmrv&amp;sl=0&amp;tt=0&amp;bcn=%2F%2F684d0d36.akstat.io%2F"; _ga_HZ7YT7QQR1=GS1.1.1630307636.13.0.1630307636.0; _dc_gtm_UA-11520015-17=1; _gat_UA-12345-1=1', 'x-newrelic-id': 'VQMOUF5SABAHVlRQAAIAVFc=', 'x-store-code': 'en'} 
 body=None 
 </msg>
<msg timestamp="20210903 18:48:22.678" level="INFO">GET Response : url=https://www.officemate.co.th/api/search/products?searchQuery=SAMUNG123&amp;limit=1&amp;page=&amp;store_id=&amp;x_subject_id= 
 status=200, reason=OK 
 headers={'Content-Type': 'application/json; charset=utf-8', 'X-Powered-By': 'Express', 'x-frame-options': 'SAMEORIGIN', 'x-xss-protection': '1; mode=block', 'ETag': 'W/"8a1f-GO0icIA3cBE2UNmjcW377S7GJ+8"', 'Content-Encoding': 'gzip', 'Content-Length': '7125', 'Cache-Control': 'public, max-age=120', 'Expires': 'Fri, 03 Sep 2021 11:50:18 GMT', 'Date': 'Fri, 03 Sep 2021 11:48:18 GMT', 'Connection': 'keep-alive', 'Vary': 'Accept-Encoding', 'Server-Timing': 'cdn-cache; desc=MISS, edge; dur=3, origin; dur=247'} 
 body={"products":{"total_count":98,"products":[{"id":91460,"type_id":"simple","name":"COMPUTE  ตลับหมึกโทนเนอร์ S คอมพิวท์ CSAD103 D103 SAMSUNG","brand_name":"Compute","small_image":"/7/1/71._csad103.jpg","image":"/7/1/71._csad103.jpg","thumbnail":"/7/1/71._csad103.jpg","url_key":"compute-ตลับหมึกโทนเนอร์-s-คอมพิวท์-csad103-d103-samsung-compute-ofmy005971","attribute_set_id":508,"visibility":4,"status":1,"is_returnable":"2","category":[{"category_id":2,"level":1,"parent_id":1,"url_key":"default-category"},{"category_id":280,"name":"Electronics &amp; IT","level":2,"parent_id":2,"url_key":"electronics-it","url_path":"electronics-it","is_parent":true},{"category_id":560,"name":"Printer &amp; Supplies","level":3,"parent_id":280,"url_key":"printer-supply","url_path":"electronics-it/printer-supply","is_parent":true},{"category_id":571,"name":"Laser Toner Cartridge","level":4,"parent_id":560,"url_key":"laser-toner-cartridge","url_path":"electronics-it/printer-supply/laser-toner-cartridge","is_parent":true},{"category_id":1501,"name":"promotions","level":2,"parent_id":2,"url_key":"promotions","url_path":"promotions","is_parent":true},{"category_id":4792,"level":0,"parent_id":0,"is_parent":true},{"category_id":5811,"name":"ลดสูงสุด 55%* ลดเพิ่ม! 60฿* ไอเทมเพื่อการทำงานที่บ้าน","level":0,"parent_id":0,"is_parent":true},{"category_id":6134,"name":"OFFICE-EQUIPMENT-1-31AUG21","level":3,"parent_id":1501,"url_key":"office-equipment-1-31aug21","url_path":"promotions/office-equipment-1-31aug21","is_parent":true}],"price":1870,"tier_prices":[{"price":1870,"original_price":1870,"customer_group_id":0,"is_discount":false},{"price":1870,"original_price":1870,"customer_group_id":1,"is_discount":false},{"price":1870,"original_price":1870,"customer_group_id":2,"is_discount":false},{"price":1870,"original_price":1870,"customer_group_id":3,"is_discount":false},{"price":1870,"original_price":1870,"customer_group_id":4,"is_discount":false},{"price":1870,"original_price":1870,"customer_group_id":5,"is_discount":false}],"special_price":1870,"special_from_date":"2021-07-30T00:00:00","stock":{"qty":99999,"is_in_stock":true},"score":5.199194,"custom_attributes_option":[{"attribute_code":"small_image","value":"/7/1/71._csad103.jpg","position":0},{"attribute_code":"special_from_date","value":"2021-07-30 00:00:00","position":0},{"attribute_code":"in_xml_sitemap","value":"Include in XML Sitemap","position":0},{"attribute_code":"swatch_image","value":"/7/1/71._csad103.jpg","position":0},{"attribute_code":"visibility","value":4,"position":0},{"attribute_code":"marketplace_type","value":"Dropship","position":0},{"attribute_code":"price_inc_tax","value":1870,"position":0},{"attribute_code":"created_at","value":"2020-05-30 02:38:41","position":0},{"attribute_code":"special_price","value":1870,"position":0},{"attribute_code":"unit","value":"BX","position":0},{"attribute_code":"is_bestdeal","value":"Is Best Deal","position":0},{"attribute_code":"ts_dimensions_width","value":340,"position":0},{"attribute_code":"shipment_group_id","value":"11892","position":0},{"attribute_code":"ofm_product_type","value":11,"position":0},{"attribute_code":"weight","value":1002,"position":0},{"attribute_code":"description","value":"Samsung ML-2950/2955/SCX4728/4729 สินค้ารับประกัน 12 เดือน เงื่อนไข 1. เปิดใช้งานภายใน 7 วัน (นับจากวันที่เปิดบิล)พบปัญหาสามารถเปลี่ยนหรือเคลมใหม่ได้ 2.เปิดใช้งาน เกิน 7 วัน ให้ส่งกลับบริษัทฯเพื่อตรวจสอบ 3. หากใช้งานปริมาณผงหมึกไปแล้วเกินกว่า 50% ไม่รับเปลี่ยน/เคลม ทุกกรณี","position":0},{"attribute_code":"min_lead_time","value":5,"position":0},{"attribute_code":"is_marketplace","value":"Marketplace Product","position":0},{"attribute_code":"ts_dimensions_length","value":100,"position":0},{"attribute_code":"ts_dimensions_height","value":160,"position":0},{"attribute_code":"updated_at","value":"2021-07-30 08:21:57","position":0},{"attribute_code":"has_options","value":false,"position":0},{"attribute_code":"barcode","value":"000000Y005971","position":0},{"attribute_code":"image","value":"/7/1/71._csad103.jpg","position":0},{"attribute_code":"price_discount","value":0,"position":0},{"attribute_code":"shipping_methods","value":["ofm_standard"],"position":0},{"attribute_code":"status","value":"Enabled","position":0},{"attribute_code":"short_description","value":"Samsung ML-2950/2955/SCX4728/4729 สินค้ารับประกัน 12 เดือน เงื่อนไข 1. เปิดใช้งานภายใน 7 วัน (นับจากวันที่เปิดบิล)พบปัญหาสามารถเปลี่ยนหรือเคลมใหม่ได้ 2.เปิดใช้งาน เกิน 7 วัน ให้ส่งกลับบริษัทฯเพื่อตรวจสอบ 3. หากใช้งานปริมาณผงหมึกไปแล้วเกินกว่า 50% ไม่รับเปลี่ยน/เคลม ทุกกรณี","position":0},{"attribute_code":"fulfilled_by","value":"Compute and Fighter Co., Ltd","position":0},{"attribute_code":"is_returnable","value":"2","position":0},{"attribute_code":"brand_name","value":"Compute","position":0},{"attribute_code":"search_keywords","value":"COMPUTE  ตลับหมึกโทนเนอร์ S คอมพิวท์ CSAD103 D103 SAMSUNG ตลับหมึกโทนเนอร์ S คอมพิวท์ CSAD103 D103 SAMSUNG COMPUTE","position":0},{"attribute_code":"max_lead_time","value":7,"position":0},{"attribute_code":"special_price_inc_tax","value":1870,"position":0},{"attribute_code":"url_key","value":"compute-ตลับหมึกโทนเนอร์-s-คอมพิวท์-csad103-d103-samsung-compute-ofmy005971","values":["compute-ตลับหมึกโทนเนอร์-s-คอมพิวท์-csad103-d103-samsung-compute-ofmy005971"],"position":0},{"attribute_code":"product_group","value":"B","position":0},{"attribute_code":"required_options","value":false,"position":0},{"attribute_code":"options_container","value":"Block after Info Column","position":0},{"attribute_code":"tax_class_id","value":"Taxable Goods","position":0},{"attribute_code":"payment_methods","value":["p2c2p_ipp","fullpaymentredirect","p2c2p_123","companycredit","payment_service_installment","payment_service_fullpayment"],"position":0},{"attribute_code":"thumbnail","value":"/7/1/71._csad103.jpg","position":0}],"custom_attributes":[{"attribute_code":"name","name":"name","label":"Product Name","value":"COMPUTE  ตลับหมึกโทนเนอร์ S คอมพิวท์ CSAD103 D103 SAMSUNG"},{"attribute_code":"image","name":"image","label":"Base","value":"/7/1/71._csad103.jpg"},{"attribute_code":"small_image","name":"small_image","label":"Small","value":"/7/1/71._csad103.jpg"},{"attribute_code":"thumbnail","name":"thumbnail","label":"Thumbnail","value":"/7/1/71._csad103.jpg"},{"attribute_code":"options_container","name":"options_container","label":"Display Product Options In","value":"container2"},{"attribute_code":"url_key","name":"url_key","label":"URL Key","value":"compute-ตลับหมึกโทนเนอร์-s-คอมพิวท์-csad103-d103-samsung-compute-ofmy005971"},{"attribute_code":"msrp_display_actual_price_type","name":"msrp_display_actual_price_type","label":"Display Actual Price","value":"0"},{"attribute_code":"gift_message_available","name":"gift_message_available","label":"Allow Gift Message","value":"0"},{"attribute_code":"gift_wrapping_available","name":"gift_wrapping_available","label":"Allow Gift Wrapping","value":"0"},{"attribute_code":"is_returnable","name":"is_returnable","label":"Enable RMA","value":"2"},{"attribute_code":"swatch_image","name":"swatch_image","label":"Swatch","value":"/7/1/71._csad103.jpg"},{"attribute_code":"payment_methods","name":"payment_methods","label":"Payment Methods","value":"p2c2p_ipp,fullpaymentredirect,p2c2p_123,companycredit,payment_service_installment,payment_service_fullpayment"},{"attribute_code":"unit","name":"unit","label":"Unit","value":"BX"},{"attribute_code":"discount_code","name":"discount_code","label":"DISCOUNT CODE","value":"0"},{"attribute_code":"shipping_methods","name":"shipping_methods","label":"Shipping Methods","value":"ofm_standard"},{"attribute_code":"barcode","name":"barcode","label":"Barcode","value":"000000Y005971"},{"attribute_code":"product_group","name":"product_group","label":"Product Group","value":"b"},{"attribute_code":"search_keywords","name":"search_keywords","label":"ElasticSuite Search Keywords","value":"COMPUTE  ตลับหมึกโทนเนอร์ S คอมพิวท์ CSAD103 D103 SAMSUNG ตลับหมึกโทนเนอร์ S คอมพิวท์ CSAD103 D103 SAMSUNG COMPUTE"},{"attribute_code":"description","name":"description","label":"Description","value":"Samsung ML-2950/2955/SCX4728/4729 สินค้ารับประกัน 12 เดือน เงื่อนไข 1. เปิดใช้งานภายใน 7 วัน (นับจากวันที่เปิดบิล)พบปัญหาสามารถเปลี่ยนหรือเคลมใหม่ได้ 2.เปิดใช้งาน เกิน 7 วัน ให้ส่งกลับบริษัทฯเพื่อตรวจสอบ 3. หากใช้งานปริมาณผงหมึกไปแล้วเกินกว่า 50% ไม่รับเปลี่ยน/เคลม ทุกกรณี"},{"attribute_code":"short_description","name":"short_description","label":"short description","value":"Samsung ML-2950/2955/SCX4728/4729 สินค้ารับประกัน 12 เดือน เงื่อนไข 1. เปิดใช้งานภายใน 7 วัน (นับจากวันที่เปิดบิล)พบปัญหาสามารถเปลี่ยนหรือเคลมใหม่ได้ 2.เปิดใช้งาน เกิน 7 วัน ให้ส่งกลับบริษัทฯเพื่อตรวจสอบ 3. หากใช้งานปริมาณผงหมึกไปแล้วเกินกว่า 50% ไม่รับเปลี่ยน/เคลม ทุกกรณี"},{"attribute_code":"special_price","name":"special_price","label":"Special Price","value":"1747.6600"},{"attribute_code":"weight","name":"weight","label":"Weight","value":"1002.0000"},{"attribute_code":"ts_dimensions_length","name":"ts_dimensions_length","label":"Length","value":"100.0000"},{"attribute_code":"ts_dimensions_width","name":"ts_dimensions_width","label":"Width","value":"340.0000"},{"attribute_code":"ts_dimensions_height","name":"ts_dimensions_height","label":"Height","value":"160.0000"},{"attribute_code":"delivery_surcharge_fee","name":"delivery_surcharge_fee","label":"Delivery Surcharge Fee","value":"0.0000"},{"attribute_code":"special_price_inc_tax","name":"special_price_inc_tax","label":"Special Price Include Tax","value":"1870.0000"},{"attribute_code":"price_inc_tax","name":"price_inc_tax","label":"Price Include Tax","value":"1870.0000"},{"attribute_code":"percent_discount","name":"percent_discount","label":"Percent Discount","value":"0.0000"},{"attribute_code":"special_from_date","name":"special_from_date","label":"Special Price From Date","value":"2021-07-29 17:00:00"},{"attribute_code":"special_to_date","name":"special_to_date","label":"Special Price To Date"},{"attribute_code":"special_expires_at","name... (set the log level to DEBUG or TRACE to see the full content) 
 </msg>
<status status="PASS" starttime="20210903 18:48:22.266" endtime="20210903 18:48:22.678"/>
</kw>
<msg timestamp="20210903 18:48:22.678" level="INFO">${status} = PASS</msg>
<msg timestamp="20210903 18:48:22.678" level="INFO">${value} = &lt;Response [200]&gt;</msg>
<status status="PASS" starttime="20210903 18:48:22.266" endtime="20210903 18:48:22.678"/>
</kw>
<kw name="Evaluate" library="BuiltIn">
<var>${flag}</var>
<arg>type($value)</arg>
<doc>Evaluates the given expression in Python and returns the result.</doc>
<msg timestamp="20210903 18:48:22.678" level="INFO">${flag} = &lt;class 'requests.models.Response'&gt;</msg>
<status status="PASS" starttime="20210903 18:48:22.678" endtime="20210903 18:48:22.678"/>
</kw>
<kw name="Run Keyword If" library="BuiltIn">
<arg>'${status}'=='PASS'</arg>
<arg>Status Should Be</arg>
<arg>${response_code}</arg>
<arg>${value}</arg>
<doc>Runs the given keyword with the given arguments, if ``condition`` is true.</doc>
<kw name="Status Should Be" library="RequestsLibrary">
<arg>${response_code}</arg>
<arg>${value}</arg>
<doc>Fails if response status code is different than the expected.</doc>
<status status="PASS" starttime="20210903 18:48:22.678" endtime="20210903 18:48:22.678"/>
</kw>
<status status="PASS" starttime="20210903 18:48:22.678" endtime="20210903 18:48:22.678"/>
</kw>
<kw name="Run Keyword If" library="BuiltIn">
<arg>'${status}'=='FAIL'</arg>
<arg>Should Contain</arg>
<arg>${value}</arg>
<arg>${response_code}</arg>
<doc>Runs the given keyword with the given arguments, if ``condition`` is true.</doc>
<status status="PASS" starttime="20210903 18:48:22.678" endtime="20210903 18:48:22.678"/>
</kw>
<msg timestamp="20210903 18:48:22.678" level="INFO">${res} = None</msg>
<status status="PASS" starttime="20210903 18:48:22.263" endtime="20210903 18:48:22.678"/>
</kw>
<status status="PASS" starttime="20210903 18:48:22.263" endtime="20210903 18:48:22.678"/>
</kw>
<status status="PASS" starttime="20210903 18:48:22.261" endtime="20210903 18:48:22.678"/>
</test>
<test id="s1-s1-t3" name="Test case: Verify api Search">
<kw name="Get Search api">
<arg>โทรทัศน์</arg>
<arg>1</arg>
<arg>2</arg>
<arg>3</arg>
<arg>bDENtRlm1UchRTFGA3SP9MltOvCXnPff</arg>
<arg>200</arg>
<arg>utm_source=; utm_medium=; utm_campaign=; guest=bDENtRlm1UchRTFGA3SP9MltOvCXnPff; _fbp=fb.2.1629955397080.1027180985; _hjid=33c6dd2c-e604-4d7a-8768-72605534e6c3; scarab.visitor=%2270AAAA6936688C1F%22; scarab.profile=%22OFMY007899%7C1629956085%22; _gid=GA1.3.681975644.1630215812; originalLocation=https://www.officemate.co.th/en; lang=en; _ga=GA1.3.1422895306.1629955396; _HistorySearch=[%22samSUNG123%22%2C%22samsung%22%2C%22dsdsdsd%22%2C%22%E0%B9%84%E0%B8%A1%E0%B9%88%E0%B9%84%E0%B8%94%E0%B9%89%E0%B8%AD%E0%B8%A2%E0%B8%B9%E0%B9%88%E0%B9%84%E0%B8%A1%E0%B9%88%E0%B9%84%E0%B8%94%E0%B9%89%E0%B8%AD%E0%B8%A2%E0%B8%B9%E0%B9%88%E0%B9%84%E0%B8%A1%E0%B9%88%E0%B9%84%E0%B8%94%E0%B9%89%E0%B8%AD%E0%B8%A2%E0%B8%B9%E0%B9%88%E0%B9%84%E0%B8%A1%E0%B9%88%E0%B9%84%E0%B8%94%E0%B9%89%E0%B8%AD%E0%B8%A2%E0%B8%B9%E0%B9%88%22%2C%22%E0%B9%84%E0%B8%A1%E0%B9%88%E0%B9%84%E0%B8%94%E0%B9%89%E0%B8%AD%E0%B8%A2%E0%B8%B9%E0%B9%88%22%2C%22%20%20%20%22%2C%22zxcvnm%22%2C%22iphone%22%2C%22%E0%B9%80%E0%B8%84%E0%B9%89%E0%B8%81%22%2C%22%E0%B8%A5%E0%B8%B1%E0%B8%A5%E0%B8%A5%E0%B8%B2%E0%B8%A5%E0%B8%B2%22]; RT="z=1&amp;dm=officemate.co.th&amp;si=35e03737-c8f6-497a-a2b6-196c4212a494&amp;ss=ksy0lmrv&amp;sl=0&amp;tt=0&amp;bcn=%2F%2F684d0d36.akstat.io%2F"; _ga_HZ7YT7QQR1=GS1.1.1630307636.13.0.1630307636.0; _dc_gtm_UA-11520015-17=1; _gat_UA-12345-1=1</arg>
<arg>VQMOUF5SABAHVlRQAAIAVFc=</arg>
<arg>en</arg>
<kw name="Get search product" library="Common_api">
<var>${res}</var>
<arg>${searchQuery}</arg>
<arg>${limit}</arg>
<arg>${page}</arg>
<arg>${store_id}</arg>
<arg>${x_subject_id}</arg>
<arg>${responseBody}</arg>
<arg>${response_code}</arg>
<arg>${cookie}</arg>
<arg>${x-newrelic-id}</arg>
<arg>${x-store-code}</arg>
<kw name="Create Dictionary" library="BuiltIn">
<var>${param}</var>
<arg>searchQuery=${searchQuery}</arg>
<arg>limit=${limit}</arg>
<arg>page=${page}</arg>
<arg>store_id=${store_id}</arg>
<arg>x_subject_id=${x_subject_id}</arg>
<doc>Creates and returns a dictionary based on the given ``items``.</doc>
<msg timestamp="20210903 18:48:22.696" level="INFO">${param} = {'searchQuery': 'โทรทัศน์', 'limit': '1', 'page': '2', 'store_id': '3', 'x_subject_id': 'bDENtRlm1UchRTFGA3SP9MltOvCXnPff'}</msg>
<status status="PASS" starttime="20210903 18:48:22.694" endtime="20210903 18:48:22.696"/>
</kw>
<kw name="Create Dictionary" library="BuiltIn">
<var>${header}</var>
<arg>cookie=${cookie}</arg>
<arg>x-newrelic-id=${x-newrelic-id}</arg>
<arg>x-store-code=${x-store-code}</arg>
<doc>Creates and returns a dictionary based on the given ``items``.</doc>
<msg timestamp="20210903 18:48:22.698" level="INFO">${header} = {'cookie': 'utm_source=; utm_medium=; utm_campaign=; guest=bDENtRlm1UchRTFGA3SP9MltOvCXnPff; _fbp=fb.2.1629955397080.1027180985; _hjid=33c6dd2c-e604-4d7a-8768-72605534e6c3; scarab.visitor=%2270AAAA693...</msg>
<status status="PASS" starttime="20210903 18:48:22.697" endtime="20210903 18:48:22.698"/>
</kw>
<kw name="Run Keyword And Ignore Error" library="BuiltIn">
<var>${status}</var>
<var>${value}</var>
<arg>RequestsLibrary.GET</arg>
<arg>${api_url}/search/products</arg>
<arg>${param}</arg>
<arg>headers=${header}</arg>
<doc>Runs the given keyword with the given arguments and ignores possible error.</doc>
<kw name="GET" library="RequestsLibrary">
<arg>${api_url}/search/products</arg>
<arg>${param}</arg>
<arg>headers=${header}</arg>
<doc>Sends a GET request.</doc>
<msg timestamp="20210903 18:48:23.077" level="INFO">GET Request : url=https://www.officemate.co.th/api/search/products?searchQuery=%E0%B9%82%E0%B8%97%E0%B8%A3%E0%B8%97%E0%B8%B1%E0%B8%A8%E0%B8%99%E0%B9%8C&amp;limit=1&amp;page=2&amp;store_id=3&amp;x_subject_id=bDENtRlm1UchRTFGA3SP9MltOvCXnPff 
 path_url=/api/search/products?searchQuery=%E0%B9%82%E0%B8%97%E0%B8%A3%E0%B8%97%E0%B8%B1%E0%B8%A8%E0%B8%99%E0%B9%8C&amp;limit=1&amp;page=2&amp;store_id=3&amp;x_subject_id=bDENtRlm1UchRTFGA3SP9MltOvCXnPff 
 headers={'User-Agent': 'python-requests/2.26.0', 'Accept-Encoding': 'gzip, deflate', 'Accept': '*/*', 'Connection': 'keep-alive', 'cookie': 'utm_source=; utm_medium=; utm_campaign=; guest=bDENtRlm1UchRTFGA3SP9MltOvCXnPff; _fbp=fb.2.1629955397080.1027180985; _hjid=33c6dd2c-e604-4d7a-8768-72605534e6c3; scarab.visitor=%2270AAAA6936688C1F%22; scarab.profile=%22OFMY007899%7C1629956085%22; _gid=GA1.3.681975644.1630215812; originalLocation=https://www.officemate.co.th/en; lang=en; _ga=GA1.3.1422895306.1629955396; _HistorySearch=[%22samSUNG123%22%2C%22samsung%22%2C%22dsdsdsd%22%2C%22%E0%B9%84%E0%B8%A1%E0%B9%88%E0%B9%84%E0%B8%94%E0%B9%89%E0%B8%AD%E0%B8%A2%E0%B8%B9%E0%B9%88%E0%B9%84%E0%B8%A1%E0%B9%88%E0%B9%84%E0%B8%94%E0%B9%89%E0%B8%AD%E0%B8%A2%E0%B8%B9%E0%B9%88%E0%B9%84%E0%B8%A1%E0%B9%88%E0%B9%84%E0%B8%94%E0%B9%89%E0%B8%AD%E0%B8%A2%E0%B8%B9%E0%B9%88%E0%B9%84%E0%B8%A1%E0%B9%88%E0%B9%84%E0%B8%94%E0%B9%89%E0%B8%AD%E0%B8%A2%E0%B8%B9%E0%B9%88%22%2C%22%E0%B9%84%E0%B8%A1%E0%B9%88%E0%B9%84%E0%B8%94%E0%B9%89%E0%B8%AD%E0%B8%A2%E0%B8%B9%E0%B9%88%22%2C%22%20%20%20%22%2C%22zxcvnm%22%2C%22iphone%22%2C%22%E0%B9%80%E0%B8%84%E0%B9%89%E0%B8%81%22%2C%22%E0%B8%A5%E0%B8%B1%E0%B8%A5%E0%B8%A5%E0%B8%B2%E0%B8%A5%E0%B8%B2%22]; RT="z=1&amp;dm=officemate.co.th&amp;si=35e03737-c8f6-497a-a2b6-196c4212a494&amp;ss=ksy0lmrv&amp;sl=0&amp;tt=0&amp;bcn=%2F%2F684d0d36.akstat.io%2F"; _ga_HZ7YT7QQR1=GS1.1.1630307636.13.0.1630307636.0; _dc_gtm_UA-11520015-17=1; _gat_UA-12345-1=1', 'x-newrelic-id': 'VQMOUF5SABAHVlRQAAIAVFc=', 'x-store-code': 'en'} 
 body=None 
 </msg>
<msg timestamp="20210903 18:48:23.077" level="INFO">GET Response : url=https://www.officemate.co.th/api/search/products?searchQuery=%E0%B9%82%E0%B8%97%E0%B8%A3%E0%B8%97%E0%B8%B1%E0%B8%A8%E0%B8%99%E0%B9%8C&amp;limit=1&amp;page=2&amp;store_id=3&amp;x_subject_id=bDENtRlm1UchRTFGA3SP9MltOvCXnPff 
 status=200, reason=OK 
 headers={'Content-Type': 'application/json; charset=utf-8', 'X-Powered-By': 'Express', 'x-frame-options': 'SAMEORIGIN', 'x-xss-protection': '1; mode=block', 'ETag': 'W/"4de5-R055Sk31XNd4tNS/sZHmI8bFu/E"', 'Content-Encoding': 'gzip', 'Content-Length': '4196', 'Cache-Control': 'public, max-age=120', 'Expires': 'Fri, 03 Sep 2021 11:50:19 GMT', 'Date': 'Fri, 03 Sep 2021 11:48:19 GMT', 'Connection': 'keep-alive', 'Vary': 'Accept-Encoding', 'Server-Timing': 'cdn-cache; desc=MISS, edge; dur=5, origin; dur=211'} 
 body={"products":{"total_count":26,"products":[{"id":190417,"type_id":"simple","name":"BTICINO TV Socket BTICINO SM9152D White ","brand_name":"BTICINO","small_image":"/y/0/y040419.jpg","image":"/y/0/y040419.jpg","thumbnail":"/y/0/y040419.jpg","url_key":"bticino-เต้ารับโทรทัศน์-matix-bticino-รุ่น-sm9152d-สีขาว-bticino-sm9152d-ofmy040419","attribute_set_id":394,"visibility":4,"status":1,"is_returnable":"2","category":[{"category_id":2,"level":1,"parent_id":1,"url_key":"default-category"},{"category_id":289,"name":"Tools","level":2,"parent_id":2,"url_key":"tools","url_path":"tools","is_parent":true},{"category_id":870,"name":"Electrical equipment","level":3,"parent_id":289,"url_key":"electrical-equipment","url_path":"tools/electrical-equipment","is_parent":true},{"category_id":1078,"name":"Electrical Accessories","level":4,"parent_id":870,"url_key":"electrical-accessories","url_path":"tools/electrical-equipment/electrical-accessories","is_parent":true}],"price":187,"tier_prices":[{"price":187,"original_price":187,"customer_group_id":0,"is_discount":false},{"price":187,"original_price":187,"customer_group_id":1,"is_discount":false},{"price":187,"original_price":187,"customer_group_id":2,"is_discount":false},{"price":187,"original_price":187,"customer_group_id":3,"is_discount":false},{"price":187,"original_price":187,"customer_group_id":4,"is_discount":false},{"price":187,"original_price":187,"customer_group_id":5,"is_discount":false}],"special_price":187,"special_from_date":"2021-07-20T00:00:00","stock":{"qty":99999,"is_in_stock":true},"score":23.627571,"custom_attributes_option":[{"attribute_code":"small_image","value":"/y/0/y040419.jpg","position":0},{"attribute_code":"special_from_date","value":"2021-07-20 00:00:00","position":0},{"attribute_code":"in_xml_sitemap","value":"Include in XML Sitemap","position":0},{"attribute_code":"swatch_image","value":"/y/0/y040419.jpg","position":0},{"attribute_code":"visibility","value":4,"position":0},{"attribute_code":"ofm_green_product","value":"General Product","position":0},{"attribute_code":"plug_number_slot_dp","value":"1 Slots","position":0},{"attribute_code":"price_inc_tax","value":187,"position":0},{"attribute_code":"created_at","value":"2021-06-18 18:52:35","position":0},{"attribute_code":"special_price","value":187,"position":0},{"attribute_code":"unit","value":"EA","position":0},{"attribute_code":"is_bestdeal","value":"Is Best Deal","position":0},{"attribute_code":"standard_color_dp","value":"White","position":0},{"attribute_code":"shipment_group_id","value":"MKP_2020","position":0},{"attribute_code":"ofm_product_type","value":11,"position":0},{"attribute_code":"description","value":"&lt;ul&gt;\r\n&lt;li&gt;ใช้สำหรับเป็นอุปกรณ์เต้ารับโทรทัศน์ สามารถติดตั้งได้ง่ายกับหน้ากากสวิตซ์ ผลิตจากวัสดุคุณภาพดี ไม่นำไฟ&lt;/li&gt;\r\n&lt;li&gt;ผลิตจากวัสดุคุณภาพดี ไม่นำไฟ&lt;/li&gt;\r\n&lt;li&gt;ดีไซน์สวยงาม เรียบง่าย&lt;/li&gt;\r\n&lt;li&gt;สามารถติดตั้งง่าย เข้ากับทุกงานเฟอร์นิเจอร์&lt;/li&gt;\r\n&lt;li&gt;สีขาว&lt;/li&gt;\r\n&lt;/ul&gt;","position":0},{"attribute_code":"min_lead_time","value":5,"position":0},{"attribute_code":"updated_at","value":"2021-07-20 05:04:15","position":0},{"attribute_code":"has_options","value":false,"position":0},{"attribute_code":"barcode","value":"000000Y040419","position":0},{"attribute_code":"image","value":"/y/0/y040419.jpg","position":0},{"attribute_code":"price_discount","value":0,"position":0},{"attribute_code":"shipping_methods","value":["ofm_standard"],"position":0},{"attribute_code":"status","value":"Enabled","position":0},{"attribute_code":"short_description","value":"&lt;ul&gt;\r\n&lt;li&gt;ใช้สำหรับเป็นอุปกรณ์เต้ารับโทรทัศน์ สามารถติดตั้งได้ง่ายกับหน้ากากสวิตซ์ ผลิตจากวัสดุคุณภาพดี ไม่นำไฟ&lt;/li&gt;\r\n&lt;li&gt;ผลิตจากวัสดุคุณภาพดี ไม่นำไฟ&lt;/li&gt;\r\n&lt;li&gt;ดีไซน์สวยงาม เรียบง่าย&lt;/li&gt;\r\n&lt;li&gt;สามารถติดตั้งง่าย เข้ากับทุกงานเฟอร์นิเจอร์&lt;/li&gt;\r\n&lt;li&gt;สีขาว&lt;/li&gt;\r\n&lt;/ul&gt;","position":0},{"attribute_code":"is_new_product","value":"New Product","position":0},{"attribute_code":"is_returnable","value":"2","position":0},{"attribute_code":"brand_name","value":"BTICINO","position":0},{"attribute_code":"search_keywords","value":"BTICINO TV Socket BTICINO SM9152D White  เต้ารับโทรทัศน์ Matix BTICINO SM9152D ขาว ","position":0},{"attribute_code":"max_lead_time","value":7,"position":0},{"attribute_code":"special_price_inc_tax","value":187,"position":0},{"attribute_code":"url_key","value":"bticino-เต้ารับโทรทัศน์-matix-bticino-รุ่น-sm9152d-สีขาว-bticino-sm9152d-ofmy040419","values":["bticino-เต้ารับโทรทัศน์-matix-bticino-รุ่น-sm9152d-สีขาว-bticino-sm9152d-ofmy040419"],"position":0},{"attribute_code":"product_group","value":"B","position":0},{"attribute_code":"required_options","value":false,"position":0},{"attribute_code":"options_container","value":"Block after Info Column","position":0},{"attribute_code":"tax_class_id","value":"Taxable Goods","position":0},{"attribute_code":"payment_methods","value":["companycredit","payment_service_bank_transfer","payment_service_fullpayment","payment_service_installment"],"position":0},{"attribute_code":"thumbnail","value":"/y/0/y040419.jpg","position":0}],"custom_attributes":[{"attribute_code":"name","name":"name","label":"Product Name","value":"BTICINO TV Socket BTICINO SM9152D White "},{"attribute_code":"image","name":"image","label":"Base","value":"/y/0/y040419.jpg"},{"attribute_code":"small_image","name":"small_image","label":"Small","value":"/y/0/y040419.jpg"},{"attribute_code":"thumbnail","name":"thumbnail","label":"Thumbnail","value":"/y/0/y040419.jpg"},{"attribute_code":"options_container","name":"options_container","label":"Display Product Options In","value":"container2"},{"attribute_code":"url_key","name":"url_key","label":"URL Key","value":"bticino-เต้ารับโทรทัศน์-matix-bticino-รุ่น-sm9152d-สีขาว-bticino-sm9152d-ofmy040419"},{"attribute_code":"msrp_display_actual_price_type","name":"msrp_display_actual_price_type","label":"Display Actual Price","value":"0"},{"attribute_code":"gift_message_available","name":"gift_message_available","label":"Allow Gift Message","value":"0"},{"attribute_code":"gift_wrapping_available","name":"gift_wrapping_available","label":"Allow Gift Wrapping","value":"0"},{"attribute_code":"is_returnable","name":"is_returnable","label":"Enable RMA","value":"2"},{"attribute_code":"swatch_image","name":"swatch_image","label":"Swatch","value":"/y/0/y040419.jpg"},{"attribute_code":"payment_methods","name":"payment_methods","label":"Payment Methods","value":"companycredit,payment_service_bank_transfer,payment_service_fullpayment,payment_service_installment"},{"attribute_code":"unit","name":"unit","label":"Unit","value":"EA"},{"attribute_code":"discount_code","name":"discount_code","label":"DISCOUNT CODE","value":"0"},{"attribute_code":"shipping_methods","name":"shipping_methods","label":"Shipping Methods","value":"ofm_standard"},{"attribute_code":"barcode","name":"barcode","label":"Barcode","value":"000000Y040419"},{"attribute_code":"product_group","name":"product_group","label":"Product Group","value":"b"},{"attribute_code":"search_keywords","name":"search_keywords","label":"ElasticSuite Search Keywords","value":"BTICINO TV Socket BTICINO SM9152D White  เต้ารับโทรทัศน์ Matix BTICINO SM9152D ขาว "},{"attribute_code":"description","name":"description","label":"Description","value":"&lt;ul&gt;\r\n&lt;li&gt;ใช้สำหรับเป็นอุปกรณ์เต้ารับโทรทัศน์ สามารถติดตั้งได้ง่ายกับหน้ากากสวิตซ์ ผลิตจากวัสดุคุณภาพดี ไม่นำไฟ&lt;/li&gt;\r\n&lt;li&gt;ผลิตจากวัสดุคุณภาพดี ไม่นำไฟ&lt;/li&gt;\r\n&lt;li&gt;ดีไซน์สวยงาม เรียบง่าย&lt;/li&gt;\r\n&lt;li&gt;สามารถติดตั้งง่าย เข้ากับทุกงานเฟอร์นิเจอร์&lt;/li&gt;\r\n&lt;li&gt;สีขาว&lt;/li&gt;\r\n&lt;/ul&gt;"},{"attribute_code":"short_description","name":"short_description","label":"short description","value":"&lt;ul&gt;\r\n&lt;li&gt;ใช้สำหรับเป็นอุปกรณ์เต้ารับโทรทัศน์ สามารถติดตั้งได้ง่ายกับหน้ากากสวิตซ์ ผลิตจากวัสดุคุณภาพดี ไม่นำไฟ&lt;/li&gt;\r\n&lt;li&gt;ผลิตจากวัสดุคุณภาพดี ไม่นำไฟ&lt;/li&gt;\r\n&lt;li&gt;ดีไซน์สวยงาม เรียบง่าย&lt;/li&gt;\r\n&lt;li&gt;สามารถติดตั้งง่าย เข้ากับทุกงานเฟอร์นิเจอร์&lt;/li&gt;\r\n&lt;li&gt;สีขาว&lt;/li&gt;\r\n&lt;/ul&gt;"},{"attribute_code":"special_price","name":"special_price","label":"Special Price","value":"174.7700"},{"attribute_code":"weight","name":"weight","label":"Weight","value":"0.0000"},{"attribute_code":"ts_dimensions_length","name":"ts_dimensions_length","label":"Length","value":"0.0000"},{"attribute_code":"ts_dimensions_width","name":"ts_dimensions_width","label":"Width","value":"0.0000"},{"attribute_code":"ts_dimensions_height","name":"ts_dimensions_height","label":"Height","value":"0.0000"},{"attribute_code":"delivery_surcharge_fee","name":"delivery_surcharge_fee","label":"Delivery Surcharge Fee","value":"0.0000"},{"attribute_code":"special_price_inc_tax","name":"special_price_inc_tax","label":"Special Price Include Tax","value":"187.0000"},{"attribute_code":"price_inc_tax","name":"price_inc_tax","label":"Price Include Tax","value":"187.0000"},{"attribute_code":"percent_discount","name":"percent_discount","label":"Percent Discount","value":"0.0000"},{"attribute_code":"special_from_date","name":"special_from_date","label":"Special Price From Date","value":"2021-07-19 17:00:00"},{"attribute_code":"special_to_date","name":"special_to_date","label":"Special Price To Date"},{"attribute_code":"special_expires_at","name":"special_expires_at","label":"Special Expires At"},{"attribute_code":"status","name":"status","label":"Enable Product","value":"1"},{"attribute_code":"visibility","name":"visibility","label":"Visibility","value":"4"},{"attribute_code":"tax_class_id","name":"tax_class_id","label":"Tax Class","value":"2"},{"attribute_code":"amxnotif_hide_alert","name":"amxnotif_hide_alert","label":"Hide Stock Alert Block","value":"0"},{"attribute_code":"brand_name","name":"brand_name","label":"Brand","value":"5097"},{"attribute_code":"online_price_enabled","name":"online_price_enabled","label":"Online Price Enabled","value":"0"},{"attribute_code":"recommended","name":"recommended","label":"Recommended","value":"0"},{"attribute_code":"new_arrival","name":"new_arrival","label":"สินค้าใหม่","value":"0"},{"attribute_code":"standard_color_dp","name":"standard_color_dp","label":"P... (set the log level to DEBUG or TRACE to see the full content) 
 </msg>
<status status="PASS" starttime="20210903 18:48:22.698" endtime="20210903 18:48:23.077"/>
</kw>
<msg timestamp="20210903 18:48:23.077" level="INFO">${status} = PASS</msg>
<msg timestamp="20210903 18:48:23.077" level="INFO">${value} = &lt;Response [200]&gt;</msg>
<status status="PASS" starttime="20210903 18:48:22.698" endtime="20210903 18:48:23.077"/>
</kw>
<kw name="Evaluate" library="BuiltIn">
<var>${flag}</var>
<arg>type($value)</arg>
<doc>Evaluates the given expression in Python and returns the result.</doc>
<msg timestamp="20210903 18:48:23.077" level="INFO">${flag} = &lt;class 'requests.models.Response'&gt;</msg>
<status status="PASS" starttime="20210903 18:48:23.077" endtime="20210903 18:48:23.077"/>
</kw>
<kw name="Run Keyword If" library="BuiltIn">
<arg>'${status}'=='PASS'</arg>
<arg>Status Should Be</arg>
<arg>${response_code}</arg>
<arg>${value}</arg>
<doc>Runs the given keyword with the given arguments, if ``condition`` is true.</doc>
<kw name="Status Should Be" library="RequestsLibrary">
<arg>${response_code}</arg>
<arg>${value}</arg>
<doc>Fails if response status code is different than the expected.</doc>
<status status="PASS" starttime="20210903 18:48:23.077" endtime="20210903 18:48:23.077"/>
</kw>
<status status="PASS" starttime="20210903 18:48:23.077" endtime="20210903 18:48:23.077"/>
</kw>
<kw name="Run Keyword If" library="BuiltIn">
<arg>'${status}'=='FAIL'</arg>
<arg>Should Contain</arg>
<arg>${value}</arg>
<arg>${response_code}</arg>
<doc>Runs the given keyword with the given arguments, if ``condition`` is true.</doc>
<status status="PASS" starttime="20210903 18:48:23.077" endtime="20210903 18:48:23.077"/>
</kw>
<msg timestamp="20210903 18:48:23.077" level="INFO">${res} = None</msg>
<status status="PASS" starttime="20210903 18:48:22.692" endtime="20210903 18:48:23.077"/>
</kw>
<status status="PASS" starttime="20210903 18:48:22.691" endtime="20210903 18:48:23.077"/>
</kw>
<status status="PASS" starttime="20210903 18:48:22.688" endtime="20210903 18:48:23.077"/>
</test>
<test id="s1-s1-t4" name="Test case: Verify api Search">
<kw name="Get Search api">
<arg>โทรทัศน์</arg>
<arg>abc</arg>
<arg>abc</arg>
<arg>abc</arg>
<arg>bDENtRlm1UchRTFGA3SP9MltOvCXnPffvdfdf</arg>
<arg>404</arg>
<arg>utm_source=; utm_medium=; utm_campaign=; guest=bDENtRlm1UchRTFGA3SP9MltOvCXnPff; _fbp=fb.2.1629955397080.1027180985; _hjid=33c6dd2c-e604-4d7a-8768-72605534e6c3; scarab.visitor=%2270AAAA6936688C1F%22; scarab.profile=%22OFMY007899%7C1629956085%22; _gid=GA1.3.681975644.1630215812; originalLocation=https://www.officemate.co.th/en; lang=en; _ga=GA1.3.1422895306.1629955396; _HistorySearch=[%22samSUNG123%22%2C%22samsung%22%2C%22dsdsdsd%22%2C%22%E0%B9%84%E0%B8%A1%E0%B9%88%E0%B9%84%E0%B8%94%E0%B9%89%E0%B8%AD%E0%B8%A2%E0%B8%B9%E0%B9%88%E0%B9%84%E0%B8%A1%E0%B9%88%E0%B9%84%E0%B8%94%E0%B9%89%E0%B8%AD%E0%B8%A2%E0%B8%B9%E0%B9%88%E0%B9%84%E0%B8%A1%E0%B9%88%E0%B9%84%E0%B8%94%E0%B9%89%E0%B8%AD%E0%B8%A2%E0%B8%B9%E0%B9%88%E0%B9%84%E0%B8%A1%E0%B9%88%E0%B9%84%E0%B8%94%E0%B9%89%E0%B8%AD%E0%B8%A2%E0%B8%B9%E0%B9%88%22%2C%22%E0%B9%84%E0%B8%A1%E0%B9%88%E0%B9%84%E0%B8%94%E0%B9%89%E0%B8%AD%E0%B8%A2%E0%B8%B9%E0%B9%88%22%2C%22%20%20%20%22%2C%22zxcvnm%22%2C%22iphone%22%2C%22%E0%B9%80%E0%B8%84%E0%B9%89%E0%B8%81%22%2C%22%E0%B8%A5%E0%B8%B1%E0%B8%A5%E0%B8%A5%E0%B8%B2%E0%B8%A5%E0%B8%B2%22]; RT="z=1&amp;dm=officemate.co.th&amp;si=35e03737-c8f6-497a-a2b6-196c4212a494&amp;ss=ksy0lmrv&amp;sl=0&amp;tt=0&amp;bcn=%2F%2F684d0d36.akstat.io%2F"; _ga_HZ7YT7QQR1=GS1.1.1630307636.13.0.1630307636.0; _dc_gtm_UA-11520015-17=1; _gat_UA-12345-1=1</arg>
<arg>VQMOUF5SABAHVlRQAAIAVFc=</arg>
<arg>en</arg>
<kw name="Get search product" library="Common_api">
<var>${res}</var>
<arg>${searchQuery}</arg>
<arg>${limit}</arg>
<arg>${page}</arg>
<arg>${store_id}</arg>
<arg>${x_subject_id}</arg>
<arg>${responseBody}</arg>
<arg>${response_code}</arg>
<arg>${cookie}</arg>
<arg>${x-newrelic-id}</arg>
<arg>${x-store-code}</arg>
<kw name="Create Dictionary" library="BuiltIn">
<var>${param}</var>
<arg>searchQuery=${searchQuery}</arg>
<arg>limit=${limit}</arg>
<arg>page=${page}</arg>
<arg>store_id=${store_id}</arg>
<arg>x_subject_id=${x_subject_id}</arg>
<doc>Creates and returns a dictionary based on the given ``items``.</doc>
<msg timestamp="20210903 18:48:23.097" level="INFO">${param} = {'searchQuery': 'โทรทัศน์', 'limit': 'abc', 'page': 'abc', 'store_id': 'abc', 'x_subject_id': 'bDENtRlm1UchRTFGA3SP9MltOvCXnPffvdfdf'}</msg>
<status status="PASS" starttime="20210903 18:48:23.096" endtime="20210903 18:48:23.097"/>
</kw>
<kw name="Create Dictionary" library="BuiltIn">
<var>${header}</var>
<arg>cookie=${cookie}</arg>
<arg>x-newrelic-id=${x-newrelic-id}</arg>
<arg>x-store-code=${x-store-code}</arg>
<doc>Creates and returns a dictionary based on the given ``items``.</doc>
<msg timestamp="20210903 18:48:23.099" level="INFO">${header} = {'cookie': 'utm_source=; utm_medium=; utm_campaign=; guest=bDENtRlm1UchRTFGA3SP9MltOvCXnPff; _fbp=fb.2.1629955397080.1027180985; _hjid=33c6dd2c-e604-4d7a-8768-72605534e6c3; scarab.visitor=%2270AAAA693...</msg>
<status status="PASS" starttime="20210903 18:48:23.098" endtime="20210903 18:48:23.099"/>
</kw>
<kw name="Run Keyword And Ignore Error" library="BuiltIn">
<var>${status}</var>
<var>${value}</var>
<arg>RequestsLibrary.GET</arg>
<arg>${api_url}/search/products</arg>
<arg>${param}</arg>
<arg>headers=${header}</arg>
<doc>Runs the given keyword with the given arguments and ignores possible error.</doc>
<kw name="GET" library="RequestsLibrary">
<arg>${api_url}/search/products</arg>
<arg>${param}</arg>
<arg>headers=${header}</arg>
<doc>Sends a GET request.</doc>
<msg timestamp="20210903 18:48:23.309" level="INFO">GET Request : url=https://www.officemate.co.th/api/search/products?searchQuery=%E0%B9%82%E0%B8%97%E0%B8%A3%E0%B8%97%E0%B8%B1%E0%B8%A8%E0%B8%99%E0%B9%8C&amp;limit=abc&amp;page=abc&amp;store_id=abc&amp;x_subject_id=bDENtRlm1UchRTFGA3SP9MltOvCXnPffvdfdf 
 path_url=/api/search/products?searchQuery=%E0%B9%82%E0%B8%97%E0%B8%A3%E0%B8%97%E0%B8%B1%E0%B8%A8%E0%B8%99%E0%B9%8C&amp;limit=abc&amp;page=abc&amp;store_id=abc&amp;x_subject_id=bDENtRlm1UchRTFGA3SP9MltOvCXnPffvdfdf 
 headers={'User-Agent': 'python-requests/2.26.0', 'Accept-Encoding': 'gzip, deflate', 'Accept': '*/*', 'Connection': 'keep-alive', 'cookie': 'utm_source=; utm_medium=; utm_campaign=; guest=bDENtRlm1UchRTFGA3SP9MltOvCXnPff; _fbp=fb.2.1629955397080.1027180985; _hjid=33c6dd2c-e604-4d7a-8768-72605534e6c3; scarab.visitor=%2270AAAA6936688C1F%22; scarab.profile=%22OFMY007899%7C1629956085%22; _gid=GA1.3.681975644.1630215812; originalLocation=https://www.officemate.co.th/en; lang=en; _ga=GA1.3.1422895306.1629955396; _HistorySearch=[%22samSUNG123%22%2C%22samsung%22%2C%22dsdsdsd%22%2C%22%E0%B9%84%E0%B8%A1%E0%B9%88%E0%B9%84%E0%B8%94%E0%B9%89%E0%B8%AD%E0%B8%A2%E0%B8%B9%E0%B9%88%E0%B9%84%E0%B8%A1%E0%B9%88%E0%B9%84%E0%B8%94%E0%B9%89%E0%B8%AD%E0%B8%A2%E0%B8%B9%E0%B9%88%E0%B9%84%E0%B8%A1%E0%B9%88%E0%B9%84%E0%B8%94%E0%B9%89%E0%B8%AD%E0%B8%A2%E0%B8%B9%E0%B9%88%E0%B9%84%E0%B8%A1%E0%B9%88%E0%B9%84%E0%B8%94%E0%B9%89%E0%B8%AD%E0%B8%A2%E0%B8%B9%E0%B9%88%22%2C%22%E0%B9%84%E0%B8%A1%E0%B9%88%E0%B9%84%E0%B8%94%E0%B9%89%E0%B8%AD%E0%B8%A2%E0%B8%B9%E0%B9%88%22%2C%22%20%20%20%22%2C%22zxcvnm%22%2C%22iphone%22%2C%22%E0%B9%80%E0%B8%84%E0%B9%89%E0%B8%81%22%2C%22%E0%B8%A5%E0%B8%B1%E0%B8%A5%E0%B8%A5%E0%B8%B2%E0%B8%A5%E0%B8%B2%22]; RT="z=1&amp;dm=officemate.co.th&amp;si=35e03737-c8f6-497a-a2b6-196c4212a494&amp;ss=ksy0lmrv&amp;sl=0&amp;tt=0&amp;bcn=%2F%2F684d0d36.akstat.io%2F"; _ga_HZ7YT7QQR1=GS1.1.1630307636.13.0.1630307636.0; _dc_gtm_UA-11520015-17=1; _gat_UA-12345-1=1', 'x-newrelic-id': 'VQMOUF5SABAHVlRQAAIAVFc=', 'x-store-code': 'en'} 
 body=None 
 </msg>
<msg timestamp="20210903 18:48:23.309" level="INFO">GET Response : url=https://www.officemate.co.th/api/search/products?searchQuery=%E0%B9%82%E0%B8%97%E0%B8%A3%E0%B8%97%E0%B8%B1%E0%B8%A8%E0%B8%99%E0%B9%8C&amp;limit=abc&amp;page=abc&amp;store_id=abc&amp;x_subject_id=bDENtRlm1UchRTFGA3SP9MltOvCXnPffvdfdf 
 status=404, reason=Not Found 
 headers={'Content-Type': 'application/json; charset=utf-8', 'Content-Length': '62', 'X-Powered-By': 'Express', 'x-frame-options': 'SAMEORIGIN', 'x-xss-protection': '1; mode=block', 'ETag': 'W/"3e-h30rKD0AVpt4N572PmCD2xi+NCs"', 'Cache-Control': 'max-age=300', 'Expires': 'Fri, 03 Sep 2021 11:53:19 GMT', 'Date': 'Fri, 03 Sep 2021 11:48:19 GMT', 'Connection': 'keep-alive', 'Server-Timing': 'edge; dur=2, origin; dur=55, cdn-cache; desc=MISS'} 
 body={"products":null,"message":"[object Object]","status":"error"} 
 </msg>
<msg timestamp="20210903 18:48:23.309" level="FAIL">HTTPError: 404 Client Error: Not Found for url: https://www.officemate.co.th/api/search/products?searchQuery=%E0%B9%82%E0%B8%97%E0%B8%A3%E0%B8%97%E0%B8%B1%E0%B8%A8%E0%B8%99%E0%B9%8C&amp;limit=abc&amp;page=abc&amp;store_id=abc&amp;x_subject_id=bDENtRlm1UchRTFGA3SP9MltOvCXnPffvdfdf</msg>
<status status="FAIL" starttime="20210903 18:48:23.099" endtime="20210903 18:48:23.309"/>
</kw>
<msg timestamp="20210903 18:48:23.309" level="INFO">${status} = FAIL</msg>
<msg timestamp="20210903 18:48:23.309" level="INFO">${value} = HTTPError: 404 Client Error: Not Found for url: https://www.officemate.co.th/api/search/products?searchQuery=%E0%B9%82%E0%B8%97%E0%B8%A3%E0%B8%97%E0%B8%B1%E0%B8%A8%E0%B8%99%E0%B9%8C&amp;limit=abc&amp;page=abc...</msg>
<status status="PASS" starttime="20210903 18:48:23.099" endtime="20210903 18:48:23.309"/>
</kw>
<kw name="Evaluate" library="BuiltIn">
<var>${flag}</var>
<arg>type($value)</arg>
<doc>Evaluates the given expression in Python and returns the result.</doc>
<msg timestamp="20210903 18:48:23.309" level="INFO">${flag} = &lt;class 'str'&gt;</msg>
<status status="PASS" starttime="20210903 18:48:23.309" endtime="20210903 18:48:23.309"/>
</kw>
<kw name="Run Keyword If" library="BuiltIn">
<arg>'${status}'=='PASS'</arg>
<arg>Status Should Be</arg>
<arg>${response_code}</arg>
<arg>${value}</arg>
<doc>Runs the given keyword with the given arguments, if ``condition`` is true.</doc>
<status status="PASS" starttime="20210903 18:48:23.309" endtime="20210903 18:48:23.309"/>
</kw>
<kw name="Run Keyword If" library="BuiltIn">
<arg>'${status}'=='FAIL'</arg>
<arg>Should Contain</arg>
<arg>${value}</arg>
<arg>${response_code}</arg>
<doc>Runs the given keyword with the given arguments, if ``condition`` is true.</doc>
<kw name="Should Contain" library="BuiltIn">
<arg>${value}</arg>
<arg>${response_code}</arg>
<doc>Fails if ``container`` does not contain ``item`` one or more times.</doc>
<status status="PASS" starttime="20210903 18:48:23.309" endtime="20210903 18:48:23.325"/>
</kw>
<status status="PASS" starttime="20210903 18:48:23.309" endtime="20210903 18:48:23.325"/>
</kw>
<msg timestamp="20210903 18:48:23.325" level="INFO">${res} = None</msg>
<status status="PASS" starttime="20210903 18:48:23.093" endtime="20210903 18:48:23.325"/>
</kw>
<status status="PASS" starttime="20210903 18:48:23.092" endtime="20210903 18:48:23.325"/>
</kw>
<status status="PASS" starttime="20210903 18:48:23.089" endtime="20210903 18:48:23.326"/>
</test>
<test id="s1-s1-t5" name="Test case: Verify api Search">
<kw name="Get Search api">
<arg>&lt;pre class="line-numbers language-robot"&gt;&lt;code class="language-robot"&gt;&lt;span class="token settings section"&gt;&lt;span class="token section-header keyword"&gt;*** Settings ***&lt;/span&gt;</arg>
<arg>8</arg>
<arg>0</arg>
<arg>7</arg>
<arg>bDENtRlm1UchRTFGA3SP9MltOvCXnPff</arg>
<arg>404</arg>
<arg>utm_source=; utm_medium=; utm_campaign=; guest=bDENtRlm1UchRTFGA3SP9MltOvCXnPff; _fbp=fb.2.1629955397080.1027180985; _hjid=33c6dd2c-e604-4d7a-8768-72605534e6c3; scarab.visitor=%2270AAAA6936688C1F%22; scarab.profile=%22OFMY007899%7C1629956085%22; _gid=GA1.3.681975644.1630215812; originalLocation=https://www.officemate.co.th/en; lang=en; _ga=GA1.3.1422895306.1629955396; _HistorySearch=[%22samSUNG123%22%2C%22samsung%22%2C%22dsdsdsd%22%2C%22%E0%B9%84%E0%B8%A1%E0%B9%88%E0%B9%84%E0%B8%94%E0%B9%89%E0%B8%AD%E0%B8%A2%E0%B8%B9%E0%B9%88%E0%B9%84%E0%B8%A1%E0%B9%88%E0%B9%84%E0%B8%94%E0%B9%89%E0%B8%AD%E0%B8%A2%E0%B8%B9%E0%B9%88%E0%B9%84%E0%B8%A1%E0%B9%88%E0%B9%84%E0%B8%94%E0%B9%89%E0%B8%AD%E0%B8%A2%E0%B8%B9%E0%B9%88%E0%B9%84%E0%B8%A1%E0%B9%88%E0%B9%84%E0%B8%94%E0%B9%89%E0%B8%AD%E0%B8%A2%E0%B8%B9%E0%B9%88%22%2C%22%E0%B9%84%E0%B8%A1%E0%B9%88%E0%B9%84%E0%B8%94%E0%B9%89%E0%B8%AD%E0%B8%A2%E0%B8%B9%E0%B9%88%22%2C%22%20%20%20%22%2C%22zxcvnm%22%2C%22iphone%22%2C%22%E0%B9%80%E0%B8%84%E0%B9%89%E0%B8%81%22%2C%22%E0%B8%A5%E0%B8%B1%E0%B8%A5%E0%B8%A5%E0%B8%B2%E0%B8%A5%E0%B8%B2%22]; RT="z=1&amp;dm=officemate.co.th&amp;si=35e03737-c8f6-497a-a2b6-196c4212a494&amp;ss=ksy0lmrv&amp;sl=0&amp;tt=0&amp;bcn=%2F%2F684d0d36.akstat.io%2F"; _ga_HZ7YT7QQR1=GS1.1.1630307636.13.0.1630307636.0; _dc_gtm_UA-11520015-17=1; _gat_UA-12345-1=1</arg>
<arg>VQMOUF5SABAHVlRQAAIAVFc=</arg>
<arg>en</arg>
<kw name="Get search product" library="Common_api">
<var>${res}</var>
<arg>${searchQuery}</arg>
<arg>${limit}</arg>
<arg>${page}</arg>
<arg>${store_id}</arg>
<arg>${x_subject_id}</arg>
<arg>${responseBody}</arg>
<arg>${response_code}</arg>
<arg>${cookie}</arg>
<arg>${x-newrelic-id}</arg>
<arg>${x-store-code}</arg>
<kw name="Create Dictionary" library="BuiltIn">
<var>${param}</var>
<arg>searchQuery=${searchQuery}</arg>
<arg>limit=${limit}</arg>
<arg>page=${page}</arg>
<arg>store_id=${store_id}</arg>
<arg>x_subject_id=${x_subject_id}</arg>
<doc>Creates and returns a dictionary based on the given ``items``.</doc>
<msg timestamp="20210903 18:48:23.336" level="INFO">${param} = {'searchQuery': '&lt;pre class="line-numbers language-robot"&gt;&lt;code class="language-robot"&gt;&lt;span class="token settings section"&gt;&lt;span class="token section-header keyword"&gt;*** Settings ***&lt;/span&gt;', 'limit'...</msg>
<status status="PASS" starttime="20210903 18:48:23.334" endtime="20210903 18:48:23.336"/>
</kw>
<kw name="Create Dictionary" library="BuiltIn">
<var>${header}</var>
<arg>cookie=${cookie}</arg>
<arg>x-newrelic-id=${x-newrelic-id}</arg>
<arg>x-store-code=${x-store-code}</arg>
<doc>Creates and returns a dictionary based on the given ``items``.</doc>
<msg timestamp="20210903 18:48:23.337" level="INFO">${header} = {'cookie': 'utm_source=; utm_medium=; utm_campaign=; guest=bDENtRlm1UchRTFGA3SP9MltOvCXnPff; _fbp=fb.2.1629955397080.1027180985; _hjid=33c6dd2c-e604-4d7a-8768-72605534e6c3; scarab.visitor=%2270AAAA693...</msg>
<status status="PASS" starttime="20210903 18:48:23.336" endtime="20210903 18:48:23.337"/>
</kw>
<kw name="Run Keyword And Ignore Error" library="BuiltIn">
<var>${status}</var>
<var>${value}</var>
<arg>RequestsLibrary.GET</arg>
<arg>${api_url}/search/products</arg>
<arg>${param}</arg>
<arg>headers=${header}</arg>
<doc>Runs the given keyword with the given arguments and ignores possible error.</doc>
<kw name="GET" library="RequestsLibrary">
<arg>${api_url}/search/products</arg>
<arg>${param}</arg>
<arg>headers=${header}</arg>
<doc>Sends a GET request.</doc>
<msg timestamp="20210903 18:48:23.981" level="INFO">GET Request : url=https://www.officemate.co.th/api/search/products?searchQuery=%3Cpre+class%3D%22line-numbers+language-robot%22%3E%3Ccode+class%3D%22language-robot%22%3E%3Cspan+class%3D%22token+settings+section%22%3E%3Cspan+class%3D%22token+section-header+keyword%22%3E%2A%2A%2A+Settings+%2A%2A%2A%3C%2Fspan%3E&amp;limit=8&amp;page=0&amp;store_id=7&amp;x_subject_id=bDENtRlm1UchRTFGA3SP9MltOvCXnPff 
 path_url=/api/search/products?searchQuery=%3Cpre+class%3D%22line-numbers+language-robot%22%3E%3Ccode+class%3D%22language-robot%22%3E%3Cspan+class%3D%22token+settings+section%22%3E%3Cspan+class%3D%22token+section-header+keyword%22%3E%2A%2A%2A+Settings+%2A%2A%2A%3C%2Fspan%3E&amp;limit=8&amp;page=0&amp;store_id=7&amp;x_subject_id=bDENtRlm1UchRTFGA3SP9MltOvCXnPff 
 headers={'User-Agent': 'python-requests/2.26.0', 'Accept-Encoding': 'gzip, deflate', 'Accept': '*/*', 'Connection': 'keep-alive', 'cookie': 'utm_source=; utm_medium=; utm_campaign=; guest=bDENtRlm1UchRTFGA3SP9MltOvCXnPff; _fbp=fb.2.1629955397080.1027180985; _hjid=33c6dd2c-e604-4d7a-8768-72605534e6c3; scarab.visitor=%2270AAAA6936688C1F%22; scarab.profile=%22OFMY007899%7C1629956085%22; _gid=GA1.3.681975644.1630215812; originalLocation=https://www.officemate.co.th/en; lang=en; _ga=GA1.3.1422895306.1629955396; _HistorySearch=[%22samSUNG123%22%2C%22samsung%22%2C%22dsdsdsd%22%2C%22%E0%B9%84%E0%B8%A1%E0%B9%88%E0%B9%84%E0%B8%94%E0%B9%89%E0%B8%AD%E0%B8%A2%E0%B8%B9%E0%B9%88%E0%B9%84%E0%B8%A1%E0%B9%88%E0%B9%84%E0%B8%94%E0%B9%89%E0%B8%AD%E0%B8%A2%E0%B8%B9%E0%B9%88%E0%B9%84%E0%B8%A1%E0%B9%88%E0%B9%84%E0%B8%94%E0%B9%89%E0%B8%AD%E0%B8%A2%E0%B8%B9%E0%B9%88%E0%B9%84%E0%B8%A1%E0%B9%88%E0%B9%84%E0%B8%94%E0%B9%89%E0%B8%AD%E0%B8%A2%E0%B8%B9%E0%B9%88%22%2C%22%E0%B9%84%E0%B8%A1%E0%B9%88%E0%B9%84%E0%B8%94%E0%B9%89%E0%B8%AD%E0%B8%A2%E0%B8%B9%E0%B9%88%22%2C%22%20%20%20%22%2C%22zxcvnm%22%2C%22iphone%22%2C%22%E0%B9%80%E0%B8%84%E0%B9%89%E0%B8%81%22%2C%22%E0%B8%A5%E0%B8%B1%E0%B8%A5%E0%B8%A5%E0%B8%B2%E0%B8%A5%E0%B8%B2%22]; RT="z=1&amp;dm=officemate.co.th&amp;si=35e03737-c8f6-497a-a2b6-196c4212a494&amp;ss=ksy0lmrv&amp;sl=0&amp;tt=0&amp;bcn=%2F%2F684d0d36.akstat.io%2F"; _ga_HZ7YT7QQR1=GS1.1.1630307636.13.0.1630307636.0; _dc_gtm_UA-11520015-17=1; _gat_UA-12345-1=1', 'x-newrelic-id': 'VQMOUF5SABAHVlRQAAIAVFc=', 'x-store-code': 'en'} 
 body=None 
 </msg>
<msg timestamp="20210903 18:48:23.981" level="INFO">GET Response : url=https://www.officemate.co.th/api/search/products?searchQuery=%3Cpre+class%3D%22line-numbers+language-robot%22%3E%3Ccode+class%3D%22language-robot%22%3E%3Cspan+class%3D%22token+settings+section%22%3E%3Cspan+class%3D%22token+section-header+keyword%22%3E%2A%2A%2A+Settings+%2A%2A%2A%3C%2Fspan%3E&amp;limit=8&amp;page=0&amp;store_id=7&amp;x_subject_id=bDENtRlm1UchRTFGA3SP9MltOvCXnPff 
 status=200, reason=OK 
 headers={'Content-Type': 'application/json; charset=utf-8', 'X-Powered-By': 'Express', 'x-frame-options': 'SAMEORIGIN', 'x-xss-protection': '1; mode=block', 'ETag': 'W/"493e1-2QRmS/S2LXqV807RgcRxVg4/DmQ"', 'Content-Encoding': 'gzip', 'Content-Length': '40030', 'Cache-Control': 'public, max-age=120', 'Expires': 'Fri, 03 Sep 2021 11:50:19 GMT', 'Date': 'Fri, 03 Sep 2021 11:48:19 GMT', 'Connection': 'keep-alive', 'Vary': 'Accept-Encoding', 'Server-Timing': 'cdn-cache; desc=MISS, edge; dur=41, origin; dur=393'} 
 body={"products":{"total_count":5697,"products":[{"id":93504,"type_id":"simple","name":"Mont Marte 2 Nib Calligraphy Set","brand_name":"B2S","small_image":"/h/t/httpss3-ap-southeast-1.amazonaws.compim-prod-product-images090a090a3c1a7fd5a9dd91df688313af4c4c1493dbba_mkp0310751dummy.jpg","image":"/h/t/httpss3-ap-southeast-1.amazonaws.compim-prod-product-images090a090a3c1a7fd5a9dd91df688313af4c4c1493dbba_mkp0310751dummy.jpg","thumbnail":"/h/t/httpss3-ap-southeast-1.amazonaws.compim-prod-product-images090a090a3c1a7fd5a9dd91df688313af4c4c1493dbba_mkp0310751dummy.jpg","url_key":"b2s-mont-marte-2-nib-calligraphy-set-mkp0310751","attribute_set_id":4,"visibility":4,"status":1,"category":[{"category_id":2,"level":1,"parent_id":1,"url_key":"default-category"},{"category_id":107,"name":"Office Supplies","level":2,"parent_id":2,"url_key":"office-supplies","url_path":"office-supplies"},{"category_id":303,"name":"Gifts Set","level":3,"parent_id":107,"url_key":"gifts-set","url_path":"office-supplies/gifts-set","is_parent":true},{"category_id":306,"name":"Stationery Set","level":4,"parent_id":303,"url_key":"stationery-set","url_path":"office-supplies/gifts-set/stationery-set","is_parent":true}],"price":135,"tier_prices":[{"price":135,"original_price":135,"customer_group_id":0,"is_discount":false},{"price":135,"original_price":135,"customer_group_id":1,"is_discount":false},{"price":135,"original_price":135,"customer_group_id":2,"is_discount":false},{"price":135,"original_price":135,"customer_group_id":3,"is_discount":false},{"price":135,"original_price":135,"customer_group_id":4,"is_discount":false},{"price":135,"original_price":135,"customer_group_id":5,"is_discount":false}],"special_price":135,"special_from_date":"2021-08-23T00:00:00","stock":{"qty":1,"is_in_stock":true},"score":38.31466,"custom_attributes_option":[{"attribute_code":"small_image","value":"/h/t/httpss3-ap-southeast-1.amazonaws.compim-prod-product-images090a090a3c1a7fd5a9dd91df688313af4c4c1493dbba_mkp0310751dummy.jpg","position":0},{"attribute_code":"special_from_date","value":"2021-08-23 00:00:00","position":0},{"attribute_code":"marketplace_seller","value":"B2S","position":0},{"attribute_code":"visibility","value":4,"position":0},{"attribute_code":"price_inc_tax","value":135,"position":0},{"attribute_code":"central_url_generator_flag","value":"Url Generator Flag","position":0},{"attribute_code":"created_at","value":"2020-06-04 11:49:25","position":0},{"attribute_code":"special_price","value":135,"position":0},{"attribute_code":"is_bestdeal","value":"Is Best Deal","position":0},{"attribute_code":"ts_dimensions_width","value":20,"position":0},{"attribute_code":"ofm_product_type","value":11,"position":0},{"attribute_code":"description","value":"Develop your calligraphy skills and express your creativity using a wide range of lettering styles!This 2 Nib Calligraphy Set features a classic style pen and two nib grades. Develop your calligraphy skills and express your creativity using a wide range of lettering styles!\n\nFeatures:\n8 pieces included: 1 Calligraphy pen, 2 Calligraphy Nibs with rubber grips, 4 Black Ink Cartridges and an instruction booklet with practice sheets\nTwo nib grades: fine and broad\nIdeal for calligraphy beginners\nInstruction book included\n\n\nHandy hints\nInserting the ink cartridge\n\nStep 1: To insert your ink cartridge, gently unscrew the black nib of the calligraphy pen and put the cartridge (smaller opening end first) into the opening.\n\nStep 2: Hold the inserted ink cartridge against a strong surface, such as a table top, and press down firmly on the pen to force the cartridge to click into place. You will hear a click when the back of the pen nib pierces the cartridge.\n\nStep 3: Screw the nib back onto the pen and place the calligraphy pen upright for a minute or two, prior to use. Then gently press it onto a scrap piece of paper to start the ink flow (it should only take a couple of strokes for the ink to start flowing). You're now ready to start writing!\n\nUsing your pen\n\nTo keep the ink flowing smoothly, always hold your pen so that the nib is angled between 30 degrees and 45 degrees to the paper (calligraphy pens are not designed to be used in the same way as stationery pens).\n\nNote: Medium and broad nibs are a great choice for beginners because they give you more control.","position":0},{"attribute_code":"ts_dimensions_length","value":30,"position":0},{"attribute_code":"package_weight","value":0.5,"position":0},{"attribute_code":"ts_dimensions_height","value":11,"position":0},{"attribute_code":"updated_at","value":"2021-06-16 01:53:26","position":0},{"attribute_code":"has_options","value":false,"position":0},{"attribute_code":"image","value":"/h/t/httpss3-ap-southeast-1.amazonaws.compim-prod-product-images090a090a3c1a7fd5a9dd91df688313af4c4c1493dbba_mkp0310751dummy.jpg","position":0},{"attribute_code":"warranty_tf","value":"2","position":0},{"attribute_code":"price_discount","value":0,"position":0},{"attribute_code":"shipping_methods","value":["ofm_standard"],"position":0},{"attribute_code":"status","value":"Enabled","position":0},{"attribute_code":"short_description","value":"Develop your calligraphy skills and express your creativity using a wide range of lettering styles!This 2 Nib Calligraphy Set features a classic style pen and two nib grades. Develop your calligraphy skills and express your creativity using a wide range of lettering styles!\n\nFeatures:\n8 pieces included: 1 Calligraphy pen, 2 Calligraphy Nibs with rubber grips, 4 Black Ink Cartridges and an instruction booklet with practice sheets\nTwo nib grades: fine and broad\nIdeal for calligraphy beginners\nInstruction book included\n\n\nHandy hints\nInserting the ink cartridge\n\nStep 1: To insert your ink cartridge, gently unscrew the black nib of the calligraphy pen and put the cartridge (smaller opening end first) into the opening.\n\nStep 2: Hold the inserted ink cartridge against a strong surface, such as a table top, and press down firmly on the pen to force the cartridge to click into place. You will hear a click when the back of the pen nib pierces the cartridge.\n\nStep 3: Screw the nib back onto the pen and place the calligraphy pen upright for a minute or two, prior to use. Then gently press it onto a scrap piece of paper to start the ink flow (it should only take a couple of strokes for the ink to start flowing). You're now ready to start writing!\n\nUsing your pen\n\nTo keep the ink flowing smoothly, always hold your pen so that the nib is angled between 30 degrees and 45 degrees to the paper (calligraphy pens are not designed to be used in the same way as stationery pens).\n\nNote: Medium and broad nibs are a great choice for beginners because they give you more control.","position":0},{"attribute_code":"brand_name","value":"B2S","position":0},{"attribute_code":"search_keywords","value":"Mont Marte 2 Nib Calligraphy Set Mont Marte 2 NIB CALLIGRAPHY SET","position":0},{"attribute_code":"marketplace_product_type","value":"Marketplace","position":0},{"attribute_code":"special_price_inc_tax","value":135,"position":0},{"attribute_code":"marketplace_offer_id","value":"163042","position":0},{"attribute_code":"url_key","value":"b2s-mont-marte-2-nib-calligraphy-set-mkp0310751","values":["b2s-mont-marte-2-nib-calligraphy-set-mkp0310751"],"position":0},{"attribute_code":"product_group","value":"C","position":0},{"attribute_code":"required_options","value"
[...]
<status status="PASS" starttime="20210903 18:48:24.096" endtime="20210903 18:48:24.328"/>
</kw>
<kw name="Run Keyword If" library="BuiltIn">
<arg>'${status}'=='PASS'</arg>
<arg>Status Should Be</arg>
<arg>${response_code}</arg>
<arg>${value}</arg>
<doc>Runs the given keyword with the given arguments, if ``condition`` is true.</doc>
<status status="PASS" starttime="20210903 18:48:24.328" endtime="20210903 18:48:24.328"/>
</kw>
<kw name="Run Keyword If" library="BuiltIn">
<arg>'${status}'=='FAIL'</arg>
<arg>Should Contain</arg>
<arg>${value}</arg>
<arg>${response_code}</arg>
<doc>Runs the given keyword with the given arguments, if ``condition`` is true.</doc>
<kw name="Should Contain" library="BuiltIn">
<arg>${value}</arg>
<arg>${response_code}</arg>
<doc>Fails if ``container`` does not contain ``item`` one or more times.</doc>
<status status="PASS" starttime="20210903 18:48:24.328" endtime="20210903 18:48:24.328"/>
</kw>
<status status="PASS" starttime="20210903 18:48:24.328" endtime="20210903 18:48:24.335"/>
</kw>
<msg timestamp="20210903 18:48:24.335" level="INFO">${res} = None</msg>
<status status="PASS" starttime="20210903 18:48:24.093" endtime="20210903 18:48:24.335"/>
</kw>
<status status="PASS" starttime="20210903 18:48:24.093" endtime="20210903 18:48:24.335"/>
</kw>
<status status="PASS" starttime="20210903 18:48:24.091" endtime="20210903 18:48:24.335"/>
</test>
<test id="s1-s2-t2" name="Test case: Verify api Search">
<kw name="Post Search api">
<arg>SAMUNG123</arg>
<arg>abc</arg>
<arg>0</arg>
<arg>404</arg>
<arg>VQMOUF5SABAHVlRQAAIAVFc=</arg>
<arg>en</arg>
<kw name="POST search product" library="Common_api">
<var>${res}</var>
<arg>${searchQuery}</arg>
<arg>${limit}</arg>
<arg>${page}</arg>
<arg>${store_id}</arg>
<arg>${x_subject_id}</arg>
<arg>${responseBody}</arg>
<arg>${response_code}</arg>
<arg>${cookie}</arg>
<arg>${x-newrelic-id}</arg>
<arg>${x-store-code}</arg>
<kw name="Create Dictionary" library="BuiltIn">
<var>${param}</var>
<arg>searchQuery=${searchQuery}</arg>
<arg>limit=${limit}</arg>
<arg>page=${page}</arg>
<arg>store_id=${store_id}</arg>
<arg>x_subject_id=${x_subject_id}</arg>
<doc>Creates and returns a dictionary based on the given ``items``.</doc>
<msg timestamp="20210903 18:48:24.358" level="INFO">${param} = {'searchQuery': 'SAMUNG123', 'limit': '', 'page': 'abc', 'store_id': '0', 'x_subject_id': ''}</msg>
<status status="PASS" starttime="20210903 18:48:24.354" endtime="20210903 18:48:24.358"/>
</kw>
<kw name="Create Dictionary" library="BuiltIn">
<var>${header}</var>
<arg>cookie=${cookie}</arg>
<arg>x-newrelic-id=${x-newrelic-id}</arg>
<arg>x-store-code=${x-store-code}</arg>
<doc>Creates and returns a dictionary based on the given ``items``.</doc>
<msg timestamp="20210903 18:48:24.359" level="INFO">${header} = {'cookie': '', 'x-newrelic-id': 'VQMOUF5SABAHVlRQAAIAVFc=', 'x-store-code': 'en'}</msg>
<status status="PASS" starttime="20210903 18:48:24.358" endtime="20210903 18:48:24.359"/>
</kw>
<kw name="Run Keyword And Ignore Error" library="BuiltIn">
<var>${status}</var>
<var>${value}</var>
<arg>RequestsLibrary.Post</arg>
<arg>${api_url}/search/products</arg>
<arg>${param}</arg>
<arg>headers=${header}</arg>
<doc>Runs the given keyword with the given arguments and ignores possible error.</doc>
<kw name="POST" library="RequestsLibrary">
<arg>${api_url}/search/products</arg>
<arg>${param}</arg>
<arg>headers=${header}</arg>
<doc>Sends a POST request.</doc>
<msg timestamp="20210903 18:48:24.551" level="INFO">POST Request : url=https://www.officemate.co.th/api/search/products 
 path_url=/api/search/products 
 headers={'User-Agent': 'python-requests/2.26.0', 'Accept-Encoding': 'gzip, deflate', 'Accept': '*/*', 'Connection': 'keep-alive', 'cookie': '', 'x-newrelic-id': 'VQMOUF5SABAHVlRQAAIAVFc=', 'x-store-code': 'en', 'Content-Length': '62', 'Content-Type': 'application/x-www-form-urlencoded'} 
 body=searchQuery=SAMUNG123&amp;limit=&amp;page=abc&amp;store_id=0&amp;x_subject_id= 
 </msg>
<msg timestamp="20210903 18:48:24.551" level="INFO">POST Response : url=https://www.officemate.co.th/api/search/products 
 status=404, reason=Not Found 
 headers={'Content-Type': 'text/html; charset=utf-8', 'Content-Length': '159', 'X-Powered-By': 'Express', 'x-frame-options': 'SAMEORIGIN', 'x-xss-protection': '1; mode=block', 'Content-Security-Policy': "default-src 'none'", 'X-Content-Type-Options': 'nosniff', 'Cache-Control': 'max-age=300', 'Expires': 'Fri, 03 Sep 2021 11:53:20 GMT', 'Date': 'Fri, 03 Sep 2021 11:48:20 GMT', 'Connection': 'close', 'Server-Timing': 'edge; dur=3, origin; dur=39, cdn-cache; desc=MISS'} 
 body=&lt;!DOCTYPE html&gt;
&lt;html lang="en"&gt;
&lt;head&gt;
&lt;meta charset="utf-8"&gt;
&lt;title&gt;Error&lt;/title&gt;
&lt;/head&gt;
&lt;body&gt;
&lt;pre&gt;Cannot POST /api/search/products&lt;/pre&gt;
&lt;/body&gt;
&lt;/html&gt;
 
 </msg>
<msg timestamp="20210903 18:48:24.551" level="FAIL">HTTPError: 404 Client Error: Not Found for url: https://www.officemate.co.th/api/search/products</msg>
<status status="FAIL" starttime="20210903 18:48:24.359" endtime="20210903 18:48:24.551"/>
</kw>
<msg timestamp="20210903 18:48:24.567" level="INFO">${status} = FAIL</msg>
<msg timestamp="20210903 18:48:24.567" level="INFO">${value} = HTTPError: 404 Client Error: Not Found for url: https://www.officemate.co.th/api/search/products</msg>
<status status="PASS" starttime="20210903 18:48:24.359" endtime="20210903 18:48:24.567"/>
</kw>
<kw name="Run Keyword If" library="BuiltIn">
<arg>'${status}'=='PASS'</arg>
<arg>Status Should Be</arg>
<arg>${response_code}</arg>
<arg>${value}</arg>
<doc>Runs the given keyword with the given arguments, if ``condition`` is true.</doc>
<status status="PASS" starttime="20210903 18:48:24.567" endtime="20210903 18:48:24.567"/>
</kw>
<kw name="Run Keyword If" library="BuiltIn">
<arg>'${status}'=='FAIL'</arg>
<arg>Should Contain</arg>
<arg>${value}</arg>
<arg>${response_code}</arg>
<doc>Runs the given keyword with the given arguments, if ``condition`` is true.</doc>
<kw name="Should Contain" library="BuiltIn">
<arg>${value}</arg>
<arg>${response_code}</arg>
<doc>Fails if ``container`` does not contain ``item`` one or more times.</doc>
<status status="PASS" starttime="20210903 18:48:24.567" endtime="20210903 18:48:24.567"/>
</kw>
<status status="PASS" starttime="20210903 18:48:24.567" endtime="20210903 18:48:24.567"/>
</kw>
<msg timestamp="20210903 18:48:24.567" level="INFO">${res} = None</msg>
<status status="PASS" starttime="20210903 18:48:24.351" endtime="20210903 18:48:24.567"/>
</kw>
<status status="PASS" starttime="20210903 18:48:24.350" endtime="20210903 18:48:24.567"/>
</kw>
<status status="PASS" starttime="20210903 18:48:24.345" endtime="20210903 18:48:24.567"/>
</test>
<test id="s1-s2-t3" name="Test case: Verify api Search">
<kw name="Post Search api">
<arg>โทรทัศน์</arg>
<arg>10</arg>
<arg>0</arg>
<arg>20</arg>
<arg>bDENtRlm1UchRTFGA3SP9MltOvCXnPffvdfdf</arg>
<arg>404</arg>
<arg>VQMOUF5SABAHVlRQAAIAVFc=</arg>
<arg>en</arg>
<kw name="POST search product" library="Common_api">
<var>${res}</var>
<arg>${searchQuery}</arg>
<arg>${limit}</arg>
<arg>${page}</arg>
<arg>${store_id}</arg>
<arg>${x_subject_id}</arg>
<arg>${responseBody}</arg>
<arg>${response_code}</arg>
<arg>${cookie}</arg>
<arg>${x-newrelic-id}</arg>
<arg>${x-store-code}</arg>
<kw name="Create Dictionary" library="BuiltIn">
<var>${param}</var>
<arg>searchQuery=${searchQuery}</arg>
<arg>limit=${limit}</arg>
<arg>page=${page}</arg>
<arg>store_id=${store_id}</arg>
<arg>x_subject_id=${x_subject_id}</arg>
<doc>Creates and returns a dictionary based on the given ``items``.</doc>
<msg timestamp="20210903 18:48:24.581" level="INFO">${param} = {'searchQuery': 'โทรทัศน์', 'limit': '10', 'page': '0', 'store_id': '20', 'x_subject_id': 'bDENtRlm1UchRTFGA3SP9MltOvCXnPffvdfdf'}</msg>
<status status="PASS" starttime="20210903 18:48:24.580" endtime="20210903 18:48:24.581"/>
</kw>
<kw name="Create Dictionary" library="BuiltIn">
<var>${header}</var>
<arg>cookie=${cookie}</arg>
<arg>x-newrelic-id=${x-newrelic-id}</arg>
<arg>x-store-code=${x-store-code}</arg>
<doc>Creates and returns a dictionary based on the given ``items``.</doc>
<msg timestamp="20210903 18:48:24.583" level="INFO">${header} = {'cookie': '', 'x-newrelic-id': 'VQMOUF5SABAHVlRQAAIAVFc=', 'x-store-code': 'en'}</msg>
<status status="PASS" starttime="20210903 18:48:24.582" endtime="20210903 18:48:24.583"/>
</kw>
<kw name="Run Keyword And Ignore Error" library="BuiltIn">
<var>${status}</var>
<var>${value}</var>
<arg>RequestsLibrary.Post</arg>
<arg>${api_url}/search/products</arg>
<arg>${param}</arg>
<arg>headers=${header}</arg>
<doc>Runs the given keyword with the given arguments and ignores possible error.</doc>
<kw name="POST" library="RequestsLibrary">
<arg>${api_url}/search/products</arg>
<arg>${param}</arg>
<arg>headers=${header}</arg>
<doc>Sends a POST request.</doc>
<msg timestamp="20210903 18:48:24.783" level="INFO">POST Request : url=https://www.officemate.co.th/api/search/products 
 path_url=/api/search/products 
 headers={'User-Agent': 'python-requests/2.26.0', 'Accept-Encoding': 'gzip, deflate', 'Accept': '*/*', 'Connection': 'keep-alive', 'cookie': '', 'x-newrelic-id': 'VQMOUF5SABAHVlRQAAIAVFc=', 'x-store-code': 'en', 'Content-Length': '163', 'Content-Type': 'application/x-www-form-urlencoded'} 
 body=searchQuery=%E0%B9%82%E0%B8%97%E0%B8%A3%E0%B8%97%E0%B8%B1%E0%B8%A8%E0%B8%99%E0%B9%8C&amp;limit=10&amp;page=0&amp;store_id=20&amp;x_subject_id=bDENtRlm1UchRTFGA3SP9MltOvCXnPffvdfdf 
 </msg>
<msg timestamp="20210903 18:48:24.783" level="INFO">POST Response : url=https://www.officemate.co.th/api/search/products 
 status=404, reason=Not Found 
 headers={'Content-Type': 'text/html; charset=utf-8', 'Content-Length': '159', 'X-Powered-By': 'Express', 'x-frame-options': 'SAMEORIGIN', 'x-xss-protection': '1; mode=block', 'Content-Security-Policy': "default-src 'none'", 'X-Content-Type-Options': 'nosniff', 'Cache-Control': 'max-age=300', 'Expires': 'Fri, 03 Sep 2021 11:53:20 GMT', 'Date': 'Fri, 03 Sep 2021 11:48:20 GMT', 'Connection': 'close', 'Server-Timing': 'edge; dur=3, origin; dur=40, cdn-cache; desc=MISS'} 
 body=&lt;!DOCTYPE html&gt;
&lt;html lang="en"&gt;
&lt;head&gt;
&lt;meta charset="utf-8"&gt;
&lt;title&gt;Error&lt;/title&gt;
&lt;/head&gt;
&lt;body&gt;
&lt;pre&gt;Cannot POST /api/search/products&lt;/pre&gt;
&lt;/body&gt;
&lt;/html&gt;
 
 </msg>
<msg timestamp="20210903 18:48:24.783" level="FAIL">HTTPError: 404 Client Error: Not Found for url: https://www.officemate.co.th/api/search/products</msg>
<status status="FAIL" starttime="20210903 18:48:24.583" endtime="20210903 18:48:24.783"/>
</kw>
<msg timestamp="20210903 18:48:24.783" level="INFO">${status} = FAIL</msg>
<msg timestamp="20210903 18:48:24.783" level="INFO">${value} = HTTPError: 404 Client Error: Not Found for url: https://www.officemate.co.th/api/search/products</msg>
<status status="PASS" starttime="20210903 18:48:24.583" endtime="20210903 18:48:24.783"/>
</kw>
<kw name="Run Keyword If" library="BuiltIn">
<arg>'${status}'=='PASS'</arg>
<arg>Status Should Be</arg>
<arg>${response_code}</arg>
<arg>${value}</arg>
<doc>Runs the given keyword with the given arguments, if ``condition`` is true.</doc>
<status status="PASS" starttime="20210903 18:48:24.783" endtime="20210903 18:48:24.783"/>
</kw>
<kw name="Run Keyword If" library="BuiltIn">
<arg>'${status}'=='FAIL'</arg>
<arg>Should Contain</arg>
<arg>${value}</arg>
<arg>${response_code}</arg>
<doc>Runs the given keyword with the given arguments, if ``condition`` is true.</doc>
<kw name="Should Contain" library="BuiltIn">
<arg>${value}</arg>
<arg>${response_code}</arg>
<doc>Fails if ``container`` does not contain ``item`` one or more times.</doc>
<status status="PASS" starttime="20210903 18:48:24.783" endtime="20210903 18:48:24.783"/>
</kw>
<status status="PASS" starttime="20210903 18:48:24.783" endtime="20210903 18:48:24.783"/>
</kw>
<msg timestamp="20210903 18:48:24.783" level="INFO">${res} = None</msg>
<status status="PASS" starttime="20210903 18:48:24.576" endtime="20210903 18:48:24.783"/>
</kw>
<status status="PASS" starttime="20210903 18:48:24.575" endtime="20210903 18:48:24.783"/>
</kw>
<status status="PASS" starttime="20210903 18:48:24.572" endtime="20210903 18:48:24.783"/>
</test>
<test id="s1-s2-t4" name="Test case: Verify api Search">
<kw name="Post Search api">
<arg>&lt;pre class="line-numbers language-robot"&gt;&lt;code class="language-robot"&gt;&lt;span class="token settings section"&gt;&lt;span class="token section-header keyword"&gt;*** Settings ***&lt;/span&gt;</arg>
<arg>0</arg>
<arg>8</arg>
<arg>7</arg>
<arg>bDENtRlm1UchRTFGA3SP9MltOvCXnPff</arg>
<arg>404</arg>
<arg>en</arg>
<kw name="POST search product" library="Common_api">
<var>${res}</var>
<arg>${searchQuery}</arg>
<arg>${limit}</arg>
<arg>${page}</arg>
<arg>${store_id}</arg>
<arg>${x_subject_id}</arg>
<arg>${responseBody}</arg>
<arg>${response_code}</arg>
<arg>${cookie}</arg>
<arg>${x-newrelic-id}</arg>
<arg>${x-store-code}</arg>
<kw name="Create Dictionary" library="BuiltIn">
<var>${param}</var>
<arg>searchQuery=${searchQuery}</arg>
<arg>limit=${limit}</arg>
<arg>page=${page}</arg>
<arg>store_id=${store_id}</arg>
<arg>x_subject_id=${x_subject_id}</arg>
<doc>Creates and returns a dictionary based on the given ``items``.</doc>
<msg timestamp="20210903 18:48:24.813" level="INFO">${param} = {'searchQuery': '&lt;pre class="line-numbers language-robot"&gt;&lt;code class="language-robot"&gt;&lt;span class="token settings section"&gt;&lt;span class="token section-header keyword"&gt;*** Settings ***&lt;/span&gt;', 'limit'...</msg>
<status status="PASS" starttime="20210903 18:48:24.812" endtime="20210903 18:48:24.813"/>
</kw>
<kw name="Create Dictionary" library="BuiltIn">
<var>${header}</var>
<arg>cookie=${cookie}</arg>
<arg>x-newrelic-id=${x-newrelic-id}</arg>
<arg>x-store-code=${x-store-code}</arg>
<doc>Creates and returns a dictionary based on the given ``items``.</doc>
<msg timestamp="20210903 18:48:24.814" level="INFO">${header} = {'cookie': '', 'x-newrelic-id': '', 'x-store-code': 'en'}</msg>
<status status="PASS" starttime="20210903 18:48:24.813" endtime="20210903 18:48:24.814"/>
</kw>
<kw name="Run Keyword And Ignore Error" library="BuiltIn">
<var>${status}</var>
<var>${value}</var>
<arg>RequestsLibrary.Post</arg>
<arg>${api_url}/search/products</arg>
<arg>${param}</arg>
<arg>headers=${header}</arg>
<doc>Runs the given keyword with the given arguments and ignores possible error.</doc>
<kw name="POST" library="RequestsLibrary">
<arg>${api_url}/search/products</arg>
<arg>${param}</arg>
<arg>headers=${header}</arg>
<doc>Sends a POST request.</doc>
<msg timestamp="20210903 18:48:25.026" level="INFO">POST Request : url=https://www.officemate.co.th/api/search/products 
 path_url=/api/search/products 
 headers={'User-Agent': 'python-requests/2.26.0', 'Accept-Encoding': 'gzip, deflate', 'Accept': '*/*', 'Connection': 'keep-alive', 'cookie': '', 'x-newrelic-id': '', 'x-store-code': 'en', 'Content-Length': '315', 'Content-Type': 'application/x-www-form-urlencoded'} 
 body=searchQuery=%3Cpre+class%3D%22line-numbers+language-robot%22%3E%3Ccode+class%3D%22language-robot%22%3E%3Cspan+class%3D%22token+settings+section%22%3E%3Cspan+class%3D%22token+section-header+keyword%22%3E%2A%2A%2A+Settings+%2A%2A%2A%3C%2Fspan%3E&amp;limit=0&amp;page=8&amp;store_id=7&amp;x_subject_id=bDENtRlm1UchRTFGA3SP9MltOvCXnPff 
 </msg>
<msg timestamp="20210903 18:48:25.026" level="INFO">POST Response : url=https://www.officemate.co.th/api/search/products 
 status=404, reason=Not Found 
 headers={'Content-Type': 'text/html; charset=utf-8', 'Content-Length': '159', 'X-Powered-By': 'Express', 'x-frame-options': 'SAMEORIGIN', 'x-xss-protection': '1; mode=block', 'Content-Security-Policy': "default-src 'none'", 'X-Content-Type-Options': 'nosniff', 'Cache-Control': 'max-age=300', 'Expires': 'Fri, 03 Sep 2021 11:53:20 GMT', 'Date': 'Fri, 03 Sep 2021 11:48:20 GMT', 'Connection': 'close', 'Server-Timing': 'edge; dur=2, origin; dur=40, cdn-cache; desc=MISS'} 
 body=&lt;!DOCTYPE html&gt;
&lt;html lang="en"&gt;
&lt;head&gt;
&lt;meta charset="utf-8"&gt;
&lt;title&gt;Error&lt;/title&gt;
&lt;/head&gt;
&lt;body&gt;
&lt;pre&gt;Cannot POST /api/search/products&lt;/pre&gt;
&lt;/body&gt;
&lt;/html&gt;
 
 </msg>
<msg timestamp="20210903 18:48:25.026" level="FAIL">HTTPError: 404 Client Error: Not Found for url: https://www.officemate.co.th/api/search/products</msg>
<status status="FAIL" starttime="20210903 18:48:24.816" endtime="20210903 18:48:25.026"/>
</kw>
<msg timestamp="20210903 18:48:25.026" level="INFO">${status} = FAIL</msg>
<msg timestamp="20210903 18:48:25.026" level="INFO">${value} = HTTPError: 404 Client Error: Not Found for url: https://www.officemate.co.th/api/search/products</msg>
<status status="PASS" starttime="20210903 18:48:24.815" endtime="20210903 18:48:25.026"/>
</kw>
<kw name="Run Keyword If" library="BuiltIn">
<arg>'${status}'=='PASS'</arg>
<arg>Status Should Be</arg>
<arg>${response_code}</arg>
<arg>${value}</arg>
<doc>Runs the given keyword with the given arguments, if ``condition`` is true.</doc>
<status status="PASS" starttime="20210903 18:48:25.026" endtime="20210903 18:48:25.026"/>
</kw>
<kw name="Run Keyword If" library="BuiltIn">
<arg>'${status}'=='FAIL'</arg>
<arg>Should Contain</arg>
<arg>${value}</arg>
<arg>${response_code}</arg>
<doc>Runs the given keyword with the given arguments, if ``condition`` is true.</doc>
<kw name="Should Contain" library="BuiltIn">
<arg>${value}</arg>
<arg>${response_code}</arg>
<doc>Fails if ``container`` does not contain ``item`` one or more times.</doc>
<status status="PASS" starttime="20210903 18:48:25.037" endtime="20210903 18:48:25.037"/>
</kw>
<status status="PASS" starttime="20210903 18:48:25.026" endtime="20210903 18:48:25.037"/>
</kw>
<msg timestamp="20210903 18:48:25.037" level="INFO">${res} = None</msg>
<status status="PASS" starttime="20210903 18:48:24.808" endtime="20210903 18:48:25.037"/>
</kw>
<status status="PASS" starttime="20210903 18:48:24.807" endtime="20210903 18:48:25.037"/>
</kw>
<status status="PASS" starttime="20210903 18:48:24.803" endtime="20210903 18:48:25.037"/>
</test>
<status status="PASS" starttime="20210903 18:48:24.013" endtime="20210903 18:48:25.046"/>
</suite>
<status status="FAIL" starttime="20210903 18:48:19.799" endtime="20210903 18:48:25.052"/>
</suite>
<statistics>
<total>
<stat pass="8" fail="1" skip="0">All Tests</stat>
</total>
<tag>
</tag>
<suite>
<stat pass="8" fail="1" skip="0" id="s1" name="Search">Search</stat>
<stat pass="4" fail="1" skip="0" id="s1-s1" name="Search Api Get">Search.Search Api Get</stat>
<stat pass="4" fail="0" skip="0" id="s1-s2" name="Search Api Post">Search.Search Api Post</stat>
</suite>
</statistics>
<errors>
<msg timestamp="20210903 18:48:22.260" level="WARN">Multiple test cases with name 'Test case: Verify api Search' executed in test suite 'Search.Search Api Get'.</msg>
<msg timestamp="20210903 18:48:22.687" level="WARN">Multiple test cases with name 'Test case: Verify api Search' executed in test suite 'Search.Search Api Get'.</msg>
<msg timestamp="20210903 18:48:23.088" level="WARN">Multiple test cases with name 'Test case: Verify api Search' executed in test suite 'Search.Search Api Get'.</msg>
<msg timestamp="20210903 18:48:23.328" level="WARN">Multiple test cases with name 'Test case: Verify api Search' executed in test suite 'Search.Search Api Get'.</msg>
<msg timestamp="20210903 18:48:24.343" level="WARN">Multiple test cases with name 'Test case: Verify api Search' executed in test suite 'Search.Search Api Post'.</msg>
<msg timestamp="20210903 18:48:24.571" level="WARN">Multiple test cases with name 'Test case: Verify api Search' executed in test suite 'Search.Search Api Post'.</msg>
<msg timestamp="20210903 18:48:24.801" level="WARN">Multiple test cases with name 'Test case: Verify api Search' executed in test suite 'Search.Search Api Post'.</msg>
</errors>
</robot>
