<?xml version="1.0" encoding="UTF-8"?>
<robot generator="Robot 4.1 (Python 3.9.6 on win32)" generated="20210903 20:16:20.163" rpa="false" schemaversion="2">
<suite id="s1" name="Search" source="C:\Users\DCG\Documents\Smart\linhtt1_qa_automation\Tests\UI\Search">
<suite id="s1-s1" name="Search Ui" source="C:\Users\DCG\Documents\Smart\linhtt1_qa_automation\Tests\UI\Search\search_ui.robot">
<kw name="Open Browser To Page" library="Common_Keywords" type="SETUP">
<arg>${page_url}</arg>
<kw name="Evaluate" library="BuiltIn">
<var>${options}</var>
<arg>sys.modules['selenium.webdriver'].ChromeOptions()</arg>
<arg>sys</arg>
<doc>Evaluates the given expression in Python and returns the result.</doc>
<msg timestamp="20210903 20:16:20.833" level="INFO">${options} = &lt;selenium.webdriver.chrome.options.Options object at 0x0000019F93CC41F0&gt;</msg>
<status status="PASS" starttime="20210903 20:16:20.833" endtime="20210903 20:16:20.833"/>
</kw>
<kw name="Create Dictionary" library="BuiltIn">
<var>${exclude}</var>
<arg>"fasp"=True</arg>
<doc>Creates and returns a dictionary based on the given ``items``.</doc>
<msg timestamp="20210903 20:16:20.834" level="INFO">${exclude} = {'"fasp"': 'True'}</msg>
<status status="PASS" starttime="20210903 20:16:20.833" endtime="20210903 20:16:20.835"/>
</kw>
<kw name="Create Dictionary" library="BuiltIn">
<var>${prefs}</var>
<arg>protocol_handler.excluded_schemes=${exclude}</arg>
<doc>Creates and returns a dictionary based on the given ``items``.</doc>
<msg timestamp="20210903 20:16:20.835" level="INFO">${prefs} = {'protocol_handler.excluded_schemes': {'"fasp"': 'True'}}</msg>
<status status="PASS" starttime="20210903 20:16:20.835" endtime="20210903 20:16:20.835"/>
</kw>
<kw name="Call Method" library="BuiltIn">
<arg>${options}</arg>
<arg>add_argument</arg>
<arg>--disable-infobars</arg>
<doc>Calls the named method of the given object with the provided arguments.</doc>
<status status="PASS" starttime="20210903 20:16:20.836" endtime="20210903 20:16:20.836"/>
</kw>
<kw name="Call Method" library="BuiltIn">
<arg>${options}</arg>
<arg>add_argument</arg>
<arg>--disable-notifications</arg>
<doc>Calls the named method of the given object with the provided arguments.</doc>
<status status="PASS" starttime="20210903 20:16:20.837" endtime="20210903 20:16:20.837"/>
</kw>
<kw name="Call Method" library="BuiltIn">
<arg>${options}</arg>
<arg>add_experimental_option</arg>
<arg>prefs</arg>
<arg>${prefs}</arg>
<doc>Calls the named method of the given object with the provided arguments.</doc>
<status status="PASS" starttime="20210903 20:16:20.838" endtime="20210903 20:16:20.838"/>
</kw>
<kw name="Create Webdriver" library="SeleniumLibrary">
<arg>Chrome</arg>
<arg>chrome_options=${options}</arg>
<doc>Creates an instance of Selenium WebDriver.</doc>
<msg timestamp="20210903 20:16:20.839" level="INFO">Creating an instance of the Chrome WebDriver.</msg>
<status status="PASS" starttime="20210903 20:16:20.838" endtime="20210903 20:16:22.392"/>
</kw>
<kw name="Maximize Browser Window" library="SeleniumLibrary">
<doc>Maximizes current browser window.</doc>
<status status="PASS" starttime="20210903 20:16:22.393" endtime="20210903 20:16:22.528"/>
</kw>
<kw name="Set Selenium Speed" library="SeleniumLibrary">
<arg>${speed}</arg>
<doc>Sets the delay that is waited after each Selenium command.</doc>
<status status="PASS" starttime="20210903 20:16:22.529" endtime="20210903 20:16:22.531"/>
</kw>
<kw name="Go To" library="SeleniumLibrary">
<arg>${url}</arg>
<doc>Navigates the current browser window to the provided ``url``.</doc>
<msg timestamp="20210903 20:16:22.534" level="INFO">Opening url 'https://www.officemate.co.th/en'</msg>
<status status="PASS" starttime="20210903 20:16:22.531" endtime="20210903 20:17:24.027"/>
</kw>
<status status="PASS" starttime="20210903 20:16:20.832" endtime="20210903 20:17:24.027"/>
</kw>
<test id="s1-s1-t1" name="Test case 1: Verify search text box and submit button is displayed">
<kw name="Verify search textbox is displayed" library="Home">
<kw name="Close popup if it appeared" library="Home">
<kw name="Run Keyword And Ignore Error" library="BuiltIn">
<arg>SeleniumLibrary.Element Should Be Visible</arg>
<arg>${home.frame}</arg>
<doc>Runs the given keyword with the given arguments and ignores possible error.</doc>
<kw name="Element Should Be Visible" library="SeleniumLibrary">
<arg>${home.frame}</arg>
<doc>Verifies that the element identified by ``locator`` is visible.</doc>
<msg timestamp="20210903 20:17:24.313" level="INFO">Element 'xpath=//iframe[contains(@classname,'sp-fancybox-iframe')]' is displayed.</msg>
<status status="PASS" starttime="20210903 20:17:24.029" endtime="20210903 20:17:24.313"/>
</kw>
<status status="PASS" starttime="20210903 20:17:24.029" endtime="20210903 20:17:24.313"/>
</kw>
<kw name="Run Keyword And Ignore Error" library="BuiltIn">
<arg>SeleniumLibrary.Select Frame</arg>
<arg>${home.frame}</arg>
<doc>Runs the given keyword with the given arguments and ignores possible error.</doc>
<kw name="Select Frame" library="SeleniumLibrary">
<arg>${home.frame}</arg>
<doc>Sets frame identified by ``locator`` as the current frame.</doc>
<msg timestamp="20210903 20:17:24.315" level="INFO">Selecting frame 'xpath=//iframe[contains(@classname,'sp-fancybox-iframe')]'.</msg>
<status status="PASS" starttime="20210903 20:17:24.315" endtime="20210903 20:17:24.655"/>
</kw>
<status status="PASS" starttime="20210903 20:17:24.314" endtime="20210903 20:17:24.655"/>
</kw>
<kw name="Run Keyword And Ignore Error" library="BuiltIn">
<arg>Click Element</arg>
<arg>${home.x_button}</arg>
<doc>Runs the given keyword with the given arguments and ignores possible error.</doc>
<kw name="Click Element" library="Common_Keywords">
<arg>${home.x_button}</arg>
<kw name="Wait Until Element Is Visible" library="SeleniumLibrary">
<arg>${locator}</arg>
<arg>timeout=${timeout}</arg>
<doc>Waits until the element ``locator`` is visible.</doc>
<status status="PASS" starttime="20210903 20:17:24.656" endtime="20210903 20:17:25.008"/>
</kw>
<kw name="Click Element" library="SeleniumLibrary">
<arg>${locator}</arg>
<doc>Click the element identified by ``locator``.</doc>
<msg timestamp="20210903 20:17:25.012" level="INFO">Clicking element 'xpath=//i[@id='icon-close-button-1454703945249']'.</msg>
<status status="PASS" starttime="20210903 20:17:25.010" endtime="20210903 20:17:25.552"/>
</kw>
<status status="PASS" starttime="20210903 20:17:24.655" endtime="20210903 20:17:25.554"/>
</kw>
<status status="PASS" starttime="20210903 20:17:24.655" endtime="20210903 20:17:25.555"/>
</kw>
<kw name="Run Keyword And Ignore Error" library="BuiltIn">
<arg>SeleniumLibrary.Unselect Frame</arg>
<doc>Runs the given keyword with the given arguments and ignores possible error.</doc>
<kw name="Unselect Frame" library="SeleniumLibrary">
<doc>Sets the main frame as the current frame.</doc>
<status status="PASS" starttime="20210903 20:17:25.558" endtime="20210903 20:17:25.669"/>
</kw>
<status status="PASS" starttime="20210903 20:17:25.556" endtime="20210903 20:17:25.671"/>
</kw>
<status status="PASS" starttime="20210903 20:17:24.029" endtime="20210903 20:17:25.672"/>
</kw>
<kw name="Element Should Be Visible" library="SeleniumLibrary">
<arg>${home.search_textbox}</arg>
<doc>Verifies that the element identified by ``locator`` is visible.</doc>
<msg timestamp="20210903 20:17:26.121" level="INFO">Element 'xpath=//input[@data-testid='txt-SearchBar']' is displayed.</msg>
<status status="PASS" starttime="20210903 20:17:25.673" endtime="20210903 20:17:26.121"/>
</kw>
<status status="PASS" starttime="20210903 20:17:24.029" endtime="20210903 20:17:26.122"/>
</kw>
<kw name="Verify submit button is displayed" library="Home">
<kw name="Element Should Be Visible" library="SeleniumLibrary">
<arg>${home.submit_button}</arg>
<doc>Verifies that the element identified by ``locator`` is visible.</doc>
<msg timestamp="20210903 20:17:26.431" level="INFO">Element 'xpath=//div[@id='btn-searchResultPage']' is displayed.</msg>
<status status="PASS" starttime="20210903 20:17:26.127" endtime="20210903 20:17:26.432"/>
</kw>
<status status="PASS" starttime="20210903 20:17:26.125" endtime="20210903 20:17:26.433"/>
</kw>
<tag>search</tag>
<status status="PASS" starttime="20210903 20:17:24.027" endtime="20210903 20:17:26.439"/>
</test>
<test id="s1-s1-t2" name="Test case: Verify placeholder">
<kw name="Verify placeholder" library="Home">
<kw name="Get Element Attribute" library="SeleniumLibrary">
<var>${placeHolder}</var>
<arg>${home.search_textbox}</arg>
<arg>placeholder</arg>
<doc>Returns the value of ``attribute`` from the element ``locator``.</doc>
<msg timestamp="20210903 20:17:26.788" level="INFO">${placeHolder} = Search all products</msg>
<status status="PASS" starttime="20210903 20:17:26.460" endtime="20210903 20:17:26.788"/>
</kw>
<kw name="Should Be Equal" library="BuiltIn">
<arg>${placeHolder}</arg>
<arg>Search all products</arg>
<doc>Fails if the given objects are unequal.</doc>
<status status="PASS" starttime="20210903 20:17:26.788" endtime="20210903 20:17:26.788"/>
</kw>
<status status="PASS" starttime="20210903 20:17:26.455" endtime="20210903 20:17:26.788"/>
</kw>
<tag>search</tag>
<status status="PASS" starttime="20210903 20:17:26.444" endtime="20210903 20:17:26.790"/>
</test>
<kw name="Close Browser" library="SeleniumLibrary" type="TEARDOWN">
<doc>Closes the current browser.</doc>
<status status="PASS" starttime="20210903 20:17:26.794" endtime="20210903 20:17:29.678"/>
</kw>
<status status="PASS" starttime="20210903 20:16:20.197" endtime="20210903 20:17:29.678"/>
</suite>
<suite id="s1-s2" name="Search Verify List Suggest" source="C:\Users\DCG\Documents\Smart\linhtt1_qa_automation\Tests\UI\Search\search_verify_list_suggest.robot">
<test id="s1-s2-t1" name="Test case 2: Verify product suggestion">
<kw name="Open Browser To Page" library="Common_Keywords" type="SETUP">
<arg>${page_url}</arg>
<kw name="Evaluate" library="BuiltIn">
<var>${options}</var>
<arg>sys.modules['selenium.webdriver'].ChromeOptions()</arg>
<arg>sys</arg>
<doc>Evaluates the given expression in Python and returns the result.</doc>
<msg timestamp="20210903 20:17:30.921" level="INFO">${options} = &lt;selenium.webdriver.chrome.options.Options object at 0x0000019F93AE9AF0&gt;</msg>
<status status="PASS" starttime="20210903 20:17:30.920" endtime="20210903 20:17:30.921"/>
</kw>
<kw name="Create Dictionary" library="BuiltIn">
<var>${exclude}</var>
<arg>"fasp"=True</arg>
<doc>Creates and returns a dictionary based on the given ``items``.</doc>
<msg timestamp="20210903 20:17:30.922" level="INFO">${exclude} = {'"fasp"': 'True'}</msg>
<status status="PASS" starttime="20210903 20:17:30.921" endtime="20210903 20:17:30.922"/>
</kw>
<kw name="Create Dictionary" library="BuiltIn">
<var>${prefs}</var>
<arg>protocol_handler.excluded_schemes=${exclude}</arg>
<doc>Creates and returns a dictionary based on the given ``items``.</doc>
<msg timestamp="20210903 20:17:30.922" level="INFO">${prefs} = {'protocol_handler.excluded_schemes': {'"fasp"': 'True'}}</msg>
<status status="PASS" starttime="20210903 20:17:30.922" endtime="20210903 20:17:30.922"/>
</kw>
<kw name="Call Method" library="BuiltIn">
<arg>${options}</arg>
<arg>add_argument</arg>
<arg>--disable-infobars</arg>
<doc>Calls the named method of the given object with the provided arguments.</doc>
<status status="PASS" starttime="20210903 20:17:30.922" endtime="20210903 20:17:30.923"/>
</kw>
<kw name="Call Method" library="BuiltIn">
<arg>${options}</arg>
<arg>add_argument</arg>
<arg>--disable-notifications</arg>
<doc>Calls the named method of the given object with the provided arguments.</doc>
<status status="PASS" starttime="20210903 20:17:30.923" endtime="20210903 20:17:30.924"/>
</kw>
<kw name="Call Method" library="BuiltIn">
<arg>${options}</arg>
<arg>add_experimental_option</arg>
<arg>prefs</arg>
<arg>${prefs}</arg>
<doc>Calls the named method of the given object with the provided arguments.</doc>
<status status="PASS" starttime="20210903 20:17:30.924" endtime="20210903 20:17:30.925"/>
</kw>
<kw name="Create Webdriver" library="SeleniumLibrary">
<arg>Chrome</arg>
<arg>chrome_options=${options}</arg>
<doc>Creates an instance of Selenium WebDriver.</doc>
<msg timestamp="20210903 20:17:30.927" level="INFO">Creating an instance of the Chrome WebDriver.</msg>
<status status="PASS" starttime="20210903 20:17:30.925" endtime="20210903 20:17:32.468"/>
</kw>
<kw name="Maximize Browser Window" library="SeleniumLibrary">
<doc>Maximizes current browser window.</doc>
<status status="PASS" starttime="20210903 20:17:32.468" endtime="20210903 20:17:32.657"/>
</kw>
<kw name="Set Selenium Speed" library="SeleniumLibrary">
<arg>${speed}</arg>
<doc>Sets the delay that is waited after each Selenium command.</doc>
<status status="PASS" starttime="20210903 20:17:32.658" endtime="20210903 20:17:32.659"/>
</kw>
<kw name="Go To" library="SeleniumLibrary">
<arg>${url}</arg>
<doc>Navigates the current browser window to the provided ``url``.</doc>
<msg timestamp="20210903 20:17:32.660" level="INFO">Opening url 'https://www.officemate.co.th/en'</msg>
<status status="PASS" starttime="20210903 20:17:32.659" endtime="20210903 20:18:15.419"/>
</kw>
<status status="PASS" starttime="20210903 20:17:30.918" endtime="20210903 20:18:15.419"/>
</kw>
<kw name="Verify list suggestion">
<arg>Samsung</arg>
<kw name="Input value" library="Home">
<arg>${valueExisted}</arg>
<kw name="Close popup if it appeared" library="Home">
<kw name="Run Keyword And Ignore Error" library="BuiltIn">
<arg>SeleniumLibrary.Element Should Be Visible</arg>
<arg>${home.frame}</arg>
<doc>Runs the given keyword with the given arguments and ignores possible error.</doc>
<kw name="Element Should Be Visible" library="SeleniumLibrary">
<arg>${home.frame}</arg>
<doc>Verifies that the element identified by ``locator`` is visible.</doc>
<msg timestamp="20210903 20:18:15.784" level="INFO">Element 'xpath=//iframe[contains(@classname,'sp-fancybox-iframe')]' is displayed.</msg>
<status status="PASS" starttime="20210903 20:18:15.426" endtime="20210903 20:18:15.785"/>
</kw>
<status status="PASS" starttime="20210903 20:18:15.425" endtime="20210903 20:18:15.786"/>
</kw>
<kw name="Run Keyword And Ignore Error" library="BuiltIn">
<arg>SeleniumLibrary.Select Frame</arg>
<arg>${home.frame}</arg>
<doc>Runs the given keyword with the given arguments and ignores possible error.</doc>
<kw name="Select Frame" library="SeleniumLibrary">
<arg>${home.frame}</arg>
<doc>Sets frame identified by ``locator`` as the current frame.</doc>
<msg timestamp="20210903 20:18:15.799" level="INFO">Selecting frame 'xpath=//iframe[contains(@classname,'sp-fancybox-iframe')]'.</msg>
<status status="PASS" starttime="20210903 20:18:15.791" endtime="20210903 20:18:16.480"/>
</kw>
<status status="PASS" starttime="20210903 20:18:15.788" endtime="20210903 20:18:16.480"/>
</kw>
<kw name="Run Keyword And Ignore Error" library="BuiltIn">
<arg>Click Element</arg>
<arg>${home.x_button}</arg>
<doc>Runs the given keyword with the given arguments and ignores possible error.</doc>
<kw name="Click Element" library="Common_Keywords">
<arg>${home.x_button}</arg>
<kw name="Wait Until Element Is Visible" library="SeleniumLibrary">
<arg>${locator}</arg>
<arg>timeout=${timeout}</arg>
<doc>Waits until the element ``locator`` is visible.</doc>
<status status="PASS" starttime="20210903 20:18:16.482" endtime="20210903 20:18:16.771"/>
</kw>
<kw name="Click Element" library="SeleniumLibrary">
<arg>${locator}</arg>
<doc>Click the element identified by ``locator``.</doc>
<msg timestamp="20210903 20:18:16.774" level="INFO">Clicking element 'xpath=//i[@id='icon-close-button-1454703945249']'.</msg>
<status status="PASS" starttime="20210903 20:18:16.772" endtime="20210903 20:18:17.190"/>
</kw>
<status status="PASS" starttime="20210903 20:18:16.481" endtime="20210903 20:18:17.190"/>
</kw>
<status status="PASS" starttime="20210903 20:18:16.480" endtime="20210903 20:18:17.190"/>
</kw>
<kw name="Run Keyword And Ignore Error" library="BuiltIn">
<arg>SeleniumLibrary.Unselect Frame</arg>
<doc>Runs the given keyword with the given arguments and ignores possible error.</doc>
<kw name="Unselect Frame" library="SeleniumLibrary">
<doc>Sets the main frame as the current frame.</doc>
<status status="PASS" starttime="20210903 20:18:17.191" endtime="20210903 20:18:17.302"/>
</kw>
<status status="PASS" starttime="20210903 20:18:17.191" endtime="20210903 20:18:17.303"/>
</kw>
<status status="PASS" starttime="20210903 20:18:15.424" endtime="20210903 20:18:17.304"/>
</kw>
<kw name="Input data" library="Common_Keywords">
<arg>${home.search_textbox}</arg>
<arg>${value}</arg>
<kw name="Input Text" library="SeleniumLibrary">
<arg>${locator}</arg>
<arg>${value}</arg>
<doc>Types the given ``text`` into the text field identified by ``locator``.</doc>
<msg timestamp="20210903 20:18:17.309" level="INFO">Typing text 'Samsung' into text field 'xpath=//input[@data-testid='txt-SearchBar']'.</msg>
<status status="PASS" starttime="20210903 20:18:17.309" endtime="20210903 20:18:17.858"/>
</kw>
<status status="PASS" starttime="20210903 20:18:17.304" endtime="20210903 20:18:17.859"/>
</kw>
<status status="PASS" starttime="20210903 20:18:15.423" endtime="20210903 20:18:17.860"/>
</kw>
<kw name="Verify products suggestion" library="Home">
<arg>${valueExisted}</arg>
<kw name="Wait To Element Visible" library="Common_Keywords">
<arg>${home.suggestion_in_search}</arg>
<kw name="Wait Until Page Contains Element" library="SeleniumLibrary">
<arg>${locator}</arg>
<arg>timeout=${GLOBALTIMEOUT}</arg>
<doc>Waits until the element ``locator`` appears on the current page.</doc>
<status status="PASS" starttime="20210903 20:18:17.869" endtime="20210903 20:18:18.418"/>
</kw>
<kw name="Wait Until Element Is Visible" library="SeleniumLibrary">
<arg>${locator}</arg>
<arg>timeout=${GLOBALTIMEOUT}</arg>
<doc>Waits until the element ``locator`` is visible.</doc>
<status status="PASS" starttime="20210903 20:18:18.419" endtime="20210903 20:18:18.737"/>
</kw>
<status status="PASS" starttime="20210903 20:18:17.863" endtime="20210903 20:18:18.738"/>
</kw>
<kw name="Convert To Upper Case" library="String">
<var>${product_suggestion}</var>
<arg>${value}</arg>
<doc>Converts string to upper case.</doc>
<msg timestamp="20210903 20:18:18.741" level="INFO">${product_suggestion} = SAMSUNG</msg>
<status status="PASS" starttime="20210903 20:18:18.740" endtime="20210903 20:18:18.742"/>
</kw>
<kw name="Verify contains text in list" library="Common_Keywords">
<arg>${home.data_suggestion_product}</arg>
<arg>${product_suggestion}</arg>
<kw name="Get WebElements" library="SeleniumLibrary">
<var>${listElement}</var>
<arg>${element}</arg>
<doc>Returns a list of WebElement objects matching the ``locator``.</doc>
<msg timestamp="20210903 20:18:18.920" level="INFO">${listElement} = [&lt;selenium.webdriver.remote.webelement.WebElement (session="4f0048a9b794b4f68385245d1222b328", element="3eebb81d-6d5a-4227-80d9-bc006e973aab")&gt;, &lt;selenium.webdriver.remote.webelement.WebElement (sessi...</msg>
<status status="PASS" starttime="20210903 20:18:18.748" endtime="20210903 20:18:18.920"/>
</kw>
<for flavor="IN">
<var>${item}</var>
<value>@{listElement}</value>
<iter>
<var name="${item}">&lt;selenium.webdriver.remote.webelement.WebElement (session="4f0048a9b794b4f68385245d1222b328", element="3eebb81d-6d5a-4227-80d9-bc006e973aab")&gt;</var>
<kw name="Get Text" library="SeleniumLibrary">
<var>${text}</var>
<arg>${item}</arg>
<doc>Returns the text value of the element identified by ``locator``.</doc>
<msg timestamp="20210903 20:18:19.087" level="INFO">${text} = SAMSUNG SAMSUNG เครื่องดูดฝุ่นแบบถุง รุ่น VCC4180V36/XST</msg>
<status status="PASS" starttime="20210903 20:18:18.920" endtime="20210903 20:18:19.087"/>
</kw>
<kw name="Convert To Upper Case" library="String">
<var>${product_name}</var>
<arg>${text}</arg>
<doc>Converts string to upper case.</doc>
<msg timestamp="20210903 20:18:19.088" level="INFO">${product_name} = SAMSUNG SAMSUNG เครื่องดูดฝุ่นแบบถุง รุ่น VCC4180V36/XST</msg>
<status status="PASS" starttime="20210903 20:18:19.088" endtime="20210903 20:18:19.088"/>
</kw>
<kw name="Should Contain" library="BuiltIn">
<arg>${product_name}</arg>
<arg>${value}</arg>
<doc>Fails if ``container`` does not contain ``item`` one or more times.</doc>
<status status="PASS" starttime="20210903 20:18:19.088" endtime="20210903 20:18:19.088"/>
</kw>
<status status="PASS" starttime="20210903 20:18:18.920" endtime="20210903 20:18:19.088"/>
</iter>
<iter>
<var name="${item}">&lt;selenium.webdriver.remote.webelement.WebElement (session="4f0048a9b794b4f68385245d1222b328", element="8fd5af25-b54f-4ada-ad38-9882d4b90768")&gt;</var>
<kw name="Get Text" library="SeleniumLibrary">
<var>${text}</var>
<arg>${item}</arg>
<doc>Returns the text value of the element identified by ``locator``.</doc>
<msg timestamp="20210903 20:18:19.243" level="INFO">${text} = Samsung T5 External SSD</msg>
<status status="PASS" starttime="20210903 20:18:19.088" endtime="20210903 20:18:19.243"/>
</kw>
<kw name="Convert To Upper Case" library="String">
<var>${product_name}</var>
<arg>${text}</arg>
<doc>Converts string to upper case.</doc>
<msg timestamp="20210903 20:18:19.245" level="INFO">${product_name} = SAMSUNG T5 EXTERNAL SSD</msg>
<status status="PASS" starttime="20210903 20:18:19.244" endtime="20210903 20:18:19.245"/>
</kw>
<kw name="Should Contain" library="BuiltIn">
<arg>${product_name}</arg>
<arg>${value}</arg>
<doc>Fails if ``container`` does not contain ``item`` one or more times.</doc>
<status status="PASS" starttime="20210903 20:18:19.245" endtime="20210903 20:18:19.245"/>
</kw>
<status status="PASS" starttime="20210903 20:18:19.088" endtime="20210903 20:18:19.245"/>
</iter>
<iter>
<var name="${item}">&lt;selenium.webdriver.remote.webelement.WebElement (session="4f0048a9b794b4f68385245d1222b328", element="b662e0a4-c257-46a7-9c0d-26d933dbdcc5")&gt;</var>
<kw name="Get Text" library="SeleniumLibrary">
<var>${text}</var>
<arg>${item}</arg>
<doc>Returns the text value of the element identified by ``locator``.</doc>
<msg timestamp="20210903 20:18:19.403" level="INFO">${text} = Samsung Micro SD Memory Card</msg>
<status status="PASS" starttime="20210903 20:18:19.245" endtime="20210903 20:18:19.403"/>
</kw>
<kw name="Convert To Upper Case" library="String">
<var>${product_name}</var>
<arg>${text}</arg>
<doc>Converts string to upper case.</doc>
<msg timestamp="20210903 20:18:19.405" level="INFO">${product_name} = SAMSUNG MICRO SD MEMORY CARD</msg>
<status status="PASS" starttime="20210903 20:18:19.404" endtime="20210903 20:18:19.405"/>
</kw>
<kw name="Should Contain" library="BuiltIn">
<arg>${product_name}</arg>
<arg>${value}</arg>
<doc>Fails if ``container`` does not contain ``item`` one or more times.</doc>
<status status="PASS" starttime="20210903 20:18:19.406" endtime="20210903 20:18:19.406"/>
</kw>
<status status="PASS" starttime="20210903 20:18:19.245" endtime="20210903 20:18:19.406"/>
</iter>
<iter>
<var name="${item}">&lt;selenium.webdriver.remote.webelement.WebElement (session="4f0048a9b794b4f68385245d1222b328", element="2fb01e53-e733-4df8-9115-b0ae7897b480")&gt;</var>
<kw name="Get Text" library="SeleniumLibrary">
<var>${text}</var>
<arg>${item}</arg>
<doc>Returns the text value of the element identified by ``locator``.</doc>
<msg timestamp="20210903 20:18:19.554" level="INFO">${text} = SAMSUNG Case for Samsung Galaxy Note 10 Plus SILICONE NOTE10 Silver</msg>
<status status="PASS" starttime="20210903 20:18:19.406" endtime="20210903 20:18:19.554"/>
</kw>
<kw name="Convert To Upper Case" library="String">
<var>${product_name}</var>
<arg>${text}</arg>
<doc>Converts string to upper case.</doc>
<msg timestamp="20210903 20:18:19.556" level="INFO">${product_name} = SAMSUNG CASE FOR SAMSUNG GALAXY NOTE 10 PLUS SILICONE NOTE10 SILVER</msg>
<status status="PASS" starttime="20210903 20:18:19.555" endtime="20210903 20:18:19.556"/>
</kw>
<kw name="Should Contain" library="BuiltIn">
<arg>${product_name}</arg>
<arg>${value}</arg>
<doc>Fails if ``container`` does not contain ``item`` one or more times.</doc>
<status status="PASS" starttime="20210903 20:18:19.556" endtime="20210903 20:18:19.556"/>
</kw>
<status status="PASS" starttime="20210903 20:18:19.406" endtime="20210903 20:18:19.556"/>
</iter>
<iter>
<var name="${item}">&lt;selenium.webdriver.remote.webelement.WebElement (session="4f0048a9b794b4f68385245d1222b328", element="53c56161-98cf-4cc0-9690-60c287e178e4")&gt;</var>
<kw name="Get Text" library="SeleniumLibrary">
<var>${text}</var>
<arg>${item}</arg>
<doc>Returns the text value of the element identified by ``locator``.</doc>
<msg timestamp="20210903 20:18:19.701" level="INFO">${text} = SAMSUNG Case for Samsung Galaxy Note 10 Plus LEATHER NOTE10+ Grey Color</msg>
<status status="PASS" starttime="20210903 20:18:19.556" endtime="20210903 20:18:19.701"/>
</kw>
<kw name="Convert To Upper Case" library="String">
<var>${product_name}</var>
<arg>${text}</arg>
<doc>Converts string to upper case.</doc>
<msg timestamp="20210903 20:18:19.702" level="INFO">${product_name} = SAMSUNG CASE FOR SAMSUNG GALAXY NOTE 10 PLUS LEATHER NOTE10+ GREY COLOR</msg>
<status status="PASS" starttime="20210903 20:18:19.702" endtime="20210903 20:18:19.702"/>
</kw>
<kw name="Should Contain" library="BuiltIn">
<arg>${product_name}</arg>
<arg>${value}</arg>
<doc>Fails if ``container`` does not contain ``item`` one or more times.</doc>
<status status="PASS" starttime="20210903 20:18:19.702" endtime="20210903 20:18:19.702"/>
</kw>
<status status="PASS" starttime="20210903 20:18:19.556" endtime="20210903 20:18:19.702"/>
</iter>
<iter>
<var name="${item}">&lt;selenium.webdriver.remote.webelement.WebElement (session="4f0048a9b794b4f68385245d1222b328", element="21fd5df2-27e6-4789-bb94-17b46dbb2dee")&gt;</var>
<kw name="Get Text" library="SeleniumLibrary">
<var>${text}</var>
<arg>${item}</arg>
<doc>Returns the text value of the element identified by ``locator``.</doc>
<msg timestamp="20210903 20:18:19.858" level="INFO">${text} = Toner Cartride Black Compute Samsung CLT-K404</msg>
<status status="PASS" starttime="20210903 20:18:19.706" endtime="20210903 20:18:19.858"/>
</kw>
<kw name="Convert To Upper Case" library="String">
<var>${product_name}</var>
<arg>${text}</arg>
<doc>Converts string to upper case.</doc>
<msg timestamp="20210903 20:18:19.858" level="INFO">${product_name} = TONER CARTRIDE BLACK COMPUTE SAMSUNG CLT-K404</msg>
<status status="PASS" starttime="20210903 20:18:19.858" endtime="20210903 20:18:19.858"/>
</kw>
<kw name="Should Contain" library="BuiltIn">
<arg>${product_name}</arg>
<arg>${value}</arg>
<doc>Fails if ``container`` does not contain ``item`` one or more times.</doc>
<status status="PASS" starttime="20210903 20:18:19.858" endtime="20210903 20:18:19.858"/>
</kw>
<status status="PASS" starttime="20210903 20:18:19.706" endtime="20210903 20:18:19.858"/>
</iter>
<status status="PASS" starttime="20210903 20:18:18.920" endtime="20210903 20:18:19.858"/>
</for>
<status status="PASS" starttime="20210903 20:18:18.743" endtime="20210903 20:18:19.858"/>
</kw>
<status status="PASS" starttime="20210903 20:18:17.862" endtime="20210903 20:18:19.858"/>
</kw>
<status status="PASS" starttime="20210903 20:18:15.420" endtime="20210903 20:18:19.858"/>
</kw>
<kw name="Close Browser" library="SeleniumLibrary" type="TEARDOWN">
<doc>Closes the current browser.</doc>
<status status="PASS" starttime="20210903 20:18:19.866" endtime="20210903 20:18:22.537"/>
</kw>
<tag>search</tag>
<status status="PASS" starttime="20210903 20:17:30.915" endtime="20210903 20:18:22.538"/>
</test>
<test id="s1-s2-t2" name="Test case 2: Verify product suggestion">
<kw name="Open Browser To Page" library="Common_Keywords" type="SETUP">
<arg>${page_url}</arg>
<kw name="Evaluate" library="BuiltIn">
<var>${options}</var>
<arg>sys.modules['selenium.webdriver'].ChromeOptions()</arg>
<arg>sys</arg>
<doc>Evaluates the given expression in Python and returns the result.</doc>
<msg timestamp="20210903 20:18:22.553" level="INFO">${options} = &lt;selenium.webdriver.chrome.options.Options object at 0x0000019F9C76EF10&gt;</msg>
<status status="PASS" starttime="20210903 20:18:22.552" endtime="20210903 20:18:22.553"/>
</kw>
<kw name="Create Dictionary" library="BuiltIn">
<var>${exclude}</var>
<arg>"fasp"=True</arg>
<doc>Creates and returns a dictionary based on the given ``items``.</doc>
<msg timestamp="20210903 20:18:22.554" level="INFO">${exclude} = {'"fasp"': 'True'}</msg>
<status status="PASS" starttime="20210903 20:18:22.554" endtime="20210903 20:18:22.554"/>
</kw>
<kw name="Create Dictionary" library="BuiltIn">
<var>${prefs}</var>
<arg>protocol_handler.excluded_schemes=${exclude}</arg>
<doc>Creates and returns a dictionary based on the given ``items``.</doc>
<msg timestamp="20210903 20:18:22.558" level="INFO">${prefs} = {'protocol_handler.excluded_schemes': {'"fasp"': 'True'}}</msg>
<status status="PASS" starttime="20210903 20:18:22.554" endtime="20210903 20:18:22.558"/>
</kw>
<kw name="Call Method" library="BuiltIn">
<arg>${options}</arg>
<arg>add_argument</arg>
<arg>--disable-infobars</arg>
<doc>Calls the named method of the given object with the provided arguments.</doc>
<status status="PASS" starttime="20210903 20:18:22.558" endtime="20210903 20:18:22.558"/>
</kw>
<kw name="Call Method" library="BuiltIn">
<arg>${options}</arg>
<arg>add_argument</arg>
<arg>--disable-notifications</arg>
<doc>Calls the named method of the given object with the provided arguments.</doc>
<status status="PASS" starttime="20210903 20:18:22.558" endtime="20210903 20:18:22.558"/>
</kw>
<kw name="Call Method" library="BuiltIn">
<arg>${options}</arg>
<arg>add_experimental_option</arg>
<arg>prefs</arg>
<arg>${prefs}</arg>
<doc>Calls the named method of the given object with the provided arguments.</doc>
<status status="PASS" starttime="20210903 20:18:22.558" endtime="20210903 20:18:22.558"/>
</kw>
<kw name="Create Webdriver" library="SeleniumLibrary">
<arg>Chrome</arg>
<arg>chrome_options=${options}</arg>
<doc>Creates an instance of Selenium WebDriver.</doc>
<msg timestamp="20210903 20:18:22.558" level="INFO">Creating an instance of the Chrome WebDriver.</msg>
<status status="PASS" starttime="20210903 20:18:22.558" endtime="20210903 20:18:24.172"/>
</kw>
<kw name="Maximize Browser Window" library="SeleniumLibrary">
<doc>Maximizes current browser window.</doc>
<status status="PASS" starttime="20210903 20:18:24.172" endtime="20210903 20:18:24.332"/>
</kw>
<kw name="Set Selenium Speed" library="SeleniumLibrary">
<arg>${speed}</arg>
<doc>Sets the delay that is waited after each Selenium command.</doc>
<status status="PASS" starttime="20210903 20:18:24.333" endtime="20210903 20:18:24.333"/>
</kw>
<kw name="Go To" library="SeleniumLibrary">
<arg>${url}</arg>
<doc>Navigates the current browser window to the provided ``url``.</doc>
<msg timestamp="20210903 20:18:24.336" level="INFO">Opening url 'https://www.officemate.co.th/en'</msg>
<status status="PASS" starttime="20210903 20:18:24.333" endtime="20210903 20:19:26.349"/>
</kw>
<status status="PASS" starttime="20210903 20:18:22.551" endtime="20210903 20:19:26.350"/>
</kw>
<kw name="Verify list suggestion">
<arg>โทรทัศน์</arg>
<kw name="Input value" library="Home">
<arg>${valueExisted}</arg>
<kw name="Close popup if it appeared" library="Home">
<kw name="Run Keyword And Ignore Error" library="BuiltIn">
<arg>SeleniumLibrary.Element Should Be Visible</arg>
<arg>${home.frame}</arg>
<doc>Runs the given keyword with the given arguments and ignores possible error.</doc>
<kw name="Element Should Be Visible" library="SeleniumLibrary">
<arg>${home.frame}</arg>
<doc>Verifies that the element identified by ``locator`` is visible.</doc>
<msg timestamp="20210903 20:19:26.746" level="INFO">Element 'xpath=//iframe[contains(@classname,'sp-fancybox-iframe')]' is displayed.</msg>
<status status="PASS" starttime="20210903 20:19:26.356" endtime="20210903 20:19:26.746"/>
</kw>
<status status="PASS" starttime="20210903 20:19:26.356" endtime="20210903 20:19:26.746"/>
</kw>
<kw name="Run Keyword And Ignore Error" library="BuiltIn">
<arg>SeleniumLibrary.Select Frame</arg>
<arg>${home.frame}</arg>
<doc>Runs the given keyword with the given arguments and ignores possible error.</doc>
<kw name="Select Frame" library="SeleniumLibrary">
<arg>${home.frame}</arg>
<doc>Sets frame identified by ``locator`` as the current frame.</doc>
<msg timestamp="20210903 20:19:26.750" level="INFO">Selecting frame 'xpath=//iframe[contains(@classname,'sp-fancybox-iframe')]'.</msg>
<status status="PASS" starttime="20210903 20:19:26.748" endtime="20210903 20:19:27.319"/>
</kw>
<status status="PASS" starttime="20210903 20:19:26.747" endtime="20210903 20:19:27.321"/>
</kw>
<kw name="Run Keyword And Ignore Error" library="BuiltIn">
<arg>Click Element</arg>
<arg>${home.x_button}</arg>
<doc>Runs the given keyword with the given arguments and ignores possible error.</doc>
<kw name="Click Element" library="Common_Keywords">
<arg>${home.x_button}</arg>
<kw name="Wait Until Element Is Visible" library="SeleniumLibrary">
<arg>${locator}</arg>
<arg>timeout=${timeout}</arg>
<doc>Waits until the element ``locator`` is visible.</doc>
<status status="PASS" starttime="20210903 20:19:27.335" endtime="20210903 20:19:27.718"/>
</kw>
<kw name="Click Element" library="SeleniumLibrary">
<arg>${locator}</arg>
<doc>Click the element identified by ``locator``.</doc>
<msg timestamp="20210903 20:19:27.719" level="INFO">Clicking element 'xpath=//i[@id='icon-close-button-1454703945249']'.</msg>
<status status="PASS" starttime="20210903 20:19:27.719" endtime="20210903 20:19:28.268"/>
</kw>
<status status="PASS" starttime="20210903 20:19:27.324" endtime="20210903 20:19:28.268"/>
</kw>
<status status="PASS" starttime="20210903 20:19:27.322" endtime="20210903 20:19:28.268"/>
</kw>
<kw name="Run Keyword And Ignore Error" library="BuiltIn">
<arg>SeleniumLibrary.Unselect Frame</arg>
<doc>Runs the given keyword with the given arguments and ignores possible error.</doc>
<kw name="Unselect Frame" library="SeleniumLibrary">
<doc>Sets the main frame as the current frame.</doc>
<status status="PASS" starttime="20210903 20:19:28.269" endtime="20210903 20:19:28.375"/>
</kw>
<status status="PASS" starttime="20210903 20:19:28.269" endtime="20210903 20:19:28.375"/>
</kw>
<status status="PASS" starttime="20210903 20:19:26.355" endtime="20210903 20:19:28.376"/>
</kw>
<kw name="Input data" library="Common_Keywords">
<arg>${home.search_textbox}</arg>
<arg>${value}</arg>
<kw name="Input Text" library="SeleniumLibrary">
<arg>${locator}</arg>
<arg>${value}</arg>
<doc>Types the given ``text`` into the text field identified by ``locator``.</doc>
<msg timestamp="20210903 20:19:28.377" level="INFO">Typing text 'โทรทัศน์' into text field 'xpath=//input[@data-testid='txt-SearchBar']'.</msg>
<status status="PASS" starttime="20210903 20:19:28.377" endtime="20210903 20:19:29.011"/>
</kw>
<status status="PASS" starttime="20210903 20:19:28.376" endtime="20210903 20:19:29.013"/>
</kw>
<status status="PASS" starttime="20210903 20:19:26.351" endtime="20210903 20:19:29.014"/>
</kw>
<kw name="Verify products suggestion" library="Home">
<arg>${valueExisted}</arg>
<kw name="Wait To Element Visible" library="Common_Keywords">
<arg>${home.suggestion_in_search}</arg>
<kw name="Wait Until Page Contains Element" library="SeleniumLibrary">
<arg>${locator}</arg>
<arg>timeout=${GLOBALTIMEOUT}</arg>
<doc>Waits until the element ``locator`` appears on the current page.</doc>
<status status="PASS" starttime="20210903 20:19:29.021" endtime="20210903 20:19:29.981"/>
</kw>
<kw name="Wait Until Element Is Visible" library="SeleniumLibrary">
<arg>${locator}</arg>
<arg>timeout=${GLOBALTIMEOUT}</arg>
<doc>Waits until the element ``locator`` is visible.</doc>
<status status="PASS" starttime="20210903 20:19:29.982" endtime="20210903 20:19:30.327"/>
</kw>
<status status="PASS" starttime="20210903 20:19:29.018" endtime="20210903 20:19:30.329"/>
</kw>
<kw name="Convert To Upper Case" library="String">
<var>${product_suggestion}</var>
<arg>${value}</arg>
<doc>Converts string to upper case.</doc>
<msg timestamp="20210903 20:19:30.331" level="INFO">${product_suggestion} = โทรทัศน์</msg>
<status status="PASS" starttime="20210903 20:19:30.331" endtime="20210903 20:19:30.331"/>
</kw>
<kw name="Verify contains text in list" library="Common_Keywords">
<arg>${home.data_suggestion_product}</arg>
<arg>${product_suggestion}</arg>
<kw name="Get WebElements" library="SeleniumLibrary">
<var>${listElement}</var>
<arg>${element}</arg>
<doc>Returns a list of WebElement objects matching the ``locator``.</doc>
<msg timestamp="20210903 20:19:30.580" level="INFO">${listElement} = [&lt;selenium.webdriver.remote.webelement.WebElement (session="ea6990308e7fd24ce826d60bb6e51209", element="2a7ef7ca-32df-4db4-a271-27b50cf0ab48")&gt;, &lt;selenium.webdriver.remote.webelement.WebElement (sessi...</msg>
<status status="PASS" starttime="20210903 20:19:30.344" endtime="20210903 20:19:30.581"/>
</kw>
<for flavor="IN">
<var>${item}</var>
<value>@{listElement}</value>
<iter>
<var name="${item}">&lt;selenium.webdriver.remote.webelement.WebElement (session="ea6990308e7fd24ce826d60bb6e51209", element="2a7ef7ca-32df-4db4-a271-27b50cf0ab48")&gt;</var>
<kw name="Get Text" library="SeleniumLibrary">
<var>${text}</var>
<arg>${item}</arg>
<doc>Returns the text value of the element identified by ``locator``.</doc>
<msg timestamp="20210903 20:19:30.717" level="INFO">${text} = โจ้โจ้ติดโทรทัศน์ นิทานชุด กว่าหนูจะโตเป็นคนดี</msg>
<status status="PASS" starttime="20210903 20:19:30.581" endtime="20210903 20:19:30.717"/>
</kw>
<kw name="Convert To Upper Case" library="String">
<var>${product_name}</var>
<arg>${text}</arg>
<doc>Converts string to upper case.</doc>
<msg timestamp="20210903 20:19:30.718" level="INFO">${product_name} = โจ้โจ้ติดโทรทัศน์ นิทานชุด กว่าหนูจะโตเป็นคนดี</msg>
<status status="PASS" starttime="20210903 20:19:30.717" endtime="20210903 20:19:30.718"/>
</kw>
<kw name="Should Contain" library="BuiltIn">
<arg>${product_name}</arg>
<arg>${value}</arg>
<doc>Fails if ``container`` does not contain ``item`` one or more times.</doc>
<status status="PASS" starttime="20210903 20:19:30.719" endtime="20210903 20:19:30.719"/>
</kw>
<status status="PASS" starttime="20210903 20:19:30.581" endtime="20210903 20:19:30.720"/>
</iter>
<iter>
<var name="${item}">&lt;selenium.webdriver.remote.webelement.WebElement (session="ea6990308e7fd24ce826d60bb6e51209", element="cba991ad-3b66-47e3-811f-137659c98e61")&gt;</var>
<kw name="Get Text" library="SeleniumLibrary">
<var>${text}</var>
<arg>${item}</arg>
<doc>Returns the text value of the element identified by ``locator``.</doc>
<msg timestamp="20210903 20:19:30.847" level="INFO">${text} = BTICINO TV Socket BTICINO SM9152D White</msg>
<status status="PASS" starttime="20210903 20:19:30.720" endtime="20210903 20:19:30.847"/>
</kw>
<kw name="Convert To Upper Case" library="String">
<var>${product_name}</var>
<arg>${text}</arg>
<doc>Converts string to upper case.</doc>
<msg timestamp="20210903 20:19:30.848" level="INFO">${product_name} = BTICINO TV SOCKET BTICINO SM9152D WHITE</msg>
<status status="PASS" starttime="20210903 20:19:30.847" endtime="20210903 20:19:30.848"/>
</kw>
<kw name="Should Contain" library="BuiltIn">
<arg>${product_name}</arg>
<arg>${value}</arg>
<doc>Fails if ``container`` does not contain ``item`` one or more times.</doc>
<msg timestamp="20210903 20:19:30.848" level="FAIL">'BTICINO TV SOCKET BTICINO SM9152D WHITE' does not contain 'โทรทัศน์'</msg>
<status status="FAIL" starttime="20210903 20:19:30.848" endtime="20210903 20:19:30.848"/>
</kw>
<status status="FAIL" starttime="20210903 20:19:30.720" endtime="20210903 20:19:30.848"/>
</iter>
<status status="FAIL" starttime="20210903 20:19:30.581" endtime="20210903 20:19:30.848"/>
</for>
<status status="FAIL" starttime="20210903 20:19:30.331" endtime="20210903 20:19:30.858"/>
</kw>
<status status="FAIL" starttime="20210903 20:19:29.015" endtime="20210903 20:19:30.862"/>
</kw>
<status status="FAIL" starttime="20210903 20:19:26.351" endtime="20210903 20:19:30.863"/>
</kw>
<kw name="Close Browser" library="SeleniumLibrary" type="TEARDOWN">
<doc>Closes the current browser.</doc>
<status status="PASS" starttime="20210903 20:19:30.865" endtime="20210903 20:19:33.534"/>
</kw>
<tag>search</tag>
<status status="FAIL" starttime="20210903 20:18:22.547" endtime="20210903 20:19:33.536">'BTICINO TV SOCKET BTICINO SM9152D WHITE' does not contain 'โทรทัศน์'</status>
</test>
<test id="s1-s2-t3" name="Test case 2: Verify product suggestion">
<kw name="Open Browser To Page" library="Common_Keywords" type="SETUP">
<arg>${page_url}</arg>
<kw name="Evaluate" library="BuiltIn">
<var>${options}</var>
<arg>sys.modules['selenium.webdriver'].ChromeOptions()</arg>
<arg>sys</arg>
<doc>Evaluates the given expression in Python and returns the result.</doc>
<msg timestamp="20210903 20:19:33.551" level="INFO">${options} = &lt;selenium.webdriver.chrome.options.Options object at 0x0000019F9C793670&gt;</msg>
<status status="PASS" starttime="20210903 20:19:33.550" endtime="20210903 20:19:33.551"/>
</kw>
<kw name="Create Dictionary" library="BuiltIn">
<var>${exclude}</var>
<arg>"fasp"=True</arg>
<doc>Creates and returns a dictionary based on the given ``items``.</doc>
<msg timestamp="20210903 20:19:33.551" level="INFO">${exclude} = {'"fasp"': 'True'}</msg>
<status status="PASS" starttime="20210903 20:19:33.551" endtime="20210903 20:19:33.551"/>
</kw>
<kw name="Create Dictionary" library="BuiltIn">
<var>${prefs}</var>
<arg>protocol_handler.excluded_schemes=${exclude}</arg>
<doc>Creates and returns a dictionary based on the given ``items``.</doc>
<msg timestamp="20210903 20:19:33.553" level="INFO">${prefs} = {'protocol_handler.excluded_schemes': {'"fasp"': 'True'}}</msg>
<status status="PASS" starttime="20210903 20:19:33.552" endtime="20210903 20:19:33.553"/>
</kw>
<kw name="Call Method" library="BuiltIn">
<arg>${options}</arg>
<arg>add_argument</arg>
<arg>--disable-infobars</arg>
<doc>Calls the named method of the given object with the provided arguments.</doc>
<status status="PASS" starttime="20210903 20:19:33.555" endtime="20210903 20:19:33.555"/>
</kw>
<kw name="Call Method" library="BuiltIn">
<arg>${options}</arg>
<arg>add_argument</arg>
<arg>--disable-notifications</arg>
<doc>Calls the named method of the given object with the provided arguments.</doc>
<status status="PASS" starttime="20210903 20:19:33.555" endtime="20210903 20:19:33.555"/>
</kw>
<kw name="Call Method" library="BuiltIn">
<arg>${options}</arg>
<arg>add_experimental_option</arg>
<arg>prefs</arg>
<arg>${prefs}</arg>
<doc>Calls the named method of the given object with the provided arguments.</doc>
<status status="PASS" starttime="20210903 20:19:33.556" endtime="20210903 20:19:33.556"/>
</kw>
<kw name="Create Webdriver" library="SeleniumLibrary">
<arg>Chrome</arg>
<arg>chrome_options=${options}</arg>
<doc>Creates an instance of Selenium WebDriver.</doc>
<msg timestamp="20210903 20:19:33.556" level="INFO">Creating an instance of the Chrome WebDriver.</msg>
<status status="PASS" starttime="20210903 20:19:33.556" endtime="20210903 20:19:35.128"/>
</kw>
<kw name="Maximize Browser Window" library="SeleniumLibrary">
<doc>Maximizes current browser window.</doc>
<status status="PASS" starttime="20210903 20:19:35.128" endtime="20210903 20:19:35.273"/>
</kw>
<kw name="Set Selenium Speed" library="SeleniumLibrary">
<arg>${speed}</arg>
<doc>Sets the delay that is waited after each Selenium command.</doc>
<status status="PASS" starttime="20210903 20:19:35.274" endtime="20210903 20:19:35.274"/>
</kw>
<kw name="Go To" library="SeleniumLibrary">
<arg>${url}</arg>
<doc>Navigates the current browser window to the provided ``url``.</doc>
<msg timestamp="20210903 20:19:35.276" level="INFO">Opening url 'https://www.officemate.co.th/en'</msg>
<status status="PASS" starttime="20210903 20:19:35.275" endtime="20210903 20:20:26.724"/>
</kw>
<status status="PASS" starttime="20210903 20:19:33.548" endtime="20210903 20:20:26.725"/>
</kw>
<kw name="Verify list suggestion">
<arg>LG</arg>
<kw name="Input value" library="Home">
<arg>${valueExisted}</arg>
<kw name="Close popup if it appeared" library="Home">
<kw name="Run Keyword And Ignore Error" library="BuiltIn">
<arg>SeleniumLibrary.Element Should Be Visible</arg>
<arg>${home.frame}</arg>
<doc>Runs the given keyword with the given arguments and ignores possible error.</doc>
<kw name="Element Should Be Visible" library="SeleniumLibrary">
<arg>${home.frame}</arg>
<doc>Verifies that the element identified by ``locator`` is visible.</doc>
<msg timestamp="20210903 20:20:27.085" level="INFO">Element 'xpath=//iframe[contains(@classname,'sp-fancybox-iframe')]' is displayed.</msg>
<status status="PASS" starttime="20210903 20:20:26.729" endtime="20210903 20:20:27.086"/>
</kw>
<status status="PASS" starttime="20210903 20:20:26.729" endtime="20210903 20:20:27.086"/>
</kw>
<kw name="Run Keyword And Ignore Error" library="BuiltIn">
<arg>SeleniumLibrary.Select Frame</arg>
<arg>${home.frame}</arg>
<doc>Runs the given keyword with the given arguments and ignores possible error.</doc>
<kw name="Select Frame" library="SeleniumLibrary">
<arg>${home.frame}</arg>
<doc>Sets frame identified by ``locator`` as the current frame.</doc>
<msg timestamp="20210903 20:20:27.087" level="INFO">Selecting frame 'xpath=//iframe[contains(@classname,'sp-fancybox-iframe')]'.</msg>
<status status="PASS" starttime="20210903 20:20:27.087" endtime="20210903 20:20:27.683"/>
</kw>
<status status="PASS" starttime="20210903 20:20:27.087" endtime="20210903 20:20:27.684"/>
</kw>
<kw name="Run Keyword And Ignore Error" library="BuiltIn">
<arg>Click Element</arg>
<arg>${home.x_button}</arg>
<doc>Runs the given keyword with the given arguments and ignores possible error.</doc>
<kw name="Click Element" library="Common_Keywords">
<arg>${home.x_button}</arg>
<kw name="Wait Until Element Is Visible" library="SeleniumLibrary">
<arg>${locator}</arg>
<arg>timeout=${timeout}</arg>
<doc>Waits until the element ``locator`` is visible.</doc>
<status status="PASS" starttime="20210903 20:20:27.694" endtime="20210903 20:20:28.062"/>
</kw>
<kw name="Click Element" library="SeleniumLibrary">
<arg>${locator}</arg>
<doc>Click the element identified by ``locator``.</doc>
<msg timestamp="20210903 20:20:28.064" level="INFO">Clicking element 'xpath=//i[@id='icon-close-button-1454703945249']'.</msg>
<status status="PASS" starttime="20210903 20:20:28.063" endtime="20210903 20:20:28.472"/>
</kw>
<status status="PASS" starttime="20210903 20:20:27.688" endtime="20210903 20:20:28.473"/>
</kw>
<status status="PASS" starttime="20210903 20:20:27.685" endtime="20210903 20:20:28.474"/>
</kw>
<kw name="Run Keyword And Ignore Error" library="BuiltIn">
<arg>SeleniumLibrary.Unselect Frame</arg>
<doc>Runs the given keyword with the given arguments and ignores possible error.</doc>
<kw name="Unselect Frame" library="SeleniumLibrary">
<doc>Sets the main frame as the current frame.</doc>
<status status="PASS" starttime="20210903 20:20:28.477" endtime="20210903 20:20:28.600"/>
</kw>
<status status="PASS" starttime="20210903 20:20:28.475" endtime="20210903 20:20:28.601"/>
</kw>
<status status="PASS" starttime="20210903 20:20:26.729" endtime="20210903 20:20:28.601"/>
</kw>
<kw name="Input data" library="Common_Keywords">
<arg>${home.search_textbox}</arg>
<arg>${value}</arg>
<kw name="Input Text" library="SeleniumLibrary">
<arg>${locator}</arg>
<arg>${value}</arg>
<doc>Types the given ``text`` into the text field identified by ``locator``.</doc>
<msg timestamp="20210903 20:20:28.606" level="INFO">Typing text 'LG' into text field 'xpath=//input[@data-testid='txt-SearchBar']'.</msg>
<status status="PASS" starttime="20210903 20:20:28.605" endtime="20210903 20:20:29.294"/>
</kw>
<status status="PASS" starttime="20210903 20:20:28.601" endtime="20210903 20:20:29.295"/>
</kw>
<status status="PASS" starttime="20210903 20:20:26.728" endtime="20210903 20:20:29.295"/>
</kw>
<kw name="Verify products suggestion" library="Home">
<arg>${valueExisted}</arg>
<kw name="Wait To Element Visible" library="Common_Keywords">
<arg>${home.suggestion_in_search}</arg>
<kw name="Wait Until Page Contains Element" library="SeleniumLibrary">
<arg>${locator}</arg>
<arg>timeout=${GLOBALTIMEOUT}</arg>
<doc>Waits until the element ``locator`` appears on the current page.</doc>
<status status="PASS" starttime="20210903 20:20:29.300" endtime="20210903 20:20:29.807"/>
</kw>
<kw name="Wait Until Element Is Visible" library="SeleniumLibrary">
<arg>${locator}</arg>
<arg>timeout=${GLOBALTIMEOUT}</arg>
<doc>Waits until the element ``locator`` is visible.</doc>
<status status="PASS" starttime="20210903 20:20:29.807" endtime="20210903 20:20:30.087"/>
</kw>
<status status="PASS" starttime="20210903 20:20:29.296" endtime="20210903 20:20:30.088"/>
</kw>
<kw name="Convert To Upper Case" library="String">
<var>${product_suggestion}</var>
<arg>${value}</arg>
<doc>Converts string to upper case.</doc>
<msg timestamp="20210903 20:20:30.090" level="INFO">${product_suggestion} = LG</msg>
<status status="PASS" starttime="20210903 20:20:30.089" endtime="20210903 20:20:30.090"/>
</kw>
<kw name="Verify contains text in list" library="Common_Keywords">
<arg>${home.data_suggestion_product}</arg>
<arg>${product_suggestion}</arg>
<kw name="Get WebElements" library="SeleniumLibrary">
<var>${listElement}</var>
<arg>${element}</arg>
<doc>Returns a list of WebElement objects matching the ``locator``.</doc>
<msg timestamp="20210903 20:20:30.241" level="INFO">${listElement} = [&lt;selenium.webdriver.remote.webelement.WebElement (session="328e3d9645b7a1bae2e636a4fb4adce5", element="55e26d54-087d-45af-8b2e-cb3907b9a5d3")&gt;, &lt;selenium.webdriver.remote.webelement.WebElement (sessi...</msg>
<status status="PASS" starttime="20210903 20:20:30.092" endtime="20210903 20:20:30.241"/>
</kw>
<for flavor="IN">
<var>${item}</var>
<value>@{listElement}</value>
<iter>
<var name="${item}">&lt;selenium.webdriver.remote.webelement.WebElement (session="328e3d9645b7a1bae2e636a4fb4adce5", element="55e26d54-087d-45af-8b2e-cb3907b9a5d3")&gt;</var>
<kw name="Get Text" library="SeleniumLibrary">
<var>${text}</var>
<arg>${item}</arg>
<doc>Returns the text value of the element identified by ``locator``.</doc>
<msg timestamp="20210903 20:20:30.401" level="INFO">${text} = Anitech- LG04 Alcohol Gel</msg>
<status status="PASS" starttime="20210903 20:20:30.241" endtime="20210903 20:20:30.402"/>
</kw>
<kw name="Convert To Upper Case" library="String">
<var>${product_name}</var>
<arg>${text}</arg>
<doc>Converts string to upper case.</doc>
<msg timestamp="20210903 20:20:30.403" level="INFO">${product_name} = ANITECH- LG04 ALCOHOL GEL</msg>
<status status="PASS" starttime="20210903 20:20:30.402" endtime="20210903 20:20:30.403"/>
</kw>
<kw name="Should Contain" library="BuiltIn">
<arg>${product_name}</arg>
<arg>${value}</arg>
<doc>Fails if ``container`` does not contain ``item`` one or more times.</doc>
<status status="PASS" starttime="20210903 20:20:30.403" endtime="20210903 20:20:30.403"/>
</kw>
<status status="PASS" starttime="20210903 20:20:30.241" endtime="20210903 20:20:30.403"/>
</iter>
<iter>
<var name="${item}">&lt;selenium.webdriver.remote.webelement.WebElement (session="328e3d9645b7a1bae2e636a4fb4adce5", element="e701c489-97ff-496a-b747-fbe46b93991a")&gt;</var>
<kw name="Get Text" library="SeleniumLibrary">
<var>${text}</var>
<arg>${item}</arg>
<doc>Returns the text value of the element identified by ``locator``.</doc>
<msg timestamp="20210903 20:20:30.558" level="INFO">${text} = Anitech LG04 Alcohol Gel</msg>
<status status="PASS" starttime="20210903 20:20:30.403" endtime="20210903 20:20:30.558"/>
</kw>
<kw name="Convert To Upper Case" library="String">
<var>${product_name}</var>
<arg>${text}</arg>
<doc>Converts string to upper case.</doc>
<msg timestamp="20210903 20:20:30.560" level="INFO">${product_name} = ANITECH LG04 ALCOHOL GEL</msg>
<status status="PASS" starttime="20210903 20:20:30.560" endtime="20210903 20:20:30.560"/>
</kw>
<kw name="Should Contain" library="BuiltIn">
<arg>${product_name}</arg>
<arg>${value}</arg>
<doc>Fails if ``container`` does not contain ``item`` one or more times.</doc>
<status status="PASS" starttime="20210903 20:20:30.561" endtime="20210903 20:20:30.562"/>
</kw>
<status status="PASS" starttime="20210903 20:20:30.403" endtime="20210903 20:20:30.562"/>
</iter>
<iter>
<var name="${item}">&lt;selenium.webdriver.remote.webelement.WebElement (session="328e3d9645b7a1bae2e636a4fb4adce5", element="5b460e59-6a4b-4b86-8e0b-c9978198807b")&gt;</var>
<kw name="Get Text" library="SeleniumLibrary">
<var>${text}</var>
<arg>${item}</arg>
<doc>Returns the text value of the element identified by ``locator``.</doc>
<msg timestamp="20210903 20:20:30.718" level="INFO">${text} = LG Air Purifier AAFTDT101.ASTD</msg>
<status status="PASS" starttime="20210903 20:20:30.563" endtime="20210903 20:20:30.719"/>
</kw>
<kw name="Convert To Upper Case" library="String">
<var>${product_name}</var>
<arg>${text}</arg>
<doc>Converts string to upper case.</doc>
<msg timestamp="20210903 20:20:30.720" level="INFO">${product_name} = LG AIR PURIFIER AAFTDT101.ASTD</msg>
<status status="PASS" starttime="20210903 20:20:30.719" endtime="20210903 20:20:30.720"/>
</kw>
<kw name="Should Contain" library="BuiltIn">
<arg>${product_name}</arg>
<arg>${value}</arg>
<doc>Fails if ``container`` does not contain ``item`` one or more times.</doc>
<status status="PASS" starttime="20210903 20:20:30.720" endtime="20210903 20:20:30.720"/>
</kw>
<status status="PASS" starttime="20210903 20:20:30.563" endtime="20210903 20:20:30.720"/>
</iter>
<iter>
<var name="${item}">&lt;selenium.webdriver.remote.webelement.WebElement (session="328e3d9645b7a1bae2e636a4fb4adce5", element="a3ee24f3-6cdb-4f5f-aa39-2f3a10bfee24")&gt;</var>
<kw name="Get Text" library="SeleniumLibrary">
<var>${text}</var>
<arg>${item}</arg>
<doc>Returns the text value of the element identified by ``locator``.</doc>
<msg timestamp="20210903 20:20:30.880" level="INFO">${text} = LG PA Speaker ON9.DTHALLK</msg>
<status status="PASS" starttime="20210903 20:20:30.720" endtime="20210903 20:20:30.880"/>
</kw>
<kw name="Convert To Upper Case" library="String">
<var>${product_name}</var>
<arg>${text}</arg>
<doc>Converts string to upper case.</doc>
<msg timestamp="20210903 20:20:30.881" level="INFO">${product_name} = LG PA SPEAKER ON9.DTHALLK</msg>
<status status="PASS" starttime="20210903 20:20:30.881" endtime="20210903 20:20:30.881"/>
</kw>
<kw name="Should Contain" library="BuiltIn">
<arg>${product_name}</arg>
<arg>${value}</arg>
<doc>Fails if ``container`` does not contain ``item`` one or more times.</doc>
<status status="PASS" starttime="20210903 20:20:30.881" endtime="20210903 20:20:30.881"/>
</kw>
<status status="PASS" starttime="20210903 20:20:30.720" endtime="20210903 20:20:30.881"/>
</iter>
<iter>
<var name="${item}">&lt;selenium.webdriver.remote.webelement.WebElement (session="328e3d9645b7a1bae2e636a4fb4adce5", element="df841557-6e79-4114-8ad6-917055fd6d9c")&gt;</var>
<kw name="Get Text" library="SeleniumLibrary">
<var>${text}</var>
<arg>${item}</arg>
<doc>Returns the text value of the element identified by ``locator``.</doc>
<msg timestamp="20210903 20:20:31.031" level="INFO">${text} = LG PA Speaker ON5.DTHALLK</msg>
<status status="PASS" starttime="20210903 20:20:30.881" endtime="20210903 20:20:31.031"/>
</kw>
<kw name="Convert To Upper Case" library="String">
<var>${product_name}</var>
<arg>${text}</arg>
<doc>Converts string to upper case.</doc>
<msg timestamp="20210903 20:20:31.032" level="INFO">${product_name} = LG PA SPEAKER ON5.DTHALLK</msg>
<status status="PASS" starttime="20210903 20:20:31.032" endtime="20210903 20:20:31.032"/>
</kw>
<kw name="Should Contain" library="BuiltIn">
<arg>${product_name}</arg>
<arg>${value}</arg>
<doc>Fails if ``container`` does not contain ``item`` one or more times.</doc>
<status status="PASS" starttime="20210903 20:20:31.032" endtime="20210903 20:20:31.032"/>
</kw>
<status status="PASS" starttime="20210903 20:20:30.881" endtime="20210903 20:20:31.032"/>
</iter>
<iter>
<var name="${item}">&lt;selenium.webdriver.remote.webelement.WebElement (session="328e3d9645b7a1bae2e636a4fb4adce5", element="9534932e-e8d4-47fa-9e3d-0a6ec7561674")&gt;</var>
<kw name="Get Text" library="SeleniumLibrary">
<var>${text}</var>
<arg>${item}</arg>
<doc>Returns the text value of the element identified by ``locator``.</doc>
<msg timestamp="20210903 20:20:31.188" level="INFO">${text} = LG Sound Bar SN8YG.DTHALLK</msg>
<status status="PASS" starttime="20210903 20:20:31.032" endtime="20210903 20:20:31.188"/>
</kw>
<kw name="Convert To Upper Case" library="String">
<var>${product_name}</var>
<arg>${text}</arg>
<doc>Converts string to upper case.</doc>
<msg timestamp="20210903 20:20:31.189" level="INFO">${product_name} = LG SOUND BAR SN8YG.DTHALLK</msg>
<status status="PASS" starttime="20210903 20:20:31.189" endtime="20210903 20:20:31.189"/>
</kw>
<kw name="Should Contain" library="BuiltIn">
<arg>${product_name}</arg>
<arg>${value}</arg>
<doc>Fails if ``container`` does not contain ``item`` one or more times.</doc>
<status status="PASS" starttime="20210903 20:20:31.189" endtime="20210903 20:20:31.193"/>
</kw>
<status status="PASS" starttime="20210903 20:20:31.032" endtime="20210903 20:20:31.193"/>
</iter>
<status status="PASS" starttime="20210903 20:20:30.241" endtime="20210903 20:20:31.193"/>
</for>
<status status="PASS" starttime="20210903 20:20:30.091" endtime="20210903 20:20:31.194"/>
</kw>
<status status="PASS" starttime="20210903 20:20:29.295" endtime="20210903 20:20:31.194"/>
</kw>
<status status="PASS" starttime="20210903 20:20:26.726" endtime="20210903 20:20:31.194"/>
</kw>
<kw name="Close Browser" library="SeleniumLibrary" type="TEARDOWN">
<doc>Closes the current browser.</doc>
<status status="PASS" starttime="20210903 20:20:31.194" endtime="20210903 20:20:33.865"/>
</kw>
<tag>search</tag>
<status status="PASS" starttime="20210903 20:19:33.546" endtime="20210903 20:20:33.866"/>
</test>
<status status="FAIL" starttime="20210903 20:17:29.687" endtime="20210903 20:20:33.874"/>
</suite>
<suite id="s1-s3" name="Search Verify Message" source="C:\Users\DCG\Documents\Smart\linhtt1_qa_automation\Tests\UI\Search\search_verify_message.robot">
<test id="s1-s3-t1" name="Test case 3: Verify message when searching data is not exist in db">
<kw name="Open Browser To Page" library="Common_Keywords" type="SETUP">
<arg>${page_url}</arg>
<kw name="Evaluate" library="BuiltIn">
<var>${options}</var>
<arg>sys.modules['selenium.webdriver'].ChromeOptions()</arg>
<arg>sys</arg>
<doc>Evaluates the given expression in Python and returns the result.</doc>
<msg timestamp="20210903 20:20:33.945" level="INFO">${options} = &lt;selenium.webdriver.chrome.options.Options object at 0x0000019F9C7724C0&gt;</msg>
<status status="PASS" starttime="20210903 20:20:33.945" endtime="20210903 20:20:33.945"/>
</kw>
<kw name="Create Dictionary" library="BuiltIn">
<var>${exclude}</var>
<arg>"fasp"=True</arg>
<doc>Creates and returns a dictionary based on the given ``items``.</doc>
<msg timestamp="20210903 20:20:33.945" level="INFO">${exclude} = {'"fasp"': 'True'}</msg>
<status status="PASS" starttime="20210903 20:20:33.945" endtime="20210903 20:20:33.945"/>
</kw>
<kw name="Create Dictionary" library="BuiltIn">
<var>${prefs}</var>
<arg>protocol_handler.excluded_schemes=${exclude}</arg>
<doc>Creates and returns a dictionary based on the given ``items``.</doc>
<msg timestamp="20210903 20:20:33.945" level="INFO">${prefs} = {'protocol_handler.excluded_schemes': {'"fasp"': 'True'}}</msg>
<status status="PASS" starttime="20210903 20:20:33.945" endtime="20210903 20:20:33.945"/>
</kw>
<kw name="Call Method" library="BuiltIn">
<arg>${options}</arg>
<arg>add_argument</arg>
<arg>--disable-infobars</arg>
<doc>Calls the named method of the given object with the provided arguments.</doc>
<status status="PASS" starttime="20210903 20:20:33.945" endtime="20210903 20:20:33.945"/>
</kw>
<kw name="Call Method" library="BuiltIn">
<arg>${options}</arg>
<arg>add_argument</arg>
<arg>--disable-notifications</arg>
<doc>Calls the named method of the given object with the provided arguments.</doc>
<status status="PASS" starttime="20210903 20:20:33.945" endtime="20210903 20:20:33.945"/>
</kw>
<kw name="Call Method" library="BuiltIn">
<arg>${options}</arg>
<arg>add_experimental_option</arg>
<arg>prefs</arg>
<arg>${prefs}</arg>
<doc>Calls the named method of the given object with the provided arguments.</doc>
<status status="PASS" starttime="20210903 20:20:33.945" endtime="20210903 20:20:33.945"/>
</kw>
<kw name="Create Webdriver" library="SeleniumLibrary">
<arg>Chrome</arg>
<arg>chrome_options=${options}</arg>
<doc>Creates an instance of Selenium WebDriver.</doc>
<msg timestamp="20210903 20:20:33.945" level="INFO">Creating an instance of the Chrome WebDriver.</msg>
<status status="PASS" starttime="20210903 20:20:33.945" endtime="20210903 20:20:35.438"/>
</kw>
<kw name="Maximize Browser Window" library="SeleniumLibrary">
<doc>Maximizes current browser window.</doc>
<status status="PASS" starttime="20210903 20:20:35.443" endtime="20210903 20:20:35.599"/>
</kw>
<kw name="Set Selenium Speed" library="SeleniumLibrary">
<arg>${speed}</arg>
<doc>Sets the delay that is waited after each Selenium command.</doc>
<status status="PASS" starttime="20210903 20:20:35.600" endtime="20210903 20:20:35.600"/>
</kw>
<kw name="Go To" library="SeleniumLibrary">
<arg>${url}</arg>
<doc>Navigates the current browser window to the provided ``url``.</doc>
<msg timestamp="20210903 20:20:35.601" level="INFO">Opening url 'https://www.officemate.co.th/en'</msg>
<status status="PASS" starttime="20210903 20:20:35.601" endtime="20210903 20:21:32.528"/>
</kw>
<status status="PASS" starttime="20210903 20:20:33.944" endtime="20210903 20:21:32.528"/>
</kw>
<kw name="Verify message">
<arg>zxcvbnmasdfgh</arg>
<kw name="Input value" library="Home">
<arg>${valueNotExisted}</arg>
<kw name="Close popup if it appeared" library="Home">
<kw name="Run Keyword And Ignore Error" library="BuiltIn">
<arg>SeleniumLibrary.Element Should Be Visible</arg>
<arg>${home.frame}</arg>
<doc>Runs the given keyword with the given arguments and ignores possible error.</doc>
<kw name="Element Should Be Visible" library="SeleniumLibrary">
<arg>${home.frame}</arg>
<doc>Verifies that the element identified by ``locator`` is visible.</doc>
<msg timestamp="20210903 20:21:32.869" level="INFO">Element 'xpath=//iframe[contains(@classname,'sp-fancybox-iframe')]' is displayed.</msg>
<status status="PASS" starttime="20210903 20:21:32.537" endtime="20210903 20:21:32.870"/>
</kw>
<status status="PASS" starttime="20210903 20:21:32.536" endtime="20210903 20:21:32.870"/>
</kw>
<kw name="Run Keyword And Ignore Error" library="BuiltIn">
<arg>SeleniumLibrary.Select Frame</arg>
<arg>${home.frame}</arg>
<doc>Runs the given keyword with the given arguments and ignores possible error.</doc>
<kw name="Select Frame" library="SeleniumLibrary">
<arg>${home.frame}</arg>
<doc>Sets frame identified by ``locator`` as the current frame.</doc>
<msg timestamp="20210903 20:21:32.882" level="INFO">Selecting frame 'xpath=//iframe[contains(@classname,'sp-fancybox-iframe')]'.</msg>
<status status="PASS" starttime="20210903 20:21:32.874" endtime="20210903 20:21:33.394"/>
</kw>
<status status="PASS" starttime="20210903 20:21:32.873" endtime="20210903 20:21:33.395"/>
</kw>
<kw name="Run Keyword And Ignore Error" library="BuiltIn">
<arg>Click Element</arg>
<arg>${home.x_button}</arg>
<doc>Runs the given keyword with the given arguments and ignores possible error.</doc>
<kw name="Click Element" library="Common_Keywords">
<arg>${home.x_button}</arg>
<kw name="Wait Until Element Is Visible" library="SeleniumLibrary">
<arg>${locator}</arg>
<arg>timeout=${timeout}</arg>
<doc>Waits until the element ``locator`` is visible.</doc>
<status status="PASS" starttime="20210903 20:21:33.413" endtime="20210903 20:21:33.822"/>
</kw>
<kw name="Click Element" library="SeleniumLibrary">
<arg>${locator}</arg>
<doc>Click the element identified by ``locator``.</doc>
<msg timestamp="20210903 20:21:33.822" level="INFO">Clicking element 'xpath=//i[@id='icon-close-button-1454703945249']'.</msg>
<status status="PASS" starttime="20210903 20:21:33.822" endtime="20210903 20:21:34.271"/>
</kw>
<status status="PASS" starttime="20210903 20:21:33.396" endtime="20210903 20:21:34.271"/>
</kw>
<status status="PASS" starttime="20210903 20:21:33.396" endtime="20210903 20:21:34.271"/>
</kw>
<kw name="Run Keyword And Ignore Error" library="BuiltIn">
<arg>SeleniumLibrary.Unselect Frame</arg>
<doc>Runs the given keyword with the given arguments and ignores possible error.</doc>
<kw name="Unselect Frame" library="SeleniumLibrary">
<doc>Sets the main frame as the current frame.</doc>
<status status="PASS" starttime="20210903 20:21:34.272" endtime="20210903 20:21:34.386"/>
</kw>
<status status="PASS" starttime="20210903 20:21:34.271" endtime="20210903 20:21:34.386"/>
</kw>
<status status="PASS" starttime="20210903 20:21:32.535" endtime="20210903 20:21:34.389"/>
</kw>
<kw name="Input data" library="Common_Keywords">
<arg>${home.search_textbox}</arg>
<arg>${value}</arg>
<kw name="Input Text" library="SeleniumLibrary">
<arg>${locator}</arg>
<arg>${value}</arg>
<doc>Types the given ``text`` into the text field identified by ``locator``.</doc>
<msg timestamp="20210903 20:21:34.391" level="INFO">Typing text 'zxcvbnmasdfgh' into text field 'xpath=//input[@data-testid='txt-SearchBar']'.</msg>
<status status="PASS" starttime="20210903 20:21:34.391" endtime="20210903 20:21:35.139"/>
</kw>
<status status="PASS" starttime="20210903 20:21:34.390" endtime="20210903 20:21:35.142"/>
</kw>
<status status="PASS" starttime="20210903 20:21:32.534" endtime="20210903 20:21:35.143"/>
</kw>
<kw name="Click on submit button" library="Home">
<kw name="Click Element" library="Common_Keywords">
<arg>${home.submit_button}</arg>
<kw name="Wait Until Element Is Visible" library="SeleniumLibrary">
<arg>${locator}</arg>
<arg>timeout=${timeout}</arg>
<doc>Waits until the element ``locator`` is visible.</doc>
<status status="PASS" starttime="20210903 20:21:35.148" endtime="20210903 20:21:35.471"/>
</kw>
<kw name="Click Element" library="SeleniumLibrary">
<arg>${locator}</arg>
<doc>Click the element identified by ``locator``.</doc>
<msg timestamp="20210903 20:21:35.476" level="INFO">Clicking element 'xpath=//div[@id='btn-searchResultPage']'.</msg>
<status status="PASS" starttime="20210903 20:21:35.473" endtime="20210903 20:21:35.939"/>
</kw>
<status status="PASS" starttime="20210903 20:21:35.148" endtime="20210903 20:21:35.939"/>
</kw>
<status status="PASS" starttime="20210903 20:21:35.144" endtime="20210903 20:21:35.940"/>
</kw>
<kw name="Verify title message" library="Home">
<arg>${valueNotExisted}</arg>
<kw name="Wait Until Element Contains" library="SeleniumLibrary">
<arg>${home.title_message}</arg>
<arg>${value}</arg>
<arg>${GLOBALTIMEOUT}</arg>
<doc>Waits until the element ``locator`` contains ``text``.</doc>
<status status="PASS" starttime="20210903 20:21:35.940" endtime="20210903 20:21:42.164"/>
</kw>
<status status="PASS" starttime="20210903 20:21:35.940" endtime="20210903 20:21:42.164"/>
</kw>
<status status="PASS" starttime="20210903 20:21:32.533" endtime="20210903 20:21:42.165"/>
</kw>
<kw name="Close Browser" library="SeleniumLibrary" type="TEARDOWN">
<doc>Closes the current browser.</doc>
<status status="PASS" starttime="20210903 20:21:42.167" endtime="20210903 20:21:44.830"/>
</kw>
<status status="PASS" starttime="20210903 20:20:33.938" endtime="20210903 20:21:44.833"/>
</test>
<test id="s1-s3-t2" name="Test case 3: Verify message when searching data is not exist in db">
<kw name="Open Browser To Page" library="Common_Keywords" type="SETUP">
<arg>${page_url}</arg>
<kw name="Evaluate" library="BuiltIn">
<var>${options}</var>
<arg>sys.modules['selenium.webdriver'].ChromeOptions()</arg>
<arg>sys</arg>
<doc>Evaluates the given expression in Python and returns the result.</doc>
<msg timestamp="20210903 20:21:44.846" level="INFO">${options} = &lt;selenium.webdriver.chrome.options.Options object at 0x0000019F93ADA370&gt;</msg>
<status status="PASS" starttime="20210903 20:21:44.845" endtime="20210903 20:21:44.846"/>
</kw>
<kw name="Create Dictionary" library="BuiltIn">
<var>${exclude}</var>
<arg>"fasp"=True</arg>
<doc>Creates and returns a dictionary based on the given ``items``.</doc>
<msg timestamp="20210903 20:21:44.847" level="INFO">${exclude} = {'"fasp"': 'True'}</msg>
<status status="PASS" starttime="20210903 20:21:44.847" endtime="20210903 20:21:44.848"/>
</kw>
<kw name="Create Dictionary" library="BuiltIn">
<var>${prefs}</var>
<arg>protocol_handler.excluded_schemes=${exclude}</arg>
<doc>Creates and returns a dictionary based on the given ``items``.</doc>
<msg timestamp="20210903 20:21:44.850" level="INFO">${prefs} = {'protocol_handler.excluded_schemes': {'"fasp"': 'True'}}</msg>
<status status="PASS" starttime="20210903 20:21:44.848" endtime="20210903 20:21:44.850"/>
</kw>
<kw name="Call Method" library="BuiltIn">
<arg>${options}</arg>
<arg>add_argument</arg>
<arg>--disable-infobars</arg>
<doc>Calls the named method of the given object with the provided arguments.</doc>
<status status="PASS" starttime="20210903 20:21:44.850" endtime="20210903 20:21:44.851"/>
</kw>
<kw name="Call Method" library="BuiltIn">
<arg>${options}</arg>
<arg>add_argument</arg>
<arg>--disable-notifications</arg>
<doc>Calls the named method of the given object with the provided arguments.</doc>
<status status="PASS" starttime="20210903 20:21:44.851" endtime="20210903 20:21:44.851"/>
</kw>
<kw name="Call Method" library="BuiltIn">
<arg>${options}</arg>
<arg>add_experimental_option</arg>
<arg>prefs</arg>
<arg>${prefs}</arg>
<doc>Calls the named method of the given object with the provided arguments.</doc>
<status status="PASS" starttime="20210903 20:21:44.851" endtime="20210903 20:21:44.852"/>
</kw>
<kw name="Create Webdriver" library="SeleniumLibrary">
<arg>Chrome</arg>
<arg>chrome_options=${options}</arg>
<doc>Creates an instance of Selenium WebDriver.</doc>
<msg timestamp="20210903 20:21:44.852" level="INFO">Creating an instance of the Chrome WebDriver.</msg>
<status status="PASS" starttime="20210903 20:21:44.852" endtime="20210903 20:21:46.460"/>
</kw>
<kw name="Maximize Browser Window" library="SeleniumLibrary">
<doc>Maximizes current browser window.</doc>
<status status="PASS" starttime="20210903 20:21:46.461" endtime="20210903 20:21:46.591"/>
</kw>
<kw name="Set Selenium Speed" library="SeleniumLibrary">
<arg>${speed}</arg>
<doc>Sets the delay that is waited after each Selenium command.</doc>
<status status="PASS" starttime="20210903 20:21:46.591" endtime="20210903 20:21:46.593"/>
</kw>
<kw name="Go To" library="SeleniumLibrary">
<arg>${url}</arg>
<doc>Navigates the current browser window to the provided ``url``.</doc>
<msg timestamp="20210903 20:21:46.594" level="INFO">Opening url 'https://www.officemate.co.th/en'</msg>
<status status="PASS" starttime="20210903 20:21:46.593" endtime="20210903 20:22:18.579"/>
</kw>
<status status="PASS" starttime="20210903 20:21:44.845" endtime="20210903 20:22:18.579"/>
</kw>
<kw name="Verify message">
<arg>fdfdf%$@&amp;^</arg>
<kw name="Input value" library="Home">
<arg>${valueNotExisted}</arg>
<kw name="Close popup if it appeared" library="Home">
<kw name="Run Keyword And Ignore Error" library="BuiltIn">
<arg>SeleniumLibrary.Element Should Be Visible</arg>
<arg>${home.frame}</arg>
<doc>Runs the given keyword with the given arguments and ignores possible error.</doc>
<kw name="Element Should Be Visible" library="SeleniumLibrary">
<arg>${home.frame}</arg>
<doc>Verifies that the element identified by ``locator`` is visible.</doc>
<msg timestamp="20210903 20:22:19.839" level="INFO">Element 'xpath=//iframe[contains(@classname,'sp-fancybox-iframe')]' is displayed.</msg>
<status status="PASS" starttime="20210903 20:22:18.582" endtime="20210903 20:22:19.839"/>
</kw>
<status status="PASS" starttime="20210903 20:22:18.582" endtime="20210903 20:22:19.840"/>
</kw>
<kw name="Run Keyword And Ignore Error" library="BuiltIn">
<arg>SeleniumLibrary.Select Frame</arg>
<arg>${home.frame}</arg>
<doc>Runs the given keyword with the given arguments and ignores possible error.</doc>
<kw name="Select Frame" library="SeleniumLibrary">
<arg>${home.frame}</arg>
<doc>Sets frame identified by ``locator`` as the current frame.</doc>
<msg timestamp="20210903 20:22:19.847" level="INFO">Selecting frame 'xpath=//iframe[contains(@classname,'sp-fancybox-iframe')]'.</msg>
<status status="PASS" starttime="20210903 20:22:19.842" endtime="20210903 20:22:20.480"/>
</kw>
<status status="PASS" starttime="20210903 20:22:19.841" endtime="20210903 20:22:20.481"/>
</kw>
<kw name="Run Keyword And Ignore Error" library="BuiltIn">
<arg>Click Element</arg>
<arg>${home.x_button}</arg>
<doc>Runs the given keyword with the given arguments and ignores possible error.</doc>
<kw name="Click Element" library="Common_Keywords">
<arg>${home.x_button}</arg>
<kw name="Wait Until Element Is Visible" library="SeleniumLibrary">
<arg>${locator}</arg>
<arg>timeout=${timeout}</arg>
<doc>Waits until the element ``locator`` is visible.</doc>
<status status="PASS" starttime="20210903 20:22:20.485" endtime="20210903 20:22:20.768"/>
</kw>
<kw name="Click Element" library="SeleniumLibrary">
<arg>${locator}</arg>
<doc>Click the element identified by ``locator``.</doc>
<msg timestamp="20210903 20:22:20.769" level="INFO">Clicking element 'xpath=//i[@id='icon-close-button-1454703945249']'.</msg>
<status status="PASS" starttime="20210903 20:22:20.768" endtime="20210903 20:22:21.277"/>
</kw>
<status status="PASS" starttime="20210903 20:22:20.482" endtime="20210903 20:22:21.279"/>
</kw>
<status status="PASS" starttime="20210903 20:22:20.481" endtime="20210903 20:22:21.281"/>
</kw>
<kw name="Run Keyword And Ignore Error" library="BuiltIn">
<arg>SeleniumLibrary.Unselect Frame</arg>
<doc>Runs the given keyword with the given arguments and ignores possible error.</doc>
<kw name="Unselect Frame" library="SeleniumLibrary">
<doc>Sets the main frame as the current frame.</doc>
<status status="PASS" starttime="20210903 20:22:21.283" endtime="20210903 20:22:21.400"/>
</kw>
<status status="PASS" starttime="20210903 20:22:21.282" endtime="20210903 20:22:21.400"/>
</kw>
<status status="PASS" starttime="20210903 20:22:18.582" endtime="20210903 20:22:21.400"/>
</kw>
<kw name="Input data" library="Common_Keywords">
<arg>${home.search_textbox}</arg>
<arg>${value}</arg>
<kw name="Input Text" library="SeleniumLibrary">
<arg>${locator}</arg>
<arg>${value}</arg>
<doc>Types the given ``text`` into the text field identified by ``locator``.</doc>
<msg timestamp="20210903 20:22:21.406" level="INFO">Typing text 'fdfdf%$@&amp;^' into text field 'xpath=//input[@data-testid='txt-SearchBar']'.</msg>
<status status="PASS" starttime="20210903 20:22:21.403" endtime="20210903 20:22:22.004"/>
</kw>
<status status="PASS" starttime="20210903 20:22:21.400" endtime="20210903 20:22:22.004"/>
</kw>
<status status="PASS" starttime="20210903 20:22:18.581" endtime="20210903 20:22:22.004"/>
</kw>
<kw name="Click on submit button" library="Home">
<kw name="Click Element" library="Common_Keywords">
<arg>${home.submit_button}</arg>
<kw name="Wait Until Element Is Visible" library="SeleniumLibrary">
<arg>${locator}</arg>
<arg>timeout=${timeout}</arg>
<doc>Waits until the element ``locator`` is visible.</doc>
<status status="PASS" starttime="20210903 20:22:22.019" endtime="20210903 20:22:22.320"/>
</kw>
<kw name="Click Element" library="SeleniumLibrary">
<arg>${locator}</arg>
<doc>Click the element identified by ``locator``.</doc>
<msg timestamp="20210903 20:22:22.321" level="INFO">Clicking element 'xpath=//div[@id='btn-searchResultPage']'.</msg>
<status status="PASS" starttime="20210903 20:22:22.320" endtime="20210903 20:22:22.714"/>
</kw>
<status status="PASS" starttime="20210903 20:22:22.008" endtime="20210903 20:22:22.715"/>
</kw>
<status status="PASS" starttime="20210903 20:22:22.007" endtime="20210903 20:22:22.716"/>
</kw>
<kw name="Verify title message" library="Home">
<arg>${valueNotExisted}</arg>
<kw name="Wait Until Element Contains" library="SeleniumLibrary">
<arg>${home.title_message}</arg>
<arg>${value}</arg>
<arg>${GLOBALTIMEOUT}</arg>
<doc>Waits until the element ``locator`` contains ``text``.</doc>
<kw name="Capture Page Screenshot" library="SeleniumLibrary">
<doc>Takes a screenshot of the current page and embeds it into a log file.</doc>
<msg timestamp="20210903 20:22:53.551" level="INFO" html="true">&lt;/td&gt;&lt;/tr&gt;&lt;tr&gt;&lt;td colspan="3"&gt;&lt;a href="selenium-screenshot-10.png"&gt;&lt;img src="selenium-screenshot-10.png" width="800px"&gt;&lt;/a&gt;</msg>
<status status="PASS" starttime="20210903 20:22:53.018" endtime="20210903 20:22:53.552"/>
</kw>
<msg timestamp="20210903 20:22:53.557" level="FAIL">Element with locator 'xpath=//div[@class='title']' not found.</msg>
<status status="FAIL" starttime="20210903 20:22:22.717" endtime="20210903 20:22:53.558"/>
</kw>
<status status="FAIL" starttime="20210903 20:22:22.716" endtime="20210903 20:22:53.561"/>
</kw>
<status status="FAIL" starttime="20210903 20:22:18.580" endtime="20210903 20:22:53.563"/>
</kw>
<kw name="Close Browser" library="SeleniumLibrary" type="TEARDOWN">
<doc>Closes the current browser.</doc>
<status status="PASS" starttime="20210903 20:22:53.567" endtime="20210903 20:22:56.202"/>
</kw>
<status status="FAIL" starttime="20210903 20:21:44.841" endtime="20210903 20:22:56.204">Element with locator 'xpath=//div[@class='title']' not found.</status>
</test>
<test id="s1-s3-t3" name="Test case 3: Verify message when searching data is not exist in db">
<kw name="Open Browser To Page" library="Common_Keywords" type="SETUP">
<arg>${page_url}</arg>
<kw name="Evaluate" library="BuiltIn">
<var>${options}</var>
<arg>sys.modules['selenium.webdriver'].ChromeOptions()</arg>
<arg>sys</arg>
<doc>Evaluates the given expression in Python and returns the result.</doc>
<msg timestamp="20210903 20:22:56.233" level="INFO">${options} = &lt;selenium.webdriver.chrome.options.Options object at 0x0000019F93AF9AC0&gt;</msg>
<status status="PASS" starttime="20210903 20:22:56.229" endtime="20210903 20:22:56.233"/>
</kw>
<kw name="Create Dictionary" library="BuiltIn">
<var>${exclude}</var>
<arg>"fasp"=True</arg>
<doc>Creates and returns a dictionary based on the given ``items``.</doc>
<msg timestamp="20210903 20:22:56.234" level="INFO">${exclude} = {'"fasp"': 'True'}</msg>
<status status="PASS" starttime="20210903 20:22:56.234" endtime="20210903 20:22:56.234"/>
</kw>
<kw name="Create Dictionary" library="BuiltIn">
<var>${prefs}</var>
<arg>protocol_handler.excluded_schemes=${exclude}</arg>
<doc>Creates and returns a dictionary based on the given ``items``.</doc>
<msg timestamp="20210903 20:22:56.238" level="INFO">${prefs} = {'protocol_handler.excluded_schemes': {'"fasp"': 'True'}}</msg>
<status status="PASS" starttime="20210903 20:22:56.234" endtime="20210903 20:22:56.238"/>
</kw>
<kw name="Call Method" library="BuiltIn">
<arg>${options}</arg>
<arg>add_argument</arg>
<arg>--disable-infobars</arg>
<doc>Calls the named method of the given object with the provided arguments.</doc>
<status status="PASS" starttime="20210903 20:22:56.239" endtime="20210903 20:22:56.240"/>
</kw>
<kw name="Call Method" library="BuiltIn">
<arg>${options}</arg>
<arg>add_argument</arg>
<arg>--disable-notifications</arg>
<doc>Calls the named method of the given object with the provided arguments.</doc>
<status status="PASS" starttime="20210903 20:22:56.241" endtime="20210903 20:22:56.241"/>
</kw>
<kw name="Call Method" library="BuiltIn">
<arg>${options}</arg>
<arg>add_experimental_option</arg>
<arg>prefs</arg>
<arg>${prefs}</arg>
[...]
<status status="PASS" starttime="20210903 20:27:19.072" endtime="20210903 20:27:19.072"/>
</kw>
<kw name="Should Contain" library="BuiltIn">
<arg>${product_name}</arg>
<arg>${value}</arg>
<doc>Fails if ``container`` does not contain ``item`` one or more times.</doc>
<status status="PASS" starttime="20210903 20:27:19.072" endtime="20210903 20:27:19.072"/>
</kw>
<status status="PASS" starttime="20210903 20:27:18.852" endtime="20210903 20:27:19.072"/>
</iter>
<iter>
<var name="${item}">&lt;selenium.webdriver.remote.webelement.WebElement (session="bf1d559ee1d1cfa441a3285c3a94dc55", element="6d3e9a86-57b8-45cb-b263-0702ede00ad5")&gt;</var>
<kw name="Get Text" library="SeleniumLibrary">
<var>${text}</var>
<arg>${item}</arg>
<doc>Returns the text value of the element identified by ``locator``.</doc>
<msg timestamp="20210903 20:27:19.311" level="INFO">${text} = LG Air Purifier AAFTDT101.ASTD</msg>
<status status="PASS" starttime="20210903 20:27:19.078" endtime="20210903 20:27:19.311"/>
</kw>
<kw name="Convert To Upper Case" library="String">
<var>${product_name}</var>
<arg>${text}</arg>
<doc>Converts string to upper case.</doc>
<msg timestamp="20210903 20:27:19.314" level="INFO">${product_name} = LG AIR PURIFIER AAFTDT101.ASTD</msg>
<status status="PASS" starttime="20210903 20:27:19.313" endtime="20210903 20:27:19.315"/>
</kw>
<kw name="Should Contain" library="BuiltIn">
<arg>${product_name}</arg>
<arg>${value}</arg>
<doc>Fails if ``container`` does not contain ``item`` one or more times.</doc>
<status status="PASS" starttime="20210903 20:27:19.315" endtime="20210903 20:27:19.318"/>
</kw>
<status status="PASS" starttime="20210903 20:27:19.072" endtime="20210903 20:27:19.318"/>
</iter>
<iter>
<var name="${item}">&lt;selenium.webdriver.remote.webelement.WebElement (session="bf1d559ee1d1cfa441a3285c3a94dc55", element="5fa45534-4e85-4d13-8d59-a74ef902890f")&gt;</var>
<kw name="Get Text" library="SeleniumLibrary">
<var>${text}</var>
<arg>${item}</arg>
<doc>Returns the text value of the element identified by ``locator``.</doc>
<msg timestamp="20210903 20:27:19.529" level="INFO">${text} = LG Sound Bar SN6Y.DTHALLK</msg>
<status status="PASS" starttime="20210903 20:27:19.318" endtime="20210903 20:27:19.529"/>
</kw>
<kw name="Convert To Upper Case" library="String">
<var>${product_name}</var>
<arg>${text}</arg>
<doc>Converts string to upper case.</doc>
<msg timestamp="20210903 20:27:19.529" level="INFO">${product_name} = LG SOUND BAR SN6Y.DTHALLK</msg>
<status status="PASS" starttime="20210903 20:27:19.529" endtime="20210903 20:27:19.529"/>
</kw>
<kw name="Should Contain" library="BuiltIn">
<arg>${product_name}</arg>
<arg>${value}</arg>
<doc>Fails if ``container`` does not contain ``item`` one or more times.</doc>
<status status="PASS" starttime="20210903 20:27:19.529" endtime="20210903 20:27:19.529"/>
</kw>
<status status="PASS" starttime="20210903 20:27:19.318" endtime="20210903 20:27:19.529"/>
</iter>
<iter>
<var name="${item}">&lt;selenium.webdriver.remote.webelement.WebElement (session="bf1d559ee1d1cfa441a3285c3a94dc55", element="e549749f-f57a-40f7-84a9-58da705e52bc")&gt;</var>
<kw name="Get Text" library="SeleniumLibrary">
<var>${text}</var>
<arg>${item}</arg>
<doc>Returns the text value of the element identified by ``locator``.</doc>
<msg timestamp="20210903 20:27:19.699" level="INFO">${text} = LG PA Speaker ON7.DTHALLK</msg>
<status status="PASS" starttime="20210903 20:27:19.529" endtime="20210903 20:27:19.699"/>
</kw>
<kw name="Convert To Upper Case" library="String">
<var>${product_name}</var>
<arg>${text}</arg>
<doc>Converts string to upper case.</doc>
<msg timestamp="20210903 20:27:19.701" level="INFO">${product_name} = LG PA SPEAKER ON7.DTHALLK</msg>
<status status="PASS" starttime="20210903 20:27:19.700" endtime="20210903 20:27:19.701"/>
</kw>
<kw name="Should Contain" library="BuiltIn">
<arg>${product_name}</arg>
<arg>${value}</arg>
<doc>Fails if ``container`` does not contain ``item`` one or more times.</doc>
<status status="PASS" starttime="20210903 20:27:19.703" endtime="20210903 20:27:19.704"/>
</kw>
<status status="PASS" starttime="20210903 20:27:19.529" endtime="20210903 20:27:19.704"/>
</iter>
<iter>
<var name="${item}">&lt;selenium.webdriver.remote.webelement.WebElement (session="bf1d559ee1d1cfa441a3285c3a94dc55", element="ca8461da-bace-4f5d-a889-cee570cd790f")&gt;</var>
<kw name="Get Text" library="SeleniumLibrary">
<var>${text}</var>
<arg>${item}</arg>
<doc>Returns the text value of the element identified by ``locator``.</doc>
<msg timestamp="20210903 20:27:19.859" level="INFO">${text} = LG PA Speaker ON9.DTHALLK</msg>
<status status="PASS" starttime="20210903 20:27:19.704" endtime="20210903 20:27:19.859"/>
</kw>
<kw name="Convert To Upper Case" library="String">
<var>${product_name}</var>
<arg>${text}</arg>
<doc>Converts string to upper case.</doc>
<msg timestamp="20210903 20:27:19.860" level="INFO">${product_name} = LG PA SPEAKER ON9.DTHALLK</msg>
<status status="PASS" starttime="20210903 20:27:19.859" endtime="20210903 20:27:19.860"/>
</kw>
<kw name="Should Contain" library="BuiltIn">
<arg>${product_name}</arg>
<arg>${value}</arg>
<doc>Fails if ``container`` does not contain ``item`` one or more times.</doc>
<status status="PASS" starttime="20210903 20:27:19.861" endtime="20210903 20:27:19.861"/>
</kw>
<status status="PASS" starttime="20210903 20:27:19.704" endtime="20210903 20:27:19.862"/>
</iter>
<iter>
<var name="${item}">&lt;selenium.webdriver.remote.webelement.WebElement (session="bf1d559ee1d1cfa441a3285c3a94dc55", element="15a1fa01-da05-494c-b386-db4b50c80b4c")&gt;</var>
<kw name="Get Text" library="SeleniumLibrary">
<var>${text}</var>
<arg>${item}</arg>
<doc>Returns the text value of the element identified by ``locator``.</doc>
<msg timestamp="20210903 20:27:19.988" level="INFO">${text} = LG PA Speaker ON5.DTHALLK</msg>
<status status="PASS" starttime="20210903 20:27:19.862" endtime="20210903 20:27:19.988"/>
</kw>
<kw name="Convert To Upper Case" library="String">
<var>${product_name}</var>
<arg>${text}</arg>
<doc>Converts string to upper case.</doc>
<msg timestamp="20210903 20:27:19.988" level="INFO">${product_name} = LG PA SPEAKER ON5.DTHALLK</msg>
<status status="PASS" starttime="20210903 20:27:19.988" endtime="20210903 20:27:19.988"/>
</kw>
<kw name="Should Contain" library="BuiltIn">
<arg>${product_name}</arg>
<arg>${value}</arg>
<doc>Fails if ``container`` does not contain ``item`` one or more times.</doc>
<status status="PASS" starttime="20210903 20:27:19.988" endtime="20210903 20:27:19.988"/>
</kw>
<status status="PASS" starttime="20210903 20:27:19.862" endtime="20210903 20:27:19.988"/>
</iter>
<iter>
<var name="${item}">&lt;selenium.webdriver.remote.webelement.WebElement (session="bf1d559ee1d1cfa441a3285c3a94dc55", element="ac759654-5381-48ef-8f0c-6b304415965e")&gt;</var>
<kw name="Get Text" library="SeleniumLibrary">
<var>${text}</var>
<arg>${item}</arg>
<doc>Returns the text value of the element identified by ``locator``.</doc>
<msg timestamp="20210903 20:27:20.117" level="INFO">${text} = Pierre Cardin 622004 Pen Triomphe K620620LG Ligh</msg>
<status status="PASS" starttime="20210903 20:27:19.988" endtime="20210903 20:27:20.117"/>
</kw>
<kw name="Convert To Upper Case" library="String">
<var>${product_name}</var>
<arg>${text}</arg>
<doc>Converts string to upper case.</doc>
<msg timestamp="20210903 20:27:20.118" level="INFO">${product_name} = PIERRE CARDIN 622004 PEN TRIOMPHE K620620LG LIGH</msg>
<status status="PASS" starttime="20210903 20:27:20.118" endtime="20210903 20:27:20.118"/>
</kw>
<kw name="Should Contain" library="BuiltIn">
<arg>${product_name}</arg>
<arg>${value}</arg>
<doc>Fails if ``container`` does not contain ``item`` one or more times.</doc>
<status status="PASS" starttime="20210903 20:27:20.119" endtime="20210903 20:27:20.120"/>
</kw>
<status status="PASS" starttime="20210903 20:27:19.988" endtime="20210903 20:27:20.120"/>
</iter>
<iter>
<var name="${item}">&lt;selenium.webdriver.remote.webelement.WebElement (session="bf1d559ee1d1cfa441a3285c3a94dc55", element="917392f7-da26-4a0f-8ece-919b2e54d31e")&gt;</var>
<kw name="Get Text" library="SeleniumLibrary">
<var>${text}</var>
<arg>${item}</arg>
<doc>Returns the text value of the element identified by ``locator``.</doc>
<msg timestamp="20210903 20:27:20.271" level="INFO">${text} = LG Car Air Purifier Stand AAHDMC01.ASTD</msg>
<status status="PASS" starttime="20210903 20:27:20.120" endtime="20210903 20:27:20.271"/>
</kw>
<kw name="Convert To Upper Case" library="String">
<var>${product_name}</var>
<arg>${text}</arg>
<doc>Converts string to upper case.</doc>
<msg timestamp="20210903 20:27:20.273" level="INFO">${product_name} = LG CAR AIR PURIFIER STAND AAHDMC01.ASTD</msg>
<status status="PASS" starttime="20210903 20:27:20.272" endtime="20210903 20:27:20.273"/>
</kw>
<kw name="Should Contain" library="BuiltIn">
<arg>${product_name}</arg>
<arg>${value}</arg>
<doc>Fails if ``container`` does not contain ``item`` one or more times.</doc>
<status status="PASS" starttime="20210903 20:27:20.273" endtime="20210903 20:27:20.273"/>
</kw>
<status status="PASS" starttime="20210903 20:27:20.120" endtime="20210903 20:27:20.273"/>
</iter>
<iter>
<var name="${item}">&lt;selenium.webdriver.remote.webelement.WebElement (session="bf1d559ee1d1cfa441a3285c3a94dc55", element="4a8b3676-d835-4d49-adaf-9c4b0ff778a0")&gt;</var>
<kw name="Get Text" library="SeleniumLibrary">
<var>${text}</var>
<arg>${item}</arg>
<doc>Returns the text value of the element identified by ``locator``.</doc>
<msg timestamp="20210903 20:27:20.408" level="INFO">${text} = White LG Puricare Gen 2 AP551AWFA.ABAE</msg>
<status status="PASS" starttime="20210903 20:27:20.273" endtime="20210903 20:27:20.408"/>
</kw>
<kw name="Convert To Upper Case" library="String">
<var>${product_name}</var>
<arg>${text}</arg>
<doc>Converts string to upper case.</doc>
<msg timestamp="20210903 20:27:20.408" level="INFO">${product_name} = WHITE LG PURICARE GEN 2 AP551AWFA.ABAE</msg>
<status status="PASS" starttime="20210903 20:27:20.408" endtime="20210903 20:27:20.408"/>
</kw>
<kw name="Should Contain" library="BuiltIn">
<arg>${product_name}</arg>
<arg>${value}</arg>
<doc>Fails if ``container`` does not contain ``item`` one or more times.</doc>
<status status="PASS" starttime="20210903 20:27:20.408" endtime="20210903 20:27:20.408"/>
</kw>
<status status="PASS" starttime="20210903 20:27:20.273" endtime="20210903 20:27:20.408"/>
</iter>
<iter>
<var name="${item}">&lt;selenium.webdriver.remote.webelement.WebElement (session="bf1d559ee1d1cfa441a3285c3a94dc55", element="91b2c451-dd9f-425e-b98d-3fbbe1b67649")&gt;</var>
<kw name="Get Text" library="SeleniumLibrary">
<var>${text}</var>
<arg>${item}</arg>
<doc>Returns the text value of the element identified by ``locator``.</doc>
<msg timestamp="20210903 20:27:20.528" level="INFO">${text} = White Air LG IVQ10_S1.JL1</msg>
<status status="PASS" starttime="20210903 20:27:20.408" endtime="20210903 20:27:20.528"/>
</kw>
<kw name="Convert To Upper Case" library="String">
<var>${product_name}</var>
<arg>${text}</arg>
<doc>Converts string to upper case.</doc>
<msg timestamp="20210903 20:27:20.528" level="INFO">${product_name} = WHITE AIR LG IVQ10_S1.JL1</msg>
<status status="PASS" starttime="20210903 20:27:20.528" endtime="20210903 20:27:20.528"/>
</kw>
<kw name="Should Contain" library="BuiltIn">
<arg>${product_name}</arg>
<arg>${value}</arg>
<doc>Fails if ``container`` does not contain ``item`` one or more times.</doc>
<status status="PASS" starttime="20210903 20:27:20.528" endtime="20210903 20:27:20.528"/>
</kw>
<status status="PASS" starttime="20210903 20:27:20.408" endtime="20210903 20:27:20.528"/>
</iter>
<iter>
<var name="${item}">&lt;selenium.webdriver.remote.webelement.WebElement (session="bf1d559ee1d1cfa441a3285c3a94dc55", element="38b434c7-a3de-46ce-a092-01d12a46d1ff")&gt;</var>
<kw name="Get Text" library="SeleniumLibrary">
<var>${text}</var>
<arg>${item}</arg>
<doc>Returns the text value of the element identified by ``locator``.</doc>
<msg timestamp="20210903 20:27:20.661" level="INFO">${text} = Anitech LG03-3.5L Alcohol Gel 75% 3,500 ml.</msg>
<status status="PASS" starttime="20210903 20:27:20.528" endtime="20210903 20:27:20.661"/>
</kw>
<kw name="Convert To Upper Case" library="String">
<var>${product_name}</var>
<arg>${text}</arg>
<doc>Converts string to upper case.</doc>
<msg timestamp="20210903 20:27:20.663" level="INFO">${product_name} = ANITECH LG03-3.5L ALCOHOL GEL 75% 3,500 ML.</msg>
<status status="PASS" starttime="20210903 20:27:20.662" endtime="20210903 20:27:20.663"/>
</kw>
<kw name="Should Contain" library="BuiltIn">
<arg>${product_name}</arg>
<arg>${value}</arg>
<doc>Fails if ``container`` does not contain ``item`` one or more times.</doc>
<status status="PASS" starttime="20210903 20:27:20.663" endtime="20210903 20:27:20.663"/>
</kw>
<status status="PASS" starttime="20210903 20:27:20.528" endtime="20210903 20:27:20.663"/>
</iter>
<iter>
<var name="${item}">&lt;selenium.webdriver.remote.webelement.WebElement (session="bf1d559ee1d1cfa441a3285c3a94dc55", element="d2d13207-e447-4704-8be8-2d8f1dd4a7e8")&gt;</var>
<kw name="Get Text" library="SeleniumLibrary">
<var>${text}</var>
<arg>${item}</arg>
<doc>Returns the text value of the element identified by ``locator``.</doc>
<msg timestamp="20210903 20:27:20.821" level="INFO">${text} = Anitech LG03-1L Alcohol Gel 75% 1,000 ml.</msg>
<status status="PASS" starttime="20210903 20:27:20.667" endtime="20210903 20:27:20.822"/>
</kw>
<kw name="Convert To Upper Case" library="String">
<var>${product_name}</var>
<arg>${text}</arg>
<doc>Converts string to upper case.</doc>
<msg timestamp="20210903 20:27:20.823" level="INFO">${product_name} = ANITECH LG03-1L ALCOHOL GEL 75% 1,000 ML.</msg>
<status status="PASS" starttime="20210903 20:27:20.822" endtime="20210903 20:27:20.823"/>
</kw>
<kw name="Should Contain" library="BuiltIn">
<arg>${product_name}</arg>
<arg>${value}</arg>
<doc>Fails if ``container`` does not contain ``item`` one or more times.</doc>
<status status="PASS" starttime="20210903 20:27:20.823" endtime="20210903 20:27:20.823"/>
</kw>
<status status="PASS" starttime="20210903 20:27:20.663" endtime="20210903 20:27:20.823"/>
</iter>
<iter>
<var name="${item}">&lt;selenium.webdriver.remote.webelement.WebElement (session="bf1d559ee1d1cfa441a3285c3a94dc55", element="0944700d-014b-437c-9db0-55bb45aa499e")&gt;</var>
<kw name="Get Text" library="SeleniumLibrary">
<var>${text}</var>
<arg>${item}</arg>
<doc>Returns the text value of the element identified by ``locator``.</doc>
<msg timestamp="20210903 20:27:20.983" level="INFO">${text} = AFTERSHOKZ In-Ear Bluetooth Headphone AS800LG Lunar Grey Color width=""600"" height=""338"" frameborder=""0""</msg>
<status status="PASS" starttime="20210903 20:27:20.823" endtime="20210903 20:27:20.983"/>
</kw>
<kw name="Convert To Upper Case" library="String">
<var>${product_name}</var>
<arg>${text}</arg>
<doc>Converts string to upper case.</doc>
<msg timestamp="20210903 20:27:20.984" level="INFO">${product_name} = AFTERSHOKZ IN-EAR BLUETOOTH HEADPHONE AS800LG LUNAR GREY COLOR WIDTH=""600"" HEIGHT=""338"" FRAMEBORDER=""0""</msg>
<status status="PASS" starttime="20210903 20:27:20.983" endtime="20210903 20:27:20.984"/>
</kw>
<kw name="Should Contain" library="BuiltIn">
<arg>${product_name}</arg>
<arg>${value}</arg>
<doc>Fails if ``container`` does not contain ``item`` one or more times.</doc>
<status status="PASS" starttime="20210903 20:27:20.984" endtime="20210903 20:27:20.985"/>
</kw>
<status status="PASS" starttime="20210903 20:27:20.823" endtime="20210903 20:27:20.985"/>
</iter>
<iter>
<var name="${item}">&lt;selenium.webdriver.remote.webelement.WebElement (session="bf1d559ee1d1cfa441a3285c3a94dc55", element="75c286b5-7965-4e05-987e-87ec0f1338cd")&gt;</var>
<kw name="Get Text" library="SeleniumLibrary">
<var>${text}</var>
<arg>${item}</arg>
<doc>Returns the text value of the element identified by ``locator``.</doc>
<msg timestamp="20210903 20:27:21.114" level="INFO">${text} = FULL SIZE GOLD ACCENTED ROLL TOP CHAFER CAP.9 L NTSMART NTS1-CD-C9L-G</msg>
<status status="PASS" starttime="20210903 20:27:20.985" endtime="20210903 20:27:21.114"/>
</kw>
<kw name="Convert To Upper Case" library="String">
<var>${product_name}</var>
<arg>${text}</arg>
<doc>Converts string to upper case.</doc>
<msg timestamp="20210903 20:27:21.115" level="INFO">${product_name} = FULL SIZE GOLD ACCENTED ROLL TOP CHAFER CAP.9 L NTSMART NTS1-CD-C9L-G</msg>
<status status="PASS" starttime="20210903 20:27:21.114" endtime="20210903 20:27:21.115"/>
</kw>
<kw name="Should Contain" library="BuiltIn">
<arg>${product_name}</arg>
<arg>${value}</arg>
<doc>Fails if ``container`` does not contain ``item`` one or more times.</doc>
<msg timestamp="20210903 20:27:21.119" level="FAIL">'FULL SIZE GOLD ACCENTED ROLL TOP CHAFER CAP.9 L NTSMART NTS1-CD-C9L-G' does not contain 'LG'</msg>
<status status="FAIL" starttime="20210903 20:27:21.115" endtime="20210903 20:27:21.120"/>
</kw>
<status status="FAIL" starttime="20210903 20:27:20.985" endtime="20210903 20:27:21.120"/>
</iter>
<status status="FAIL" starttime="20210903 20:27:18.664" endtime="20210903 20:27:21.126"/>
</for>
<status status="FAIL" starttime="20210903 20:27:18.465" endtime="20210903 20:27:21.128"/>
</kw>
<status status="FAIL" starttime="20210903 20:27:18.464" endtime="20210903 20:27:21.128"/>
</kw>
<status status="FAIL" starttime="20210903 20:27:09.988" endtime="20210903 20:27:21.128"/>
</kw>
<kw name="Close Browser" library="SeleniumLibrary" type="TEARDOWN">
<doc>Closes the current browser.</doc>
<status status="PASS" starttime="20210903 20:27:21.137" endtime="20210903 20:27:23.578"/>
</kw>
<tag>search</tag>
<status status="FAIL" starttime="20210903 20:26:37.343" endtime="20210903 20:27:23.581">'FULL SIZE GOLD ACCENTED ROLL TOP CHAFER CAP.9 L NTSMART NTS1-CD-C9L-G' does not contain 'LG'</status>
</test>
<status status="FAIL" starttime="20210903 20:24:35.196" endtime="20210903 20:27:23.589"/>
</suite>
<status status="FAIL" starttime="20210903 20:16:20.165" endtime="20210903 20:27:23.595"/>
</suite>
<statistics>
<total>
<stat pass="6" fail="5" skip="0">All Tests</stat>
</total>
<tag>
<stat pass="5" fail="3" skip="0">search</stat>
</tag>
<suite>
<stat pass="6" fail="5" skip="0" id="s1" name="Search">Search</stat>
<stat pass="2" fail="0" skip="0" id="s1-s1" name="Search Ui">Search.Search Ui</stat>
<stat pass="2" fail="1" skip="0" id="s1-s2" name="Search Verify List Suggest">Search.Search Verify List Suggest</stat>
<stat pass="1" fail="2" skip="0" id="s1-s3" name="Search Verify Message">Search.Search Verify Message</stat>
<stat pass="1" fail="2" skip="0" id="s1-s4" name="Search Verify Product">Search.Search Verify Product</stat>
</suite>
</statistics>
<errors>
<msg timestamp="20210903 20:18:22.545" level="WARN">Multiple test cases with name 'Test case 2: Verify product suggestion' executed in test suite 'Search.Search Verify List Suggest'.</msg>
<msg timestamp="20210903 20:19:33.541" level="WARN">Multiple test cases with name 'Test case 2: Verify product suggestion' executed in test suite 'Search.Search Verify List Suggest'.</msg>
<msg timestamp="20210903 20:21:44.838" level="WARN">Multiple test cases with name 'Test case 3: Verify message when searching data is not exist in db' executed in test suite 'Search.Search Verify Message'.</msg>
<msg timestamp="20210903 20:22:56.212" level="WARN">Multiple test cases with name 'Test case 3: Verify message when searching data is not exist in db' executed in test suite 'Search.Search Verify Message'.</msg>
<msg timestamp="20210903 20:25:41.836" level="WARN">Multiple test cases with name 'Test case 1: Verify input into search text box' executed in test suite 'Search.Search Verify Product'.</msg>
<msg timestamp="20210903 20:26:37.341" level="WARN">Multiple test cases with name 'Test case 1: Verify input into search text box' executed in test suite 'Search.Search Verify Product'.</msg>
</errors>
</robot>
